2026-04-07 17:29:57+0300: Running with following config:
logDir = analysis_logs
maxVisits = 500
nnCacheSizePowerOfTwo = 23
nnMaxBatchSize = 64
nnMutexPoolSizePowerOfTwo = 17
nnRandomize = true
numAnalysisThreads = 2
numSearchThreads = 16
reportAnalysisWinratesAs = black

2026-04-07 17:29:57+0300: Analysis Engine starting...
2026-04-07 17:29:57+0300: KataGo v1.16.4
2026-04-07 17:29:57+0300: nnRandSeed0 = 14998213185864589852
2026-04-07 17:29:57+0300: After dedups: nnModelFile0 = D:\Projects\Hoshi\KataGo\default_model.bin.gz useFP16 auto useNHWC auto
2026-04-07 17:29:57+0300: Initializing neural net buffer to be size 19 * 19 allowing smaller boards
2026-04-07 17:30:02+0300: Cuda backend thread 0: Found GPU NVIDIA GeForce RTX 2060 memory 6441992192 compute capability major 7 minor 5
2026-04-07 17:30:02+0300: Cuda backend thread 0: Model version 15 useFP16 = true useNHWC = true
2026-04-07 17:30:02+0300: Cuda backend thread 0: Model name: zhizi_hzy_b28_muonfd2
2026-04-07 17:30:04+0300: Loaded config D:\Projects\Hoshi\KataGo\analysis_example.cfg and/or command-line and query overrides
2026-04-07 17:30:04+0300: Loaded model D:\Projects\Hoshi\KataGo\default_model.bin.gz
2026-04-07 17:30:04+0300: Config override: reportAnalysisWinratesAs = black
2026-04-07 17:30:04+0300: Analyzing up to 2 positions at a time in parallel
2026-04-07 17:30:04+0300: Started, ready to begin handling requests
2026-04-07 17:36:01+0300: Error: {"error":"Must be a integer or half-integer from -150.0 to 150.0","field":"rules","id":"analysis_1775572561697"}
2026-04-07 17:36:10+0300: Error: {"error":"Must be a integer or half-integer from -150.0 to 150.0","field":"rules","id":"analysis_1775572570667"}
2026-04-07 17:36:16+0300: Error: {"error":"Must be a integer or half-integer from -150.0 to 150.0","field":"rules","id":"analysis_1775572576040"}
2026-04-07 17:36:17+0300: Error: {"error":"Must be a integer or half-integer from -150.0 to 150.0","field":"rules","id":"analysis_1775572577152"}
2026-04-07 17:36:17+0300: Error: {"error":"Must be a integer or half-integer from -150.0 to 150.0","field":"rules","id":"analysis_1775572577661"}
2026-04-07 17:36:18+0300: Error: {"error":"Must be a integer or half-integer from -150.0 to 150.0","field":"rules","id":"analysis_1775572578023"}
2026-04-07 17:36:18+0300: Error: {"error":"Must be a integer or half-integer from -150.0 to 150.0","field":"rules","id":"analysis_1775572578647"}
2026-04-07 17:36:19+0300: Error: {"error":"Must be a integer or half-integer from -150.0 to 150.0","field":"rules","id":"analysis_1775572579045"}
2026-04-07 17:36:19+0300: Error: {"error":"Must be a integer or half-integer from -150.0 to 150.0","field":"rules","id":"analysis_1775572579399"}
2026-04-07 17:36:19+0300: Error: {"error":"Must be a integer or half-integer from -150.0 to 150.0","field":"rules","id":"analysis_1775572579559"}
2026-04-07 17:36:33+0300: Error: {"error":"Must be a integer or half-integer from -150.0 to 150.0","field":"rules","id":"analysis_1775572593014"}
2026-04-07 17:36:48+0300: Error: {"error":"Must be a integer or half-integer from -150.0 to 150.0","field":"rules","id":"analysis_1775572608104"}
2026-04-07 17:36:49+0300: Error: {"error":"Must be a integer or half-integer from -150.0 to 150.0","field":"rules","id":"analysis_1775572609318"}
2026-04-07 17:36:50+0300: Error: {"error":"Must be a integer or half-integer from -150.0 to 150.0","field":"rules","id":"analysis_1775572610690"}
