2026-04-22 12:45:27+0300: Running with following config:
logDir = analysis_logs
maxVisits = 500
nnCacheSizePowerOfTwo = 23
nnMaxBatchSize = 64
nnMutexPoolSizePowerOfTwo = 17
nnRandomize = true
numAnalysisThreads = 2
numSearchThreads = 16
reportAnalysisWinratesAs = black

2026-04-22 12:45:27+0300: Analysis Engine starting...
2026-04-22 12:45:27+0300: KataGo v1.16.4
2026-04-22 12:45:28+0300: nnRandSeed0 = 8674056575465601544
2026-04-22 12:45:28+0300: After dedups: nnModelFile0 = D:\Projects\Hoshi\KataGo\default_model.bin.gz useFP16 auto useNHWC auto
2026-04-22 12:45:28+0300: Initializing neural net buffer to be size 19 * 19 allowing smaller boards
2026-04-22 12:45:29+0300: Found OpenCL Platform 0: NVIDIA CUDA (NVIDIA Corporation) (OpenCL 3.0 CUDA 12.7.33)
2026-04-22 12:45:29+0300: Found 1 device(s) on platform 0 with type CPU or GPU or Accelerator
2026-04-22 12:45:29+0300: Found OpenCL Device 0: NVIDIA GeForce RTX 2060 (NVIDIA Corporation) (score 11000300)
2026-04-22 12:45:29+0300: Creating context for OpenCL Platform: NVIDIA CUDA (NVIDIA Corporation) (OpenCL 3.0 CUDA 12.7.33)
2026-04-22 12:45:30+0300: Using OpenCL Device 0: NVIDIA GeForce RTX 2060 (NVIDIA Corporation) OpenCL 3.0 CUDA (Extensions: cl_khr_global_int32_base_atomics cl_khr_global_int32_extended_atomics cl_khr_local_int32_base_atomics cl_khr_local_int32_extended_atomics cl_khr_fp64 cl_khr_3d_image_writes cl_khr_byte_addressable_store cl_khr_icd cl_khr_gl_sharing cl_nv_compiler_options cl_nv_device_attribute_query cl_nv_pragma_unroll cl_nv_d3d10_sharing cl_khr_d3d10_sharing cl_nv_d3d11_sharing cl_nv_copy_opts cl_nv_create_buffer cl_khr_int64_base_atomics cl_khr_int64_extended_atomics cl_khr_device_uuid cl_khr_pci_bus_info cl_khr_external_semaphore cl_khr_external_memory cl_khr_external_semaphore_win32 cl_khr_external_memory_win32 cl_khr_semaphore)
2026-04-22 12:45:30+0300: Loaded tuning parameters from: D:\Projects\Hoshi\KataGo/KataGoData/opencltuning/tune11_gpuNVIDIAGeForceRTX2060_x19_y19_c384_mv14.txt
2026-04-22 12:45:30+0300: OpenCL backend thread 0: Model version 14
2026-04-22 12:45:30+0300: OpenCL backend thread 0: Model name: kata1-b18c384nbt-s9791399168-d4261348054
2026-04-22 12:45:31+0300: OpenCL backend thread 0: FP16Storage true FP16Compute false FP16TensorCores true FP16TensorCoresFor1x1 false
2026-04-22 12:45:31+0300: Loaded config D:\Projects\Hoshi\KataGo\analysis_example.cfg and/or command-line and query overrides
2026-04-22 12:45:31+0300: Loaded model D:\Projects\Hoshi\KataGo\default_model.bin.gz
2026-04-22 12:45:31+0300: Config override: reportAnalysisWinratesAs = black
2026-04-22 12:45:31+0300: Analyzing up to 2 positions at a time in parallel
2026-04-22 12:45:31+0300: Started, ready to begin handling requests
