2026-04-04 00:02:42+0300: Running with following config:
logDir = analysis_logs
maxVisits = 500
nnCacheSizePowerOfTwo = 23
nnMaxBatchSize = 64
nnMutexPoolSizePowerOfTwo = 17
nnRandomize = true
numAnalysisThreads = 2
numSearchThreads = 16
reportAnalysisWinratesAs = BLACK

2026-04-04 00:02:42+0300: Analysis Engine starting...
2026-04-04 00:02:42+0300: KataGo v1.16.4
2026-04-04 00:02:42+0300: nnRandSeed0 = 17410971037092658081
2026-04-04 00:02:42+0300: After dedups: nnModelFile0 = D:\Projects\Hoshi\KataGo\default_model.bin.gz useFP16 auto useNHWC auto
2026-04-04 00:02:42+0300: Initializing neural net buffer to be size 19 * 19 allowing smaller boards
2026-04-04 00:02:47+0300: Cuda backend thread 0: Found GPU NVIDIA GeForce RTX 2060 memory 6441992192 compute capability major 7 minor 5
2026-04-04 00:02:47+0300: Cuda backend thread 0: Model version 15 useFP16 = true useNHWC = true
2026-04-04 00:02:47+0300: Cuda backend thread 0: Model name: zhizi_hzy_b28_muonfd2
2026-04-04 00:02:48+0300: Loaded config D:\Projects\Hoshi\KataGo\analysis_example.cfg
2026-04-04 00:02:48+0300: Loaded model D:\Projects\Hoshi\KataGo\default_model.bin.gz
2026-04-04 00:02:48+0300: Analyzing up to 2 positions at a time in parallel
2026-04-04 00:02:48+0300: Started, ready to begin handling requests
2026-04-04 00:02:48+0300: Warning: {"field":"reportAnalysisWinratesAs","id":"analysis_1775250168272","warning":"Unexpected or unused field, do you have a typo? (set warnUnusedFields=false in the config to disable this warning)"}
2026-04-04 00:02:54+0300: Warning: {"field":"reportAnalysisWinratesAs","id":"analysis_1775250174328","warning":"Unexpected or unused field, do you have a typo? (set warnUnusedFields=false in the config to disable this warning)"}
2026-04-04 00:03:02+0300: Warning: {"field":"reportAnalysisWinratesAs","id":"analysis_1775250182893","warning":"Unexpected or unused field, do you have a typo? (set warnUnusedFields=false in the config to disable this warning)"}
2026-04-04 00:03:18+0300: Warning: {"field":"reportAnalysisWinratesAs","id":"analysis_1775250198021","warning":"Unexpected or unused field, do you have a typo? (set warnUnusedFields=false in the config to disable this warning)"}
2026-04-04 00:03:29+0300: Warning: {"field":"reportAnalysisWinratesAs","id":"analysis_1775250209181","warning":"Unexpected or unused field, do you have a typo? (set warnUnusedFields=false in the config to disable this warning)"}
2026-04-04 00:03:52+0300: Warning: {"field":"reportAnalysisWinratesAs","id":"analysis_1775250232906","warning":"Unexpected or unused field, do you have a typo? (set warnUnusedFields=false in the config to disable this warning)"}
2026-04-04 00:04:04+0300: Warning: {"field":"reportAnalysisWinratesAs","id":"analysis_1775250244312","warning":"Unexpected or unused field, do you have a typo? (set warnUnusedFields=false in the config to disable this warning)"}
2026-04-04 00:04:06+0300: Warning: {"field":"reportAnalysisWinratesAs","id":"analysis_1775250246537","warning":"Unexpected or unused field, do you have a typo? (set warnUnusedFields=false in the config to disable this warning)"}
2026-04-04 00:04:12+0300: Warning: {"field":"reportAnalysisWinratesAs","id":"analysis_1775250252894","warning":"Unexpected or unused field, do you have a typo? (set warnUnusedFields=false in the config to disable this warning)"}
2026-04-04 00:04:23+0300: Warning: {"field":"reportAnalysisWinratesAs","id":"analysis_1775250263085","warning":"Unexpected or unused field, do you have a typo? (set warnUnusedFields=false in the config to disable this warning)"}
2026-04-04 00:04:31+0300: Warning: {"field":"reportAnalysisWinratesAs","id":"analysis_1775250271757","warning":"Unexpected or unused field, do you have a typo? (set warnUnusedFields=false in the config to disable this warning)"}
2026-04-04 00:05:04+0300: Warning: {"field":"reportAnalysisWinratesAs","id":"analysis_1775250304463","warning":"Unexpected or unused field, do you have a typo? (set warnUnusedFields=false in the config to disable this warning)"}
2026-04-04 00:05:15+0300: Warning: {"field":"reportAnalysisWinratesAs","id":"analysis_1775250315958","warning":"Unexpected or unused field, do you have a typo? (set warnUnusedFields=false in the config to disable this warning)"}
2026-04-04 00:05:25+0300: Warning: {"field":"reportAnalysisWinratesAs","id":"analysis_1775250325713","warning":"Unexpected or unused field, do you have a typo? (set warnUnusedFields=false in the config to disable this warning)"}
2026-04-04 00:05:37+0300: Warning: {"field":"reportAnalysisWinratesAs","id":"analysis_1775250337358","warning":"Unexpected or unused field, do you have a typo? (set warnUnusedFields=false in the config to disable this warning)"}
2026-04-04 00:05:44+0300: Warning: {"field":"reportAnalysisWinratesAs","id":"analysis_1775250344488","warning":"Unexpected or unused field, do you have a typo? (set warnUnusedFields=false in the config to disable this warning)"}
2026-04-04 00:05:45+0300: Warning: {"field":"reportAnalysisWinratesAs","id":"analysis_1775250345400","warning":"Unexpected or unused field, do you have a typo? (set warnUnusedFields=false in the config to disable this warning)"}
2026-04-04 00:05:46+0300: Warning: {"field":"reportAnalysisWinratesAs","id":"analysis_1775250346391","warning":"Unexpected or unused field, do you have a typo? (set warnUnusedFields=false in the config to disable this warning)"}
2026-04-04 00:05:47+0300: Warning: {"field":"reportAnalysisWinratesAs","id":"analysis_1775250347335","warning":"Unexpected or unused field, do you have a typo? (set warnUnusedFields=false in the config to disable this warning)"}
2026-04-04 00:05:48+0300: Warning: {"field":"reportAnalysisWinratesAs","id":"analysis_1775250348327","warning":"Unexpected or unused field, do you have a typo? (set warnUnusedFields=false in the config to disable this warning)"}
2026-04-04 00:05:49+0300: Warning: {"field":"reportAnalysisWinratesAs","id":"analysis_1775250349557","warning":"Unexpected or unused field, do you have a typo? (set warnUnusedFields=false in the config to disable this warning)"}
2026-04-04 00:05:50+0300: Warning: {"field":"reportAnalysisWinratesAs","id":"analysis_1775250350517","warning":"Unexpected or unused field, do you have a typo? (set warnUnusedFields=false in the config to disable this warning)"}
2026-04-04 00:05:51+0300: Warning: {"field":"reportAnalysisWinratesAs","id":"analysis_1775250351426","warning":"Unexpected or unused field, do you have a typo? (set warnUnusedFields=false in the config to disable this warning)"}
2026-04-04 00:05:52+0300: Warning: {"field":"reportAnalysisWinratesAs","id":"analysis_1775250352341","warning":"Unexpected or unused field, do you have a typo? (set warnUnusedFields=false in the config to disable this warning)"}
2026-04-04 00:05:53+0300: Warning: {"field":"reportAnalysisWinratesAs","id":"analysis_1775250353123","warning":"Unexpected or unused field, do you have a typo? (set warnUnusedFields=false in the config to disable this warning)"}
2026-04-04 00:05:53+0300: Warning: {"field":"reportAnalysisWinratesAs","id":"analysis_1775250353763","warning":"Unexpected or unused field, do you have a typo? (set warnUnusedFields=false in the config to disable this warning)"}
2026-04-04 00:05:54+0300: Warning: {"field":"reportAnalysisWinratesAs","id":"analysis_1775250354419","warning":"Unexpected or unused field, do you have a typo? (set warnUnusedFields=false in the config to disable this warning)"}
2026-04-04 00:06:00+0300: Warning: {"field":"reportAnalysisWinratesAs","id":"analysis_1775250360248","warning":"Unexpected or unused field, do you have a typo? (set warnUnusedFields=false in the config to disable this warning)"}
2026-04-04 00:06:04+0300: Warning: {"field":"reportAnalysisWinratesAs","id":"analysis_1775250364639","warning":"Unexpected or unused field, do you have a typo? (set warnUnusedFields=false in the config to disable this warning)"}
2026-04-04 00:06:09+0300: Warning: {"field":"reportAnalysisWinratesAs","id":"analysis_1775250369202","warning":"Unexpected or unused field, do you have a typo? (set warnUnusedFields=false in the config to disable this warning)"}
2026-04-04 00:06:12+0300: Warning: {"field":"reportAnalysisWinratesAs","id":"analysis_1775250372608","warning":"Unexpected or unused field, do you have a typo? (set warnUnusedFields=false in the config to disable this warning)"}
2026-04-04 00:06:13+0300: Warning: {"field":"reportAnalysisWinratesAs","id":"analysis_1775250373952","warning":"Unexpected or unused field, do you have a typo? (set warnUnusedFields=false in the config to disable this warning)"}
2026-04-04 00:06:14+0300: Warning: {"field":"reportAnalysisWinratesAs","id":"analysis_1775250374990","warning":"Unexpected or unused field, do you have a typo? (set warnUnusedFields=false in the config to disable this warning)"}
2026-04-04 00:06:16+0300: Warning: {"field":"reportAnalysisWinratesAs","id":"analysis_1775250376718","warning":"Unexpected or unused field, do you have a typo? (set warnUnusedFields=false in the config to disable this warning)"}
2026-04-04 00:06:18+0300: Warning: {"field":"reportAnalysisWinratesAs","id":"analysis_1775250378748","warning":"Unexpected or unused field, do you have a typo? (set warnUnusedFields=false in the config to disable this warning)"}
2026-04-04 00:06:21+0300: Warning: {"field":"reportAnalysisWinratesAs","id":"analysis_1775250381339","warning":"Unexpected or unused field, do you have a typo? (set warnUnusedFields=false in the config to disable this warning)"}
2026-04-04 00:06:24+0300: Warning: {"field":"reportAnalysisWinratesAs","id":"analysis_1775250384426","warning":"Unexpected or unused field, do you have a typo? (set warnUnusedFields=false in the config to disable this warning)"}
2026-04-04 00:06:25+0300: Warning: {"field":"reportAnalysisWinratesAs","id":"analysis_1775250385160","warning":"Unexpected or unused field, do you have a typo? (set warnUnusedFields=false in the config to disable this warning)"}
2026-04-04 00:06:27+0300: Warning: {"field":"reportAnalysisWinratesAs","id":"analysis_1775250387591","warning":"Unexpected or unused field, do you have a typo? (set warnUnusedFields=false in the config to disable this warning)"}
2026-04-04 00:06:28+0300: Warning: {"field":"reportAnalysisWinratesAs","id":"analysis_1775250388678","warning":"Unexpected or unused field, do you have a typo? (set warnUnusedFields=false in the config to disable this warning)"}
2026-04-04 00:06:29+0300: Warning: {"field":"reportAnalysisWinratesAs","id":"analysis_1775250389589","warning":"Unexpected or unused field, do you have a typo? (set warnUnusedFields=false in the config to disable this warning)"}
2026-04-04 00:06:30+0300: Warning: {"field":"reportAnalysisWinratesAs","id":"analysis_1775250390229","warning":"Unexpected or unused field, do you have a typo? (set warnUnusedFields=false in the config to disable this warning)"}
2026-04-04 00:06:31+0300: Warning: {"field":"reportAnalysisWinratesAs","id":"analysis_1775250391061","warning":"Unexpected or unused field, do you have a typo? (set warnUnusedFields=false in the config to disable this warning)"}
2026-04-04 00:06:33+0300: Warning: {"field":"reportAnalysisWinratesAs","id":"analysis_1775250393348","warning":"Unexpected or unused field, do you have a typo? (set warnUnusedFields=false in the config to disable this warning)"}
2026-04-04 00:06:38+0300: Warning: {"field":"reportAnalysisWinratesAs","id":"analysis_1775250398416","warning":"Unexpected or unused field, do you have a typo? (set warnUnusedFields=false in the config to disable this warning)"}
2026-04-04 00:06:54+0300: Warning: {"field":"reportAnalysisWinratesAs","id":"analysis_1775250414980","warning":"Unexpected or unused field, do you have a typo? (set warnUnusedFields=false in the config to disable this warning)"}
2026-04-04 00:07:08+0300: Warning: {"field":"reportAnalysisWinratesAs","id":"analysis_1775250428111","warning":"Unexpected or unused field, do you have a typo? (set warnUnusedFields=false in the config to disable this warning)"}
2026-04-04 00:07:13+0300: Warning: {"field":"reportAnalysisWinratesAs","id":"analysis_1775250433646","warning":"Unexpected or unused field, do you have a typo? (set warnUnusedFields=false in the config to disable this warning)"}
2026-04-04 00:07:18+0300: Warning: {"field":"reportAnalysisWinratesAs","id":"analysis_1775250438427","warning":"Unexpected or unused field, do you have a typo? (set warnUnusedFields=false in the config to disable this warning)"}
2026-04-04 00:07:20+0300: Warning: {"field":"reportAnalysisWinratesAs","id":"analysis_1775250440973","warning":"Unexpected or unused field, do you have a typo? (set warnUnusedFields=false in the config to disable this warning)"}
2026-04-04 00:07:23+0300: Warning: {"field":"reportAnalysisWinratesAs","id":"analysis_1775250443519","warning":"Unexpected or unused field, do you have a typo? (set warnUnusedFields=false in the config to disable this warning)"}
2026-04-04 00:07:25+0300: Warning: {"field":"reportAnalysisWinratesAs","id":"analysis_1775250445229","warning":"Unexpected or unused field, do you have a typo? (set warnUnusedFields=false in the config to disable this warning)"}
2026-04-04 00:08:22+0300: Warning: {"field":"reportAnalysisWinratesAs","id":"analysis_1775250502848","warning":"Unexpected or unused field, do you have a typo? (set warnUnusedFields=false in the config to disable this warning)"}
2026-04-04 00:08:31+0300: Warning: {"field":"reportAnalysisWinratesAs","id":"analysis_1775250511932","warning":"Unexpected or unused field, do you have a typo? (set warnUnusedFields=false in the config to disable this warning)"}
2026-04-04 00:08:35+0300: Warning: {"field":"reportAnalysisWinratesAs","id":"analysis_1775250515881","warning":"Unexpected or unused field, do you have a typo? (set warnUnusedFields=false in the config to disable this warning)"}
2026-04-04 00:08:37+0300: Warning: {"field":"reportAnalysisWinratesAs","id":"analysis_1775250517672","warning":"Unexpected or unused field, do you have a typo? (set warnUnusedFields=false in the config to disable this warning)"}
2026-04-04 00:08:40+0300: Warning: {"field":"reportAnalysisWinratesAs","id":"analysis_1775250520630","warning":"Unexpected or unused field, do you have a typo? (set warnUnusedFields=false in the config to disable this warning)"}
2026-04-04 00:08:49+0300: Warning: {"field":"reportAnalysisWinratesAs","id":"analysis_1775250529376","warning":"Unexpected or unused field, do you have a typo? (set warnUnusedFields=false in the config to disable this warning)"}
2026-04-04 00:08:52+0300: Warning: {"field":"reportAnalysisWinratesAs","id":"analysis_1775250532526","warning":"Unexpected or unused field, do you have a typo? (set warnUnusedFields=false in the config to disable this warning)"}
2026-04-04 00:08:57+0300: Warning: {"field":"reportAnalysisWinratesAs","id":"analysis_1775250537658","warning":"Unexpected or unused field, do you have a typo? (set warnUnusedFields=false in the config to disable this warning)"}
2026-04-04 00:09:00+0300: Warning: {"field":"reportAnalysisWinratesAs","id":"analysis_1775250540521","warning":"Unexpected or unused field, do you have a typo? (set warnUnusedFields=false in the config to disable this warning)"}
2026-04-04 00:09:01+0300: Warning: {"field":"reportAnalysisWinratesAs","id":"analysis_1775250541992","warning":"Unexpected or unused field, do you have a typo? (set warnUnusedFields=false in the config to disable this warning)"}
2026-04-04 00:09:03+0300: Warning: {"field":"reportAnalysisWinratesAs","id":"analysis_1775250543288","warning":"Unexpected or unused field, do you have a typo? (set warnUnusedFields=false in the config to disable this warning)"}
2026-04-04 00:09:06+0300: Warning: {"field":"reportAnalysisWinratesAs","id":"analysis_1775250546037","warning":"Unexpected or unused field, do you have a typo? (set warnUnusedFields=false in the config to disable this warning)"}
2026-04-04 00:09:08+0300: Warning: {"field":"reportAnalysisWinratesAs","id":"analysis_1775250548484","warning":"Unexpected or unused field, do you have a typo? (set warnUnusedFields=false in the config to disable this warning)"}
2026-04-04 00:09:11+0300: Warning: {"field":"reportAnalysisWinratesAs","id":"analysis_1775250551266","warning":"Unexpected or unused field, do you have a typo? (set warnUnusedFields=false in the config to disable this warning)"}
2026-04-04 00:09:20+0300: Warning: {"field":"reportAnalysisWinratesAs","id":"analysis_1775250560237","warning":"Unexpected or unused field, do you have a typo? (set warnUnusedFields=false in the config to disable this warning)"}
2026-04-04 00:09:47+0300: Warning: {"field":"reportAnalysisWinratesAs","id":"analysis_1775250587037","warning":"Unexpected or unused field, do you have a typo? (set warnUnusedFields=false in the config to disable this warning)"}
2026-04-04 00:09:51+0300: Warning: {"field":"reportAnalysisWinratesAs","id":"analysis_1775250591088","warning":"Unexpected or unused field, do you have a typo? (set warnUnusedFields=false in the config to disable this warning)"}
2026-04-04 00:09:51+0300: Warning: {"field":"reportAnalysisWinratesAs","id":"analysis_1775250591927","warning":"Unexpected or unused field, do you have a typo? (set warnUnusedFields=false in the config to disable this warning)"}
2026-04-04 00:09:53+0300: Warning: {"field":"reportAnalysisWinratesAs","id":"analysis_1775250593041","warning":"Unexpected or unused field, do you have a typo? (set warnUnusedFields=false in the config to disable this warning)"}
2026-04-04 00:09:53+0300: Warning: {"field":"reportAnalysisWinratesAs","id":"analysis_1775250593569","warning":"Unexpected or unused field, do you have a typo? (set warnUnusedFields=false in the config to disable this warning)"}
2026-04-04 00:09:55+0300: Warning: {"field":"reportAnalysisWinratesAs","id":"analysis_1775250595551","warning":"Unexpected or unused field, do you have a typo? (set warnUnusedFields=false in the config to disable this warning)"}
2026-04-04 00:09:56+0300: Warning: {"field":"reportAnalysisWinratesAs","id":"analysis_1775250596128","warning":"Unexpected or unused field, do you have a typo? (set warnUnusedFields=false in the config to disable this warning)"}
2026-04-04 00:10:04+0300: Warning: {"field":"reportAnalysisWinratesAs","id":"analysis_1775250604044","warning":"Unexpected or unused field, do you have a typo? (set warnUnusedFields=false in the config to disable this warning)"}
2026-04-04 00:10:10+0300: Warning: {"field":"reportAnalysisWinratesAs","id":"analysis_1775250610858","warning":"Unexpected or unused field, do you have a typo? (set warnUnusedFields=false in the config to disable this warning)"}
2026-04-04 00:10:14+0300: Warning: {"field":"reportAnalysisWinratesAs","id":"analysis_1775250614118","warning":"Unexpected or unused field, do you have a typo? (set warnUnusedFields=false in the config to disable this warning)"}
2026-04-04 00:10:16+0300: Warning: {"field":"reportAnalysisWinratesAs","id":"analysis_1775250616280","warning":"Unexpected or unused field, do you have a typo? (set warnUnusedFields=false in the config to disable this warning)"}
2026-04-04 00:10:17+0300: Warning: {"field":"reportAnalysisWinratesAs","id":"analysis_1775250617193","warning":"Unexpected or unused field, do you have a typo? (set warnUnusedFields=false in the config to disable this warning)"}
2026-04-04 00:10:18+0300: Warning: {"field":"reportAnalysisWinratesAs","id":"analysis_1775250618698","warning":"Unexpected or unused field, do you have a typo? (set warnUnusedFields=false in the config to disable this warning)"}
