2026-04-20 17:12:10+0300: Running with following config:
logDir = analysis_logs
maxVisits = 500
nnCacheSizePowerOfTwo = 23
nnMaxBatchSize = 64
nnMutexPoolSizePowerOfTwo = 17
nnRandomize = true
numAnalysisThreads = 2
numSearchThreads = 16
reportAnalysisWinratesAs = black

2026-04-20 17:12:10+0300: Analysis Engine starting...
2026-04-20 17:12:10+0300: KataGo v1.16.4
2026-04-20 17:12:10+0300: nnRandSeed0 = 13779969903292257103
2026-04-20 17:12:10+0300: After dedups: nnModelFile0 = ./KataGo/default_model.bin.gz useFP16 auto useNHWC auto
2026-04-20 17:12:10+0300: Initializing neural net buffer to be size 19 * 19 allowing smaller boards
2026-04-20 17:12:14+0300: Cuda backend thread 0: Found GPU NVIDIA GeForce RTX 2060 memory 6441992192 compute capability major 7 minor 5
2026-04-20 17:12:14+0300: Cuda backend thread 0: Model version 15 useFP16 = true useNHWC = true
2026-04-20 17:12:14+0300: Cuda backend thread 0: Model name: zhizi_hzy_b28_muonfd2
2026-04-20 17:12:16+0300: Loaded config ./KataGo/analysis_example.cfg and/or command-line and query overrides
2026-04-20 17:12:16+0300: Loaded model ./KataGo/default_model.bin.gz
2026-04-20 17:12:16+0300: Config override: reportAnalysisWinratesAs = black
2026-04-20 17:12:16+0300: Analyzing up to 2 positions at a time in parallel
2026-04-20 17:12:16+0300: Started, ready to begin handling requests
