2026-04-03 17:47:47+0300: Running with following config:
logDir = analysis_logs
maxVisits = 500
nnCacheSizePowerOfTwo = 23
nnMaxBatchSize = 64
nnMutexPoolSizePowerOfTwo = 17
nnRandomize = true
numAnalysisThreads = 2
numSearchThreads = 16
reportAnalysisWinratesAs = BLACK

2026-04-03 17:47:47+0300: Analysis Engine starting...
2026-04-03 17:47:47+0300: KataGo v1.16.4
2026-04-03 17:47:47+0300: nnRandSeed0 = 3303801983883745529
2026-04-03 17:47:47+0300: After dedups: nnModelFile0 = D:\Projects\Hoshi\KataGo\default_model.bin.gz useFP16 auto useNHWC auto
2026-04-03 17:47:47+0300: Initializing neural net buffer to be size 19 * 19 allowing smaller boards
2026-04-03 17:47:52+0300: Cuda backend thread 0: Found GPU NVIDIA GeForce RTX 2060 memory 6441992192 compute capability major 7 minor 5
2026-04-03 17:47:52+0300: Cuda backend thread 0: Model version 15 useFP16 = true useNHWC = true
2026-04-03 17:47:52+0300: Cuda backend thread 0: Model name: zhizi_hzy_b28_muonfd2
2026-04-03 17:47:54+0300: Loaded config D:\Projects\Hoshi\KataGo\analysis_example.cfg
2026-04-03 17:47:54+0300: Loaded model D:\Projects\Hoshi\KataGo\default_model.bin.gz
2026-04-03 17:47:54+0300: Analyzing up to 2 positions at a time in parallel
2026-04-03 17:47:54+0300: Started, ready to begin handling requests
2026-04-03 17:47:54+0300: Error: {"error":"'action' field must be 'query_version' or 'query_models' or 'clear_cache' or 'terminate' or 'terminate_all'"}
2026-04-03 17:47:54+0300: Error: {"error":"'action' field must be 'query_version' or 'query_models' or 'clear_cache' or 'terminate' or 'terminate_all'"}
2026-04-03 17:47:57+0300: Error: {"error":"'action' field must be 'query_version' or 'query_models' or 'clear_cache' or 'terminate' or 'terminate_all'"}
2026-04-03 17:47:57+0300: Error: {"error":"'action' field must be 'query_version' or 'query_models' or 'clear_cache' or 'terminate' or 'terminate_all'"}
2026-04-03 17:48:02+0300: Error: {"error":"'action' field must be 'query_version' or 'query_models' or 'clear_cache' or 'terminate' or 'terminate_all'"}
2026-04-03 17:48:02+0300: Error: {"error":"'action' field must be 'query_version' or 'query_models' or 'clear_cache' or 'terminate' or 'terminate_all'"}
2026-04-03 17:48:04+0300: Error: {"error":"'action' field must be 'query_version' or 'query_models' or 'clear_cache' or 'terminate' or 'terminate_all'"}
2026-04-03 17:48:04+0300: Error: {"error":"'action' field must be 'query_version' or 'query_models' or 'clear_cache' or 'terminate' or 'terminate_all'"}
2026-04-03 17:48:05+0300: Error: {"error":"'action' field must be 'query_version' or 'query_models' or 'clear_cache' or 'terminate' or 'terminate_all'"}
2026-04-03 17:48:05+0300: Error: {"error":"'action' field must be 'query_version' or 'query_models' or 'clear_cache' or 'terminate' or 'terminate_all'"}
2026-04-03 17:48:05+0300: Error: {"error":"'action' field must be 'query_version' or 'query_models' or 'clear_cache' or 'terminate' or 'terminate_all'"}
2026-04-03 17:48:05+0300: Error: {"error":"'action' field must be 'query_version' or 'query_models' or 'clear_cache' or 'terminate' or 'terminate_all'"}
2026-04-03 17:48:09+0300: Error: {"error":"'action' field must be 'query_version' or 'query_models' or 'clear_cache' or 'terminate' or 'terminate_all'"}
2026-04-03 17:48:09+0300: Error: {"error":"'action' field must be 'query_version' or 'query_models' or 'clear_cache' or 'terminate' or 'terminate_all'"}
2026-04-03 17:48:09+0300: D:\Projects\Hoshi\KataGo\default_model.bin.gz
2026-04-03 17:48:09+0300: NN rows: 0
2026-04-03 17:48:09+0300: NN batches: 0
2026-04-03 17:48:09+0300: NN avg batch size: -nan(ind)
2026-04-03 17:48:09+0300: GPU -1 finishing, processed 0 rows 0 batches
