2026-04-02 15:43:52+0300: Running with following config:
allowResignation = true
lagBuffer = 1.0
logAllGTPCommunication = true
logDir = gtp_logs
logSearchInfo = true
logSearchInfoForChosenMove = false
logToStderr = false
maxTimePondering = 60.0
maxVisits = 500
numSearchThreads = 20
ponderingEnabled = false
resignConsecTurns = 3
resignThreshold = -0.90
rules = tromp-taylor
searchFactorAfterOnePass = 0.50
searchFactorAfterTwoPass = 0.25
searchFactorWhenWinning = 0.40
searchFactorWhenWinningThreshold = 0.95

2026-04-02 15:43:52+0300: GTP Engine starting...
2026-04-02 15:43:52+0300: KataGo v1.16.4
2026-04-02 15:43:52+0300: Using TrompTaylor rules initially, unless GTP/GUI overrides this
2026-04-02 15:43:52+0300: Using 20 CPU thread(s) for search
2026-04-02 15:43:52+0300: nnRandSeed0 = 17623868658609062563
2026-04-02 15:43:52+0300: After dedups: nnModelFile0 = D:\Projects\Hoshi\KataGo\default_model.bin.gz useFP16 auto useNHWC auto
2026-04-02 15:43:52+0300: Initializing neural net buffer to be size 19 * 19 exactly
2026-04-02 15:43:56+0300: Cuda backend thread 0: Found GPU NVIDIA GeForce RTX 2060 memory 6441992192 compute capability major 7 minor 5
2026-04-02 15:43:56+0300: Cuda backend thread 0: Model version 15 useFP16 = true useNHWC = true
2026-04-02 15:43:56+0300: Cuda backend thread 0: Model name: zhizi_hzy_b28_muonfd2
2026-04-02 15:43:57+0300: Loaded neural net with nnXLen 19 nnYLen 19
2026-04-02 15:43:57+0300: Initializing board with boardXSize 19 boardYSize 19
2026-04-02 15:43:57+0300: Loaded config D:\Projects\Hoshi\KataGo\default_gtp.cfg
2026-04-02 15:43:57+0300: Loaded model D:\Projects\Hoshi\KataGo\default_model.bin.gz
2026-04-02 15:43:57+0300: Model name: zhizi_hzy_b28_muonfd2
2026-04-02 15:43:57+0300: GTP ready, beginning main protocol loop
2026-04-02 15:43:57+0300: Controller: play b Q16
2026-04-02 15:43:57+0300: = 
2026-04-02 15:43:57+0300: Controller: play w O14
2026-04-02 15:43:57+0300: = 
2026-04-02 15:43:57+0300: Controller: play b L15
2026-04-02 15:43:57+0300: = 
2026-04-02 15:43:57+0300: Controller: play w J16
2026-04-02 15:43:57+0300: = 
2026-04-02 15:43:57+0300: Controller: play b H13
2026-04-02 15:43:57+0300: = 
2026-04-02 15:43:57+0300: Controller: play w L11
2026-04-02 15:43:57+0300: = 
2026-04-02 15:43:57+0300: Controller: play b O12
2026-04-02 15:43:57+0300: = 
2026-04-02 15:43:57+0300: Controller: play w O13
2026-04-02 15:43:57+0300: = 
2026-04-02 15:43:57+0300: Controller: play b H16
2026-04-02 15:43:57+0300: = 
2026-04-02 15:43:57+0300: Controller: play w G13
2026-04-02 15:43:57+0300: = 
2026-04-02 15:43:57+0300: Controller: play b G11
2026-04-02 15:43:57+0300: = 
2026-04-02 15:43:57+0300: Controller: play w K9
2026-04-02 15:43:57+0300: = 
2026-04-02 15:43:58+0300: Controller: play b N8
2026-04-02 15:43:58+0300: = 
2026-04-02 15:43:58+0300: Controller: play w O10
2026-04-02 15:43:58+0300: = 
2026-04-02 15:44:00+0300: Controller: play b J14
2026-04-02 15:44:00+0300: = 
2026-04-02 15:44:00+0300: Controller: play w K15
2026-04-02 15:44:00+0300: = 
2026-04-02 15:44:01+0300: Controller: clear_board
2026-04-02 15:44:01+0300: = 
2026-04-02 15:44:01+0300: Controller: play b Q16
2026-04-02 15:44:01+0300: = 
2026-04-02 15:44:02+0300: Controller: clear_board
2026-04-02 15:44:02+0300: = 
2026-04-02 15:44:02+0300: Controller: play b N10
2026-04-02 15:44:02+0300: = 
2026-04-02 15:44:02+0300: Controller: play w L13
2026-04-02 15:44:02+0300: = 
2026-04-02 15:44:03+0300: Controller: play b H13
2026-04-02 15:44:03+0300: = 
2026-04-02 15:44:03+0300: Controller: play w H11
2026-04-02 15:44:03+0300: = 
2026-04-02 15:44:04+0300: Controller: clear_board
2026-04-02 15:44:04+0300: = 
2026-04-02 15:44:05+0300: Controller: clear_board
2026-04-02 15:44:05+0300: = 
2026-04-02 15:44:05+0300: Controller: play b Q16
2026-04-02 15:44:05+0300: = 
2026-04-02 15:44:05+0300: Controller: play w O14
2026-04-02 15:44:05+0300: = 
2026-04-02 15:44:05+0300: Controller: play b L15
2026-04-02 15:44:05+0300: = 
2026-04-02 15:44:05+0300: Controller: play w J16
2026-04-02 15:44:05+0300: = 
2026-04-02 15:44:05+0300: Controller: play b H13
2026-04-02 15:44:05+0300: = 
2026-04-02 15:44:05+0300: Controller: play w L11
2026-04-02 15:44:05+0300: = 
2026-04-02 15:44:05+0300: Controller: play b O12
2026-04-02 15:44:05+0300: = 
2026-04-02 15:44:05+0300: Controller: play w O13
2026-04-02 15:44:05+0300: = 
2026-04-02 15:44:05+0300: Controller: play b H16
2026-04-02 15:44:05+0300: = 
2026-04-02 15:44:05+0300: Controller: play w G13
2026-04-02 15:44:05+0300: = 
2026-04-02 15:44:05+0300: Controller: play b G11
2026-04-02 15:44:05+0300: = 
2026-04-02 15:44:05+0300: Controller: play w K9
2026-04-02 15:44:05+0300: = 
2026-04-02 15:44:05+0300: Controller: play b N8
2026-04-02 15:44:05+0300: = 
2026-04-02 15:44:05+0300: Controller: play w O10
2026-04-02 15:44:05+0300: = 
2026-04-02 15:44:05+0300: Controller: play b J14
2026-04-02 15:44:05+0300: = 
2026-04-02 15:44:05+0300: Controller: play w K15
2026-04-02 15:44:05+0300: = 
2026-04-02 15:44:06+0300: Controller: play b P12
2026-04-02 15:44:06+0300: = 
2026-04-02 15:44:07+0300: Controller: play w P13
2026-04-02 15:44:07+0300: = 
2026-04-02 15:44:07+0300: Controller: play b Q12
2026-04-02 15:44:07+0300: = 
2026-04-02 15:44:07+0300: Controller: play w Q13
2026-04-02 15:44:07+0300: = 
2026-04-02 15:44:07+0300: Controller: play b R12
2026-04-02 15:44:07+0300: = 
2026-04-02 15:45:58+0300: Controller: clear_board
2026-04-02 15:45:58+0300: = 
2026-04-02 15:45:58+0300: Controller: clear_board
2026-04-02 15:45:58+0300: = 
2026-04-02 15:45:58+0300: Controller: play b Q16
2026-04-02 15:45:58+0300: = 
2026-04-02 15:45:58+0300: Controller: play w O14
2026-04-02 15:45:58+0300: = 
2026-04-02 15:45:58+0300: Controller: play b L15
2026-04-02 15:45:58+0300: = 
2026-04-02 15:45:58+0300: Controller: play w J16
2026-04-02 15:45:58+0300: = 
2026-04-02 15:45:58+0300: Controller: play b H13
2026-04-02 15:45:58+0300: = 
2026-04-02 15:45:58+0300: Controller: play w L11
2026-04-02 15:45:58+0300: = 
2026-04-02 15:45:58+0300: Controller: play b O12
2026-04-02 15:45:58+0300: = 
2026-04-02 15:45:58+0300: Controller: play w O13
2026-04-02 15:45:58+0300: = 
2026-04-02 15:45:58+0300: Controller: play b H16
2026-04-02 15:45:58+0300: = 
2026-04-02 15:45:58+0300: Controller: play w G13
2026-04-02 15:45:58+0300: = 
2026-04-02 15:45:58+0300: Controller: play b G11
2026-04-02 15:45:58+0300: = 
2026-04-02 15:45:58+0300: Controller: play w K9
2026-04-02 15:45:58+0300: = 
2026-04-02 15:45:58+0300: Controller: play b N8
2026-04-02 15:45:58+0300: = 
2026-04-02 15:45:58+0300: Controller: play w O10
2026-04-02 15:45:58+0300: = 
2026-04-02 15:45:58+0300: Controller: play b J14
2026-04-02 15:45:58+0300: = 
2026-04-02 15:45:58+0300: Controller: play w K15
2026-04-02 15:45:58+0300: = 
2026-04-02 15:45:58+0300: Controller: play b P12
2026-04-02 15:45:58+0300: = 
2026-04-02 15:45:58+0300: Controller: play w P13
2026-04-02 15:45:58+0300: = 
2026-04-02 15:45:58+0300: Controller: play b Q12
2026-04-02 15:45:58+0300: = 
2026-04-02 15:45:58+0300: Controller: play w Q13
2026-04-02 15:45:58+0300: = 
2026-04-02 15:45:58+0300: Controller: play b R12
2026-04-02 15:45:58+0300: = 
2026-04-02 15:45:59+0300: Controller: clear_board
2026-04-02 15:45:59+0300: = 
2026-04-02 15:45:59+0300: Controller: play b Q16
2026-04-02 15:45:59+0300: = 
2026-04-02 15:45:59+0300: Controller: play w O14
2026-04-02 15:45:59+0300: = 
2026-04-02 15:45:59+0300: Controller: play b L15
2026-04-02 15:45:59+0300: = 
2026-04-02 15:45:59+0300: Controller: play w J16
2026-04-02 15:45:59+0300: = 
2026-04-02 15:45:59+0300: Controller: play b H13
2026-04-02 15:45:59+0300: = 
2026-04-02 15:45:59+0300: Controller: play w L11
2026-04-02 15:45:59+0300: = 
2026-04-02 15:45:59+0300: Controller: play b O12
2026-04-02 15:45:59+0300: = 
2026-04-02 15:45:59+0300: Controller: play w O13
2026-04-02 15:45:59+0300: = 
2026-04-02 15:45:59+0300: Controller: play b H16
2026-04-02 15:45:59+0300: = 
2026-04-02 15:45:59+0300: Controller: play w G13
2026-04-02 15:45:59+0300: = 
2026-04-02 15:45:59+0300: Controller: play b G11
2026-04-02 15:45:59+0300: = 
2026-04-02 15:45:59+0300: Controller: play w K9
2026-04-02 15:45:59+0300: = 
2026-04-02 15:45:59+0300: Controller: play b N8
2026-04-02 15:45:59+0300: = 
2026-04-02 15:45:59+0300: Controller: play w O10
2026-04-02 15:45:59+0300: = 
2026-04-02 15:45:59+0300: Controller: play b J14
2026-04-02 15:45:59+0300: = 
2026-04-02 15:45:59+0300: Controller: play w K15
2026-04-02 15:45:59+0300: = 
2026-04-02 15:45:59+0300: Controller: play b P12
2026-04-02 15:45:59+0300: = 
2026-04-02 15:45:59+0300: Controller: play w P13
2026-04-02 15:45:59+0300: = 
2026-04-02 15:45:59+0300: Controller: play b Q12
2026-04-02 15:45:59+0300: = 
2026-04-02 15:45:59+0300: Controller: play w Q13
2026-04-02 15:45:59+0300: = 
2026-04-02 15:46:00+0300: Controller: clear_board
2026-04-02 15:46:00+0300: = 
2026-04-02 15:46:00+0300: Controller: play b Q16
2026-04-02 15:46:00+0300: = 
2026-04-02 15:46:00+0300: Controller: play w O14
2026-04-02 15:46:00+0300: = 
2026-04-02 15:46:00+0300: Controller: play b L15
2026-04-02 15:46:00+0300: = 
2026-04-02 15:46:00+0300: Controller: play w J16
2026-04-02 15:46:00+0300: = 
2026-04-02 15:46:00+0300: Controller: play b H13
2026-04-02 15:46:00+0300: = 
2026-04-02 15:46:00+0300: Controller: play w L11
2026-04-02 15:46:00+0300: = 
2026-04-02 15:46:00+0300: Controller: play b O12
2026-04-02 15:46:00+0300: = 
2026-04-02 15:46:00+0300: Controller: play w O13
2026-04-02 15:46:00+0300: = 
2026-04-02 15:46:00+0300: Controller: play b H16
2026-04-02 15:46:00+0300: = 
2026-04-02 15:46:00+0300: Controller: play w G13
2026-04-02 15:46:00+0300: = 
2026-04-02 15:46:00+0300: Controller: play b G11
2026-04-02 15:46:00+0300: = 
2026-04-02 15:46:00+0300: Controller: play w K9
2026-04-02 15:46:00+0300: = 
2026-04-02 15:46:00+0300: Controller: play b N8
2026-04-02 15:46:00+0300: = 
2026-04-02 15:46:00+0300: Controller: play w O10
2026-04-02 15:46:00+0300: = 
2026-04-02 15:46:00+0300: Controller: play b J14
2026-04-02 15:46:00+0300: = 
2026-04-02 15:46:00+0300: Controller: play w K15
2026-04-02 15:46:00+0300: = 
2026-04-02 15:46:00+0300: Controller: play b P12
2026-04-02 15:46:00+0300: = 
2026-04-02 15:46:00+0300: Controller: play w P13
2026-04-02 15:46:00+0300: = 
2026-04-02 15:46:00+0300: Controller: play b Q12
2026-04-02 15:46:00+0300: = 
2026-04-02 15:46:00+0300: Controller: play w Q13
2026-04-02 15:46:00+0300: = 
2026-04-02 15:46:00+0300: Controller: play b R12
2026-04-02 15:46:00+0300: = 
2026-04-02 15:46:00+0300: Controller: clear_board
2026-04-02 15:46:00+0300: = 
2026-04-02 15:46:00+0300: Controller: play b Q16
2026-04-02 15:46:00+0300: = 
2026-04-02 15:46:00+0300: Controller: play w O14
2026-04-02 15:46:00+0300: = 
2026-04-02 15:46:00+0300: Controller: play b L15
2026-04-02 15:46:00+0300: = 
2026-04-02 15:46:00+0300: Controller: play w J16
2026-04-02 15:46:00+0300: = 
2026-04-02 15:46:00+0300: Controller: play b H13
2026-04-02 15:46:00+0300: = 
2026-04-02 15:46:00+0300: Controller: play w L11
2026-04-02 15:46:00+0300: = 
2026-04-02 15:46:00+0300: Controller: play b O12
2026-04-02 15:46:00+0300: = 
2026-04-02 15:46:00+0300: Controller: play w O13
2026-04-02 15:46:00+0300: = 
2026-04-02 15:46:00+0300: Controller: play b H16
2026-04-02 15:46:00+0300: = 
2026-04-02 15:46:00+0300: Controller: play w G13
2026-04-02 15:46:00+0300: = 
2026-04-02 15:46:00+0300: Controller: play b G11
2026-04-02 15:46:00+0300: = 
2026-04-02 15:46:00+0300: Controller: play w K9
2026-04-02 15:46:00+0300: = 
2026-04-02 15:46:00+0300: Controller: play b N8
2026-04-02 15:46:00+0300: = 
2026-04-02 15:46:00+0300: Controller: play w O10
2026-04-02 15:46:00+0300: = 
2026-04-02 15:46:00+0300: Controller: play b J14
2026-04-02 15:46:00+0300: = 
2026-04-02 15:46:00+0300: Controller: play w K15
2026-04-02 15:46:00+0300: = 
2026-04-02 15:46:00+0300: Controller: play b P12
2026-04-02 15:46:00+0300: = 
2026-04-02 15:46:00+0300: Controller: play w P13
2026-04-02 15:46:00+0300: = 
2026-04-02 15:46:00+0300: Controller: play b Q12
2026-04-02 15:46:00+0300: = 
2026-04-02 15:46:00+0300: Controller: play w Q13
2026-04-02 15:46:00+0300: = 
2026-04-02 15:46:00+0300: Controller: play b R12
2026-04-02 15:46:00+0300: = 
2026-04-02 15:46:00+0300: Controller: clear_board
2026-04-02 15:46:00+0300: = 
2026-04-02 15:46:00+0300: Controller: play b Q16
2026-04-02 15:46:00+0300: = 
2026-04-02 15:46:00+0300: Controller: play w O14
2026-04-02 15:46:00+0300: = 
2026-04-02 15:46:00+0300: Controller: play b L15
2026-04-02 15:46:00+0300: = 
2026-04-02 15:46:00+0300: Controller: play w J16
2026-04-02 15:46:00+0300: = 
2026-04-02 15:46:00+0300: Controller: play b H13
2026-04-02 15:46:00+0300: = 
2026-04-02 15:46:00+0300: Controller: play w L11
2026-04-02 15:46:00+0300: = 
2026-04-02 15:46:00+0300: Controller: play b O12
2026-04-02 15:46:00+0300: = 
2026-04-02 15:46:00+0300: Controller: play w O13
2026-04-02 15:46:00+0300: = 
2026-04-02 15:46:00+0300: Controller: play b H16
2026-04-02 15:46:00+0300: = 
2026-04-02 15:46:00+0300: Controller: play w G13
2026-04-02 15:46:00+0300: = 
2026-04-02 15:46:00+0300: Controller: play b G11
2026-04-02 15:46:00+0300: = 
2026-04-02 15:46:00+0300: Controller: play w K9
2026-04-02 15:46:00+0300: = 
2026-04-02 15:46:00+0300: Controller: play b N8
2026-04-02 15:46:00+0300: = 
2026-04-02 15:46:00+0300: Controller: play w O10
2026-04-02 15:46:00+0300: = 
2026-04-02 15:46:00+0300: Controller: play b J14
2026-04-02 15:46:00+0300: = 
2026-04-02 15:46:00+0300: Controller: play w K15
2026-04-02 15:46:00+0300: = 
2026-04-02 15:46:00+0300: Controller: play b P12
2026-04-02 15:46:00+0300: = 
2026-04-02 15:46:00+0300: Controller: play w P13
2026-04-02 15:46:00+0300: = 
2026-04-02 15:46:00+0300: Controller: play b Q12
2026-04-02 15:46:00+0300: = 
2026-04-02 15:46:00+0300: Controller: play w Q13
2026-04-02 15:46:00+0300: = 
2026-04-02 15:46:00+0300: Controller: play b R12
2026-04-02 15:46:00+0300: = 
2026-04-02 15:46:00+0300: Controller: clear_board
2026-04-02 15:46:00+0300: = 
2026-04-02 15:46:00+0300: Controller: play b Q16
2026-04-02 15:46:00+0300: = 
2026-04-02 15:46:00+0300: Controller: play w O14
2026-04-02 15:46:00+0300: = 
2026-04-02 15:46:00+0300: Controller: play b L15
2026-04-02 15:46:00+0300: = 
2026-04-02 15:46:00+0300: Controller: play w J16
2026-04-02 15:46:00+0300: = 
2026-04-02 15:46:00+0300: Controller: play b H13
2026-04-02 15:46:00+0300: = 
2026-04-02 15:46:00+0300: Controller: play w L11
2026-04-02 15:46:00+0300: = 
2026-04-02 15:46:00+0300: Controller: play b O12
2026-04-02 15:46:00+0300: = 
2026-04-02 15:46:00+0300: Controller: play w O13
2026-04-02 15:46:00+0300: = 
2026-04-02 15:46:00+0300: Controller: play b H16
2026-04-02 15:46:00+0300: = 
2026-04-02 15:46:00+0300: Controller: play w G13
2026-04-02 15:46:00+0300: = 
2026-04-02 15:46:00+0300: Controller: play b G11
2026-04-02 15:46:00+0300: = 
2026-04-02 15:46:00+0300: Controller: play w K9
2026-04-02 15:46:00+0300: = 
2026-04-02 15:46:00+0300: Controller: play b N8
2026-04-02 15:46:00+0300: = 
2026-04-02 15:46:00+0300: Controller: play w O10
2026-04-02 15:46:00+0300: = 
2026-04-02 15:46:00+0300: Controller: play b J14
2026-04-02 15:46:00+0300: = 
2026-04-02 15:46:00+0300: Controller: play w K15
2026-04-02 15:46:00+0300: = 
2026-04-02 15:46:00+0300: Controller: play b P12
2026-04-02 15:46:00+0300: = 
2026-04-02 15:46:00+0300: Controller: play w P13
2026-04-02 15:46:00+0300: = 
2026-04-02 15:46:00+0300: Controller: play b Q12
2026-04-02 15:46:00+0300: = 
2026-04-02 15:46:00+0300: Controller: play w Q13
2026-04-02 15:46:00+0300: = 
2026-04-02 15:46:00+0300: Controller: play b R12
2026-04-02 15:46:00+0300: = 
2026-04-02 15:46:00+0300: Controller: clear_board
2026-04-02 15:46:00+0300: = 
2026-04-02 15:46:00+0300: Controller: play b Q16
2026-04-02 15:46:00+0300: = 
2026-04-02 15:46:00+0300: Controller: play w O14
2026-04-02 15:46:00+0300: = 
2026-04-02 15:46:00+0300: Controller: play b L15
2026-04-02 15:46:00+0300: = 
2026-04-02 15:46:00+0300: Controller: play w J16
2026-04-02 15:46:00+0300: = 
2026-04-02 15:46:00+0300: Controller: play b H13
2026-04-02 15:46:00+0300: = 
2026-04-02 15:46:00+0300: Controller: play w L11
2026-04-02 15:46:00+0300: = 
2026-04-02 15:46:00+0300: Controller: play b O12
2026-04-02 15:46:00+0300: = 
2026-04-02 15:46:00+0300: Controller: play w O13
2026-04-02 15:46:00+0300: = 
2026-04-02 15:46:00+0300: Controller: play b H16
2026-04-02 15:46:00+0300: = 
2026-04-02 15:46:00+0300: Controller: play w G13
2026-04-02 15:46:00+0300: = 
2026-04-02 15:46:00+0300: Controller: play b G11
2026-04-02 15:46:00+0300: = 
2026-04-02 15:46:00+0300: Controller: play w K9
2026-04-02 15:46:00+0300: = 
2026-04-02 15:46:00+0300: Controller: play b N8
2026-04-02 15:46:00+0300: = 
2026-04-02 15:46:00+0300: Controller: play w O10
2026-04-02 15:46:00+0300: = 
2026-04-02 15:46:00+0300: Controller: play b J14
2026-04-02 15:46:00+0300: = 
2026-04-02 15:46:00+0300: Controller: play w K15
2026-04-02 15:46:00+0300: = 
2026-04-02 15:46:00+0300: Controller: play b P12
2026-04-02 15:46:00+0300: = 
2026-04-02 15:46:00+0300: Controller: play w P13
2026-04-02 15:46:00+0300: = 
2026-04-02 15:46:00+0300: Controller: play b Q12
2026-04-02 15:46:00+0300: = 
2026-04-02 15:46:00+0300: Controller: play w Q13
2026-04-02 15:46:00+0300: = 
2026-04-02 15:46:00+0300: Controller: play b R12
2026-04-02 15:46:00+0300: = 
2026-04-02 15:46:01+0300: Controller: clear_board
2026-04-02 15:46:01+0300: = 
2026-04-02 15:46:01+0300: Controller: play b Q16
2026-04-02 15:46:01+0300: = 
2026-04-02 15:46:01+0300: Controller: play w O14
2026-04-02 15:46:01+0300: = 
2026-04-02 15:46:01+0300: Controller: play b L15
2026-04-02 15:46:01+0300: = 
2026-04-02 15:46:01+0300: Controller: play w J16
2026-04-02 15:46:01+0300: = 
2026-04-02 15:46:01+0300: Controller: play b H13
2026-04-02 15:46:01+0300: = 
2026-04-02 15:46:01+0300: Controller: play w L11
2026-04-02 15:46:01+0300: = 
2026-04-02 15:46:01+0300: Controller: play b O12
2026-04-02 15:46:01+0300: = 
2026-04-02 15:46:01+0300: Controller: play w O13
2026-04-02 15:46:01+0300: = 
2026-04-02 15:46:01+0300: Controller: play b H16
2026-04-02 15:46:01+0300: = 
2026-04-02 15:46:01+0300: Controller: play w G13
2026-04-02 15:46:01+0300: = 
2026-04-02 15:46:01+0300: Controller: play b G11
2026-04-02 15:46:01+0300: = 
2026-04-02 15:46:01+0300: Controller: play w K9
2026-04-02 15:46:01+0300: = 
2026-04-02 15:46:01+0300: Controller: play b N8
2026-04-02 15:46:01+0300: = 
2026-04-02 15:46:01+0300: Controller: play w O10
2026-04-02 15:46:01+0300: = 
2026-04-02 15:46:01+0300: Controller: play b J14
2026-04-02 15:46:01+0300: = 
2026-04-02 15:46:01+0300: Controller: play w K15
2026-04-02 15:46:01+0300: = 
2026-04-02 15:46:01+0300: Controller: play b P12
2026-04-02 15:46:01+0300: = 
2026-04-02 15:46:01+0300: Controller: play w P13
2026-04-02 15:46:01+0300: = 
2026-04-02 15:46:01+0300: Controller: play b Q12
2026-04-02 15:46:01+0300: = 
2026-04-02 15:46:01+0300: Controller: play w Q13
2026-04-02 15:46:01+0300: = 
2026-04-02 15:46:01+0300: Controller: play b R12
2026-04-02 15:46:01+0300: = 
2026-04-02 15:46:01+0300: Controller: clear_board
2026-04-02 15:46:01+0300: = 
2026-04-02 15:46:01+0300: Controller: play b Q16
2026-04-02 15:46:01+0300: = 
2026-04-02 15:46:01+0300: Controller: play w O14
2026-04-02 15:46:01+0300: = 
2026-04-02 15:46:01+0300: Controller: play b L15
2026-04-02 15:46:01+0300: = 
2026-04-02 15:46:01+0300: Controller: play w J16
2026-04-02 15:46:01+0300: = 
2026-04-02 15:46:01+0300: Controller: play b H13
2026-04-02 15:46:01+0300: = 
2026-04-02 15:46:01+0300: Controller: play w L11
2026-04-02 15:46:01+0300: = 
2026-04-02 15:46:01+0300: Controller: play b O12
2026-04-02 15:46:01+0300: = 
2026-04-02 15:46:01+0300: Controller: play w O13
2026-04-02 15:46:01+0300: = 
2026-04-02 15:46:01+0300: Controller: play b H16
2026-04-02 15:46:01+0300: = 
2026-04-02 15:46:01+0300: Controller: play w G13
2026-04-02 15:46:01+0300: = 
2026-04-02 15:46:01+0300: Controller: play b G11
2026-04-02 15:46:01+0300: = 
2026-04-02 15:46:01+0300: Controller: play w K9
2026-04-02 15:46:01+0300: = 
2026-04-02 15:46:01+0300: Controller: play b N8
2026-04-02 15:46:01+0300: = 
2026-04-02 15:46:01+0300: Controller: play w O10
2026-04-02 15:46:01+0300: = 
2026-04-02 15:46:01+0300: Controller: play b J14
2026-04-02 15:46:01+0300: = 
2026-04-02 15:46:01+0300: Controller: play w K15
2026-04-02 15:46:01+0300: = 
2026-04-02 15:46:01+0300: Controller: play b P12
2026-04-02 15:46:01+0300: = 
2026-04-02 15:46:01+0300: Controller: play w P13
2026-04-02 15:46:01+0300: = 
2026-04-02 15:46:01+0300: Controller: play b Q12
2026-04-02 15:46:01+0300: = 
2026-04-02 15:46:01+0300: Controller: play w Q13
2026-04-02 15:46:01+0300: = 
2026-04-02 15:46:01+0300: Controller: play b R12
2026-04-02 15:46:01+0300: = 
2026-04-02 15:46:01+0300: Controller: clear_board
2026-04-02 15:46:01+0300: = 
2026-04-02 15:46:01+0300: Controller: play b Q16
2026-04-02 15:46:01+0300: = 
2026-04-02 15:46:01+0300: Controller: play w O14
2026-04-02 15:46:01+0300: = 
2026-04-02 15:46:01+0300: Controller: play b L15
2026-04-02 15:46:01+0300: = 
2026-04-02 15:46:01+0300: Controller: play w J16
2026-04-02 15:46:01+0300: = 
2026-04-02 15:46:01+0300: Controller: play b H13
2026-04-02 15:46:01+0300: = 
2026-04-02 15:46:01+0300: Controller: play w L11
2026-04-02 15:46:01+0300: = 
2026-04-02 15:46:01+0300: Controller: play b O12
2026-04-02 15:46:01+0300: = 
2026-04-02 15:46:01+0300: Controller: play w O13
2026-04-02 15:46:01+0300: = 
2026-04-02 15:46:01+0300: Controller: play b H16
2026-04-02 15:46:01+0300: = 
2026-04-02 15:46:01+0300: Controller: play w G13
2026-04-02 15:46:01+0300: = 
2026-04-02 15:46:01+0300: Controller: play b G11
2026-04-02 15:46:01+0300: = 
2026-04-02 15:46:01+0300: Controller: play w K9
2026-04-02 15:46:01+0300: = 
2026-04-02 15:46:01+0300: Controller: play b N8
2026-04-02 15:46:01+0300: = 
2026-04-02 15:46:01+0300: Controller: play w O10
2026-04-02 15:46:01+0300: = 
2026-04-02 15:46:01+0300: Controller: play b J14
2026-04-02 15:46:01+0300: = 
2026-04-02 15:46:01+0300: Controller: play w K15
2026-04-02 15:46:01+0300: = 
2026-04-02 15:46:01+0300: Controller: play b P12
2026-04-02 15:46:01+0300: = 
2026-04-02 15:46:01+0300: Controller: play w P13
2026-04-02 15:46:01+0300: = 
2026-04-02 15:46:01+0300: Controller: play b Q12
2026-04-02 15:46:01+0300: = 
2026-04-02 15:46:01+0300: Controller: play w Q13
2026-04-02 15:46:01+0300: = 
2026-04-02 15:46:56+0300: Controller: clear_board
2026-04-02 15:46:56+0300: = 
2026-04-02 15:46:56+0300: Controller: play b Q16
2026-04-02 15:46:56+0300: = 
2026-04-02 15:46:56+0300: Controller: play w O14
2026-04-02 15:46:56+0300: = 
2026-04-02 15:46:56+0300: Controller: play b L15
2026-04-02 15:46:56+0300: = 
2026-04-02 15:46:56+0300: Controller: play w J16
2026-04-02 15:46:56+0300: = 
2026-04-02 15:46:56+0300: Controller: play b H13
2026-04-02 15:46:56+0300: = 
2026-04-02 15:46:56+0300: Controller: play w L11
2026-04-02 15:46:56+0300: = 
2026-04-02 15:46:56+0300: Controller: play b O12
2026-04-02 15:46:56+0300: = 
2026-04-02 15:46:56+0300: Controller: play w O13
2026-04-02 15:46:56+0300: = 
2026-04-02 15:46:56+0300: Controller: play b H16
2026-04-02 15:46:56+0300: = 
2026-04-02 15:46:56+0300: Controller: play w G13
2026-04-02 15:46:56+0300: = 
2026-04-02 15:46:56+0300: Controller: play b G11
2026-04-02 15:46:56+0300: = 
2026-04-02 15:46:56+0300: Controller: play w K9
2026-04-02 15:46:56+0300: = 
2026-04-02 15:46:56+0300: Controller: play b N8
2026-04-02 15:46:56+0300: = 
2026-04-02 15:46:56+0300: Controller: play w O10
2026-04-02 15:46:56+0300: = 
2026-04-02 15:46:56+0300: Controller: play b J14
2026-04-02 15:46:56+0300: = 
2026-04-02 15:46:57+0300: Controller: clear_board
2026-04-02 15:46:57+0300: = 
2026-04-02 15:46:57+0300: Controller: play b Q16
2026-04-02 15:46:57+0300: = 
2026-04-02 15:46:57+0300: Controller: play w O14
2026-04-02 15:46:57+0300: = 
2026-04-02 15:46:58+0300: Controller: clear_board
2026-04-02 15:46:58+0300: = 
2026-04-02 15:46:58+0300: Controller: play b N10
2026-04-02 15:46:58+0300: = 
2026-04-02 15:46:58+0300: Controller: play w L13
2026-04-02 15:46:58+0300: = 
2026-04-02 15:46:59+0300: Controller: clear_board
2026-04-02 15:46:59+0300: = 
2026-04-02 15:46:59+0300: Controller: play b Q16
2026-04-02 15:46:59+0300: = 
2026-04-02 15:46:59+0300: Controller: play w O14
2026-04-02 15:46:59+0300: = 
2026-04-02 15:46:59+0300: Controller: play b L15
2026-04-02 15:46:59+0300: = 
2026-04-02 15:47:00+0300: Controller: clear_board
2026-04-02 15:47:00+0300: = 
2026-04-02 15:47:00+0300: Controller: play b N10
2026-04-02 15:47:00+0300: = 
2026-04-02 15:47:00+0300: Controller: play w L13
2026-04-02 15:47:00+0300: = 
2026-04-02 15:47:00+0300: Controller: play b H13
2026-04-02 15:47:00+0300: = 
2026-04-02 15:47:01+0300: Controller: clear_board
2026-04-02 15:47:01+0300: = 
2026-04-02 15:47:01+0300: Controller: play b Q16
2026-04-02 15:47:01+0300: = 
2026-04-02 15:47:01+0300: Controller: play w O14
2026-04-02 15:47:01+0300: = 
2026-04-02 15:47:01+0300: Controller: play b L15
2026-04-02 15:47:01+0300: = 
2026-04-02 15:47:01+0300: Controller: play w J16
2026-04-02 15:47:01+0300: = 
2026-04-02 15:47:01+0300: Controller: play b H13
2026-04-02 15:47:01+0300: = 
2026-04-02 15:47:48+0300: Controller: clear_board
2026-04-02 15:47:48+0300: = 
2026-04-02 15:47:48+0300: Controller: clear_board
2026-04-02 15:47:48+0300: = 
2026-04-02 15:47:48+0300: Controller: clear_board
2026-04-02 15:47:48+0300: = 
2026-04-02 15:47:50+0300: Controller: play b R13
2026-04-02 15:47:50+0300: = 
2026-04-02 15:47:51+0300: Controller: play w P13
2026-04-02 15:47:51+0300: = 
2026-04-02 15:47:51+0300: Controller: play b M12
2026-04-02 15:47:51+0300: = 
2026-04-02 15:47:51+0300: Controller: play w K11
2026-04-02 15:47:51+0300: = 
2026-04-02 15:47:51+0300: Controller: play b H8
2026-04-02 15:47:51+0300: = 
2026-04-02 15:47:52+0300: Controller: play w M6
2026-04-02 15:47:52+0300: = 
2026-04-02 15:47:52+0300: Controller: play b R6
2026-04-02 15:47:52+0300: = 
2026-04-02 15:47:52+0300: Controller: play w R8
2026-04-02 15:47:52+0300: = 
2026-04-02 15:47:52+0300: Controller: play b R9
2026-04-02 15:47:52+0300: = 
2026-04-02 15:47:52+0300: Controller: play w P9
2026-04-02 15:47:52+0300: = 
2026-04-02 15:47:53+0300: Controller: play b P8
2026-04-02 15:47:53+0300: = 
2026-04-02 15:47:54+0300: GPU -1 finishing, processed 0 rows 0 batches
2026-04-02 15:47:54+0300: All cleaned up, quitting
