2026-04-02 22:33:11+0300: Running with following config:
allowResignation = true
lagBuffer = 1.0
logAllGTPCommunication = true
logDir = gtp_logs
logSearchInfo = true
logSearchInfoForChosenMove = false
logToStderr = false
maxTimePondering = 60.0
maxVisits = 500
numSearchThreads = 20
ponderingEnabled = false
resignConsecTurns = 3
resignThreshold = -0.90
rules = tromp-taylor
searchFactorAfterOnePass = 0.50
searchFactorAfterTwoPass = 0.25
searchFactorWhenWinning = 0.40
searchFactorWhenWinningThreshold = 0.95

2026-04-02 22:33:11+0300: GTP Engine starting...
2026-04-02 22:33:11+0300: KataGo v1.16.4
2026-04-02 22:33:11+0300: Using TrompTaylor rules initially, unless GTP/GUI overrides this
2026-04-02 22:33:11+0300: Using 20 CPU thread(s) for search
2026-04-02 22:33:11+0300: nnRandSeed0 = 14925934341334412362
2026-04-02 22:33:11+0300: After dedups: nnModelFile0 = D:\Projects\Hoshi\KataGo\default_model.bin.gz useFP16 auto useNHWC auto
2026-04-02 22:33:11+0300: Initializing neural net buffer to be size 19 * 19 exactly
2026-04-02 22:33:16+0300: Cuda backend thread 0: Found GPU NVIDIA GeForce RTX 2060 memory 6441992192 compute capability major 7 minor 5
2026-04-02 22:33:16+0300: Cuda backend thread 0: Model version 15 useFP16 = true useNHWC = true
2026-04-02 22:33:16+0300: Cuda backend thread 0: Model name: zhizi_hzy_b28_muonfd2
2026-04-02 22:33:17+0300: Loaded neural net with nnXLen 19 nnYLen 19
2026-04-02 22:33:17+0300: Initializing board with boardXSize 19 boardYSize 19
2026-04-02 22:33:17+0300: Loaded config D:\Projects\Hoshi\KataGo\default_gtp.cfg
2026-04-02 22:33:17+0300: Loaded model D:\Projects\Hoshi\KataGo\default_model.bin.gz
2026-04-02 22:33:17+0300: Model name: zhizi_hzy_b28_muonfd2
2026-04-02 22:33:17+0300: GTP ready, beginning main protocol loop
2026-04-02 22:38:11+0300: Controller: play b Q16
2026-04-02 22:38:11+0300: = 
2026-04-02 22:38:11+0300: Controller: clear_board
2026-04-02 22:38:11+0300: = 
2026-04-02 22:38:11+0300: Controller: play b Q16
2026-04-02 22:38:11+0300: = 
2026-04-02 22:38:12+0300: Controller: play w P15
2026-04-02 22:38:12+0300: = 
2026-04-02 22:38:12+0300: Controller: clear_board
2026-04-02 22:38:12+0300: = 
2026-04-02 22:38:12+0300: Controller: play b Q16
2026-04-02 22:38:12+0300: = 
2026-04-02 22:38:12+0300: Controller: play w P15
2026-04-02 22:38:12+0300: = 
2026-04-02 22:38:13+0300: Controller: play b Q15
2026-04-02 22:38:13+0300: = 
2026-04-02 22:38:13+0300: Controller: clear_board
2026-04-02 22:38:13+0300: = 
2026-04-02 22:38:13+0300: Controller: play b Q16
2026-04-02 22:38:13+0300: = 
2026-04-02 22:38:13+0300: Controller: play w P15
2026-04-02 22:38:13+0300: = 
2026-04-02 22:38:13+0300: Controller: play b Q15
2026-04-02 22:38:13+0300: = 
2026-04-02 22:38:13+0300: Controller: play w Q14
2026-04-02 22:38:13+0300: = 
2026-04-02 22:38:13+0300: Controller: clear_board
2026-04-02 22:38:13+0300: = 
2026-04-02 22:38:13+0300: Controller: play b Q16
2026-04-02 22:38:13+0300: = 
2026-04-02 22:38:13+0300: Controller: play w P15
2026-04-02 22:38:13+0300: = 
2026-04-02 22:38:13+0300: Controller: play b Q15
2026-04-02 22:38:13+0300: = 
2026-04-02 22:38:13+0300: Controller: play w Q14
2026-04-02 22:38:13+0300: = 
2026-04-02 22:38:13+0300: Controller: play b P14
2026-04-02 22:38:13+0300: = 
2026-04-02 22:38:13+0300: Controller: clear_board
2026-04-02 22:38:13+0300: = 
2026-04-02 22:38:13+0300: Controller: play b Q16
2026-04-02 22:38:13+0300: = 
2026-04-02 22:38:13+0300: Controller: play w P15
2026-04-02 22:38:13+0300: = 
2026-04-02 22:38:13+0300: Controller: play b Q15
2026-04-02 22:38:13+0300: = 
2026-04-02 22:38:13+0300: Controller: play w Q14
2026-04-02 22:38:13+0300: = 
2026-04-02 22:38:13+0300: Controller: play b P14
2026-04-02 22:38:13+0300: = 
2026-04-02 22:38:14+0300: Controller: play w Q13
2026-04-02 22:38:14+0300: = 
2026-04-02 22:38:14+0300: Controller: clear_board
2026-04-02 22:38:14+0300: = 
2026-04-02 22:38:14+0300: Controller: play b Q16
2026-04-02 22:38:14+0300: = 
2026-04-02 22:38:14+0300: Controller: play w P15
2026-04-02 22:38:14+0300: = 
2026-04-02 22:38:14+0300: Controller: play b Q15
2026-04-02 22:38:14+0300: = 
2026-04-02 22:38:14+0300: Controller: play w Q14
2026-04-02 22:38:14+0300: = 
2026-04-02 22:38:14+0300: Controller: play b P14
2026-04-02 22:38:14+0300: = 
2026-04-02 22:38:14+0300: Controller: play w Q13
2026-04-02 22:38:14+0300: = 
2026-04-02 22:38:14+0300: Controller: play b Q12
2026-04-02 22:38:14+0300: = 
2026-04-02 22:38:14+0300: Controller: clear_board
2026-04-02 22:38:14+0300: = 
2026-04-02 22:38:14+0300: Controller: play b Q16
2026-04-02 22:38:14+0300: = 
2026-04-02 22:38:14+0300: Controller: play w P15
2026-04-02 22:38:14+0300: = 
2026-04-02 22:38:14+0300: Controller: play b Q15
2026-04-02 22:38:14+0300: = 
2026-04-02 22:38:14+0300: Controller: play w Q14
2026-04-02 22:38:14+0300: = 
2026-04-02 22:38:14+0300: Controller: play b P14
2026-04-02 22:38:14+0300: = 
2026-04-02 22:38:14+0300: Controller: play w Q13
2026-04-02 22:38:14+0300: = 
2026-04-02 22:38:14+0300: Controller: play b Q12
2026-04-02 22:38:14+0300: = 
2026-04-02 22:38:15+0300: Controller: play w P12
2026-04-02 22:38:15+0300: = 
2026-04-02 22:38:15+0300: Controller: clear_board
2026-04-02 22:38:15+0300: = 
2026-04-02 22:38:15+0300: Controller: play b Q16
2026-04-02 22:38:15+0300: = 
2026-04-02 22:38:15+0300: Controller: play w P15
2026-04-02 22:38:15+0300: = 
2026-04-02 22:38:15+0300: Controller: play b Q15
2026-04-02 22:38:15+0300: = 
2026-04-02 22:38:15+0300: Controller: play w Q14
2026-04-02 22:38:15+0300: = 
2026-04-02 22:38:15+0300: Controller: play b P14
2026-04-02 22:38:15+0300: = 
2026-04-02 22:38:15+0300: Controller: play w Q13
2026-04-02 22:38:15+0300: = 
2026-04-02 22:38:15+0300: Controller: play b Q12
2026-04-02 22:38:15+0300: = 
2026-04-02 22:38:15+0300: Controller: play w P12
2026-04-02 22:38:15+0300: = 
2026-04-02 22:38:15+0300: Controller: play b O11
2026-04-02 22:38:15+0300: = 
2026-04-02 22:38:15+0300: Controller: clear_board
2026-04-02 22:38:15+0300: = 
2026-04-02 22:38:15+0300: Controller: play b Q16
2026-04-02 22:38:15+0300: = 
2026-04-02 22:38:15+0300: Controller: play w P15
2026-04-02 22:38:15+0300: = 
2026-04-02 22:38:15+0300: Controller: play b Q15
2026-04-02 22:38:15+0300: = 
2026-04-02 22:38:15+0300: Controller: play w Q14
2026-04-02 22:38:15+0300: = 
2026-04-02 22:38:15+0300: Controller: play b P14
2026-04-02 22:38:15+0300: = 
2026-04-02 22:38:15+0300: Controller: play w Q13
2026-04-02 22:38:15+0300: = 
2026-04-02 22:38:15+0300: Controller: play b Q12
2026-04-02 22:38:15+0300: = 
2026-04-02 22:38:15+0300: Controller: play w P12
2026-04-02 22:38:15+0300: = 
2026-04-02 22:38:15+0300: Controller: play b O11
2026-04-02 22:38:15+0300: = 
2026-04-02 22:38:17+0300: Controller: play w O8
2026-04-02 22:38:17+0300: = 
2026-04-02 22:38:17+0300: Controller: clear_board
2026-04-02 22:38:17+0300: = 
2026-04-02 22:38:17+0300: Controller: play b Q16
2026-04-02 22:38:17+0300: = 
2026-04-02 22:38:17+0300: Controller: play w P15
2026-04-02 22:38:17+0300: = 
2026-04-02 22:38:17+0300: Controller: play b Q15
2026-04-02 22:38:17+0300: = 
2026-04-02 22:38:17+0300: Controller: play w Q14
2026-04-02 22:38:17+0300: = 
2026-04-02 22:38:17+0300: Controller: play b P14
2026-04-02 22:38:17+0300: = 
2026-04-02 22:38:17+0300: Controller: play w Q13
2026-04-02 22:38:17+0300: = 
2026-04-02 22:38:17+0300: Controller: play b Q12
2026-04-02 22:38:17+0300: = 
2026-04-02 22:38:17+0300: Controller: play w P12
2026-04-02 22:38:17+0300: = 
2026-04-02 22:38:17+0300: Controller: play b O11
2026-04-02 22:38:17+0300: = 
2026-04-02 22:38:17+0300: Controller: play w O8
2026-04-02 22:38:17+0300: = 
2026-04-02 22:38:17+0300: Controller: play b M10
2026-04-02 22:38:17+0300: = 
2026-04-02 22:38:17+0300: Controller: clear_board
2026-04-02 22:38:17+0300: = 
2026-04-02 22:38:17+0300: Controller: play b Q16
2026-04-02 22:38:17+0300: = 
2026-04-02 22:38:17+0300: Controller: play w P15
2026-04-02 22:38:17+0300: = 
2026-04-02 22:38:17+0300: Controller: play b Q15
2026-04-02 22:38:17+0300: = 
2026-04-02 22:38:17+0300: Controller: play w Q14
2026-04-02 22:38:17+0300: = 
2026-04-02 22:38:17+0300: Controller: play b P14
2026-04-02 22:38:17+0300: = 
2026-04-02 22:38:17+0300: Controller: play w Q13
2026-04-02 22:38:17+0300: = 
2026-04-02 22:38:17+0300: Controller: play b Q12
2026-04-02 22:38:17+0300: = 
2026-04-02 22:38:17+0300: Controller: play w P12
2026-04-02 22:38:17+0300: = 
2026-04-02 22:38:17+0300: Controller: play b O11
2026-04-02 22:38:17+0300: = 
2026-04-02 22:38:17+0300: Controller: play w O8
2026-04-02 22:38:17+0300: = 
2026-04-02 22:38:17+0300: Controller: play b M10
2026-04-02 22:38:17+0300: = 
2026-04-02 22:38:17+0300: Controller: play w M13
2026-04-02 22:38:17+0300: = 
2026-04-02 22:38:17+0300: Controller: clear_board
2026-04-02 22:38:17+0300: = 
2026-04-02 22:38:17+0300: Controller: play b Q16
2026-04-02 22:38:17+0300: = 
2026-04-02 22:38:17+0300: Controller: play w P15
2026-04-02 22:38:17+0300: = 
2026-04-02 22:38:17+0300: Controller: play b Q15
2026-04-02 22:38:17+0300: = 
2026-04-02 22:38:17+0300: Controller: play w Q14
2026-04-02 22:38:17+0300: = 
2026-04-02 22:38:17+0300: Controller: play b P14
2026-04-02 22:38:17+0300: = 
2026-04-02 22:38:17+0300: Controller: play w Q13
2026-04-02 22:38:17+0300: = 
2026-04-02 22:38:17+0300: Controller: play b Q12
2026-04-02 22:38:17+0300: = 
2026-04-02 22:38:17+0300: Controller: play w P12
2026-04-02 22:38:17+0300: = 
2026-04-02 22:38:17+0300: Controller: play b O11
2026-04-02 22:38:17+0300: = 
2026-04-02 22:38:17+0300: Controller: play w O8
2026-04-02 22:38:17+0300: = 
2026-04-02 22:38:17+0300: Controller: play b M10
2026-04-02 22:38:17+0300: = 
2026-04-02 22:38:17+0300: Controller: play w M13
2026-04-02 22:38:17+0300: = 
2026-04-02 22:38:18+0300: Controller: play b N14
2026-04-02 22:38:18+0300: = 
2026-04-02 22:38:18+0300: Controller: clear_board
2026-04-02 22:38:18+0300: = 
2026-04-02 22:38:18+0300: Controller: play b Q16
2026-04-02 22:38:18+0300: = 
2026-04-02 22:38:18+0300: Controller: play w P15
2026-04-02 22:38:18+0300: = 
2026-04-02 22:38:18+0300: Controller: play b Q15
2026-04-02 22:38:18+0300: = 
2026-04-02 22:38:18+0300: Controller: play w Q14
2026-04-02 22:38:18+0300: = 
2026-04-02 22:38:18+0300: Controller: play b P14
2026-04-02 22:38:18+0300: = 
2026-04-02 22:38:18+0300: Controller: play w Q13
2026-04-02 22:38:18+0300: = 
2026-04-02 22:38:18+0300: Controller: play b Q12
2026-04-02 22:38:18+0300: = 
2026-04-02 22:38:18+0300: Controller: play w P12
2026-04-02 22:38:18+0300: = 
2026-04-02 22:38:18+0300: Controller: play b O11
2026-04-02 22:38:18+0300: = 
2026-04-02 22:38:18+0300: Controller: play w O8
2026-04-02 22:38:18+0300: = 
2026-04-02 22:38:18+0300: Controller: play b M10
2026-04-02 22:38:18+0300: = 
2026-04-02 22:38:18+0300: Controller: play w M13
2026-04-02 22:38:18+0300: = 
2026-04-02 22:38:18+0300: Controller: play b N14
2026-04-02 22:38:18+0300: = 
2026-04-02 22:38:18+0300: Controller: play w L16
2026-04-02 22:38:18+0300: = 
2026-04-02 22:38:18+0300: Controller: clear_board
2026-04-02 22:38:18+0300: = 
2026-04-02 22:38:18+0300: Controller: play b Q16
2026-04-02 22:38:18+0300: = 
2026-04-02 22:38:18+0300: Controller: play w P15
2026-04-02 22:38:18+0300: = 
2026-04-02 22:38:18+0300: Controller: play b Q15
2026-04-02 22:38:18+0300: = 
2026-04-02 22:38:18+0300: Controller: play w Q14
2026-04-02 22:38:18+0300: = 
2026-04-02 22:38:18+0300: Controller: play b P14
2026-04-02 22:38:18+0300: = 
2026-04-02 22:38:18+0300: Controller: play w Q13
2026-04-02 22:38:18+0300: = 
2026-04-02 22:38:18+0300: Controller: play b Q12
2026-04-02 22:38:18+0300: = 
2026-04-02 22:38:18+0300: Controller: play w P12
2026-04-02 22:38:18+0300: = 
2026-04-02 22:38:18+0300: Controller: play b O11
2026-04-02 22:38:18+0300: = 
2026-04-02 22:38:18+0300: Controller: play w O8
2026-04-02 22:38:18+0300: = 
2026-04-02 22:38:18+0300: Controller: play b M10
2026-04-02 22:38:18+0300: = 
2026-04-02 22:38:18+0300: Controller: play w M13
2026-04-02 22:38:18+0300: = 
2026-04-02 22:38:18+0300: Controller: play b N14
2026-04-02 22:38:18+0300: = 
2026-04-02 22:38:18+0300: Controller: play w L16
2026-04-02 22:38:18+0300: = 
2026-04-02 22:38:18+0300: Controller: play b J14
2026-04-02 22:38:18+0300: = 
2026-04-02 22:38:18+0300: Controller: clear_board
2026-04-02 22:38:18+0300: = 
2026-04-02 22:38:18+0300: Controller: play b Q16
2026-04-02 22:38:18+0300: = 
2026-04-02 22:38:18+0300: Controller: play w P15
2026-04-02 22:38:18+0300: = 
2026-04-02 22:38:18+0300: Controller: play b Q15
2026-04-02 22:38:18+0300: = 
2026-04-02 22:38:18+0300: Controller: play w Q14
2026-04-02 22:38:18+0300: = 
2026-04-02 22:38:18+0300: Controller: play b P14
2026-04-02 22:38:18+0300: = 
2026-04-02 22:38:18+0300: Controller: play w Q13
2026-04-02 22:38:18+0300: = 
2026-04-02 22:38:18+0300: Controller: play b Q12
2026-04-02 22:38:18+0300: = 
2026-04-02 22:38:18+0300: Controller: play w P12
2026-04-02 22:38:18+0300: = 
2026-04-02 22:38:18+0300: Controller: play b O11
2026-04-02 22:38:18+0300: = 
2026-04-02 22:38:18+0300: Controller: play w O8
2026-04-02 22:38:18+0300: = 
2026-04-02 22:38:18+0300: Controller: play b M10
2026-04-02 22:38:18+0300: = 
2026-04-02 22:38:18+0300: Controller: play w M13
2026-04-02 22:38:18+0300: = 
2026-04-02 22:38:18+0300: Controller: play b N14
2026-04-02 22:38:18+0300: = 
2026-04-02 22:38:18+0300: Controller: play w L16
2026-04-02 22:38:18+0300: = 
2026-04-02 22:38:18+0300: Controller: play b J14
2026-04-02 22:38:18+0300: = 
2026-04-02 22:38:19+0300: Controller: clear_board
2026-04-02 22:38:19+0300: = 
2026-04-02 22:38:19+0300: Controller: play b Q16
2026-04-02 22:38:19+0300: = 
2026-04-02 22:38:19+0300: Controller: play w P15
2026-04-02 22:38:19+0300: = 
2026-04-02 22:38:19+0300: Controller: play b Q15
2026-04-02 22:38:19+0300: = 
2026-04-02 22:38:19+0300: Controller: play w Q14
2026-04-02 22:38:19+0300: = 
2026-04-02 22:38:19+0300: Controller: play b P14
2026-04-02 22:38:19+0300: = 
2026-04-02 22:38:19+0300: Controller: play w Q13
2026-04-02 22:38:19+0300: = 
2026-04-02 22:38:19+0300: Controller: play b Q12
2026-04-02 22:38:19+0300: = 
2026-04-02 22:38:20+0300: Controller: play w P11
2026-04-02 22:38:20+0300: = 
2026-04-02 22:38:20+0300: Controller: clear_board
2026-04-02 22:38:20+0300: = 
2026-04-02 22:38:20+0300: Controller: play b Q16
2026-04-02 22:38:20+0300: = 
2026-04-02 22:38:20+0300: Controller: play w P15
2026-04-02 22:38:20+0300: = 
2026-04-02 22:38:20+0300: Controller: play b Q15
2026-04-02 22:38:20+0300: = 
2026-04-02 22:38:20+0300: Controller: play w Q14
2026-04-02 22:38:20+0300: = 
2026-04-02 22:38:20+0300: Controller: play b P14
2026-04-02 22:38:20+0300: = 
2026-04-02 22:38:20+0300: Controller: play w Q13
2026-04-02 22:38:20+0300: = 
2026-04-02 22:38:20+0300: Controller: play b Q12
2026-04-02 22:38:20+0300: = 
2026-04-02 22:38:20+0300: Controller: play w P11
2026-04-02 22:38:20+0300: = 
2026-04-02 22:38:20+0300: Controller: play b O6
2026-04-02 22:38:20+0300: = 
2026-04-02 22:38:20+0300: Controller: clear_board
2026-04-02 22:38:20+0300: = 
2026-04-02 22:38:20+0300: Controller: play b Q16
2026-04-02 22:38:20+0300: = 
2026-04-02 22:38:20+0300: Controller: play w P15
2026-04-02 22:38:20+0300: = 
2026-04-02 22:38:20+0300: Controller: play b Q15
2026-04-02 22:38:20+0300: = 
2026-04-02 22:38:20+0300: Controller: play w Q14
2026-04-02 22:38:20+0300: = 
2026-04-02 22:38:20+0300: Controller: play b P14
2026-04-02 22:38:20+0300: = 
2026-04-02 22:38:20+0300: Controller: play w Q13
2026-04-02 22:38:20+0300: = 
2026-04-02 22:38:20+0300: Controller: play b Q12
2026-04-02 22:38:20+0300: = 
2026-04-02 22:38:20+0300: Controller: play w P11
2026-04-02 22:38:20+0300: = 
2026-04-02 22:38:20+0300: Controller: play b O6
2026-04-02 22:38:20+0300: = 
2026-04-02 22:38:20+0300: Controller: play w L7
2026-04-02 22:38:20+0300: = 
2026-04-02 22:38:20+0300: Controller: clear_board
2026-04-02 22:38:20+0300: = 
2026-04-02 22:38:20+0300: Controller: play b Q16
2026-04-02 22:38:20+0300: = 
2026-04-02 22:38:20+0300: Controller: play w P15
2026-04-02 22:38:20+0300: = 
2026-04-02 22:38:20+0300: Controller: play b Q15
2026-04-02 22:38:20+0300: = 
2026-04-02 22:38:20+0300: Controller: play w Q14
2026-04-02 22:38:20+0300: = 
2026-04-02 22:38:20+0300: Controller: play b P14
2026-04-02 22:38:20+0300: = 
2026-04-02 22:38:20+0300: Controller: play w Q13
2026-04-02 22:38:20+0300: = 
2026-04-02 22:38:20+0300: Controller: play b Q12
2026-04-02 22:38:20+0300: = 
2026-04-02 22:38:20+0300: Controller: play w P11
2026-04-02 22:38:20+0300: = 
2026-04-02 22:38:20+0300: Controller: play b O6
2026-04-02 22:38:20+0300: = 
2026-04-02 22:38:20+0300: Controller: play w L7
2026-04-02 22:38:20+0300: = 
2026-04-02 22:38:20+0300: Controller: play b K11
2026-04-02 22:38:20+0300: = 
2026-04-02 22:38:20+0300: Controller: clear_board
2026-04-02 22:38:20+0300: = 
2026-04-02 22:38:20+0300: Controller: play b Q16
2026-04-02 22:38:20+0300: = 
2026-04-02 22:38:20+0300: Controller: play w P15
2026-04-02 22:38:20+0300: = 
2026-04-02 22:38:20+0300: Controller: play b Q15
2026-04-02 22:38:20+0300: = 
2026-04-02 22:38:20+0300: Controller: play w Q14
2026-04-02 22:38:20+0300: = 
2026-04-02 22:38:20+0300: Controller: play b P14
2026-04-02 22:38:20+0300: = 
2026-04-02 22:38:20+0300: Controller: play w Q13
2026-04-02 22:38:20+0300: = 
2026-04-02 22:38:20+0300: Controller: play b Q12
2026-04-02 22:38:20+0300: = 
2026-04-02 22:38:20+0300: Controller: play w P11
2026-04-02 22:38:20+0300: = 
2026-04-02 22:38:20+0300: Controller: play b O6
2026-04-02 22:38:20+0300: = 
2026-04-02 22:38:20+0300: Controller: play w L7
2026-04-02 22:38:20+0300: = 
2026-04-02 22:38:20+0300: Controller: play b K11
2026-04-02 22:38:20+0300: = 
2026-04-02 22:38:20+0300: Controller: play w L13
2026-04-02 22:38:20+0300: = 
2026-04-02 22:38:20+0300: Controller: clear_board
2026-04-02 22:38:20+0300: = 
2026-04-02 22:38:20+0300: Controller: play b Q16
2026-04-02 22:38:20+0300: = 
2026-04-02 22:38:20+0300: Controller: play w P15
2026-04-02 22:38:20+0300: = 
2026-04-02 22:38:20+0300: Controller: play b Q15
2026-04-02 22:38:20+0300: = 
2026-04-02 22:38:20+0300: Controller: play w Q14
2026-04-02 22:38:20+0300: = 
2026-04-02 22:38:20+0300: Controller: play b P14
2026-04-02 22:38:20+0300: = 
2026-04-02 22:38:20+0300: Controller: play w Q13
2026-04-02 22:38:20+0300: = 
2026-04-02 22:38:20+0300: Controller: play b Q12
2026-04-02 22:38:20+0300: = 
2026-04-02 22:38:20+0300: Controller: play w P11
2026-04-02 22:38:20+0300: = 
2026-04-02 22:38:20+0300: Controller: play b O6
2026-04-02 22:38:20+0300: = 
2026-04-02 22:38:20+0300: Controller: play w L7
2026-04-02 22:38:20+0300: = 
2026-04-02 22:38:20+0300: Controller: play b K11
2026-04-02 22:38:20+0300: = 
2026-04-02 22:38:20+0300: Controller: play w L13
2026-04-02 22:38:20+0300: = 
2026-04-02 22:38:21+0300: Controller: play b L15
2026-04-02 22:38:21+0300: = 
2026-04-02 22:38:21+0300: Controller: clear_board
2026-04-02 22:38:21+0300: = 
2026-04-02 22:38:21+0300: Controller: play b Q16
2026-04-02 22:38:21+0300: = 
2026-04-02 22:38:21+0300: Controller: play w P15
2026-04-02 22:38:21+0300: = 
2026-04-02 22:38:21+0300: Controller: play b Q15
2026-04-02 22:38:21+0300: = 
2026-04-02 22:38:21+0300: Controller: play w Q14
2026-04-02 22:38:21+0300: = 
2026-04-02 22:38:21+0300: Controller: play b P14
2026-04-02 22:38:21+0300: = 
2026-04-02 22:38:21+0300: Controller: play w Q13
2026-04-02 22:38:21+0300: = 
2026-04-02 22:38:21+0300: Controller: play b Q12
2026-04-02 22:38:21+0300: = 
2026-04-02 22:38:21+0300: Controller: play w P11
2026-04-02 22:38:21+0300: = 
2026-04-02 22:38:21+0300: Controller: play b O6
2026-04-02 22:38:21+0300: = 
2026-04-02 22:38:21+0300: Controller: play w L7
2026-04-02 22:38:21+0300: = 
2026-04-02 22:38:21+0300: Controller: play b K11
2026-04-02 22:38:21+0300: = 
2026-04-02 22:38:21+0300: Controller: play w L13
2026-04-02 22:38:21+0300: = 
2026-04-02 22:38:21+0300: Controller: play b L15
2026-04-02 22:38:21+0300: = 
2026-04-02 22:38:24+0300: Controller: clear_board
2026-04-02 22:38:24+0300: = 
2026-04-02 22:38:24+0300: Controller: play b Q16
2026-04-02 22:38:24+0300: = 
2026-04-02 22:38:24+0300: Controller: play w P15
2026-04-02 22:38:24+0300: = 
2026-04-02 22:38:24+0300: Controller: play b Q15
2026-04-02 22:38:24+0300: = 
2026-04-02 22:38:24+0300: Controller: play w Q14
2026-04-02 22:38:24+0300: = 
2026-04-02 22:38:24+0300: Controller: play b O11
2026-04-02 22:38:24+0300: = 
2026-04-02 22:38:24+0300: Controller: clear_board
2026-04-02 22:38:24+0300: = 
2026-04-02 22:38:24+0300: Controller: play b Q16
2026-04-02 22:38:24+0300: = 
2026-04-02 22:38:24+0300: Controller: play w P15
2026-04-02 22:38:24+0300: = 
2026-04-02 22:38:24+0300: Controller: play b Q15
2026-04-02 22:38:24+0300: = 
2026-04-02 22:38:24+0300: Controller: play w Q14
2026-04-02 22:38:24+0300: = 
2026-04-02 22:38:24+0300: Controller: play b O11
2026-04-02 22:38:24+0300: = 
2026-04-02 22:38:25+0300: Controller: play w L14
2026-04-02 22:38:25+0300: = 
2026-04-02 22:38:25+0300: Controller: clear_board
2026-04-02 22:38:25+0300: = 
2026-04-02 22:38:25+0300: Controller: play b Q16
2026-04-02 22:38:25+0300: = 
2026-04-02 22:38:25+0300: Controller: play w P15
2026-04-02 22:38:25+0300: = 
2026-04-02 22:38:25+0300: Controller: play b Q15
2026-04-02 22:38:25+0300: = 
2026-04-02 22:38:25+0300: Controller: play w Q14
2026-04-02 22:38:25+0300: = 
2026-04-02 22:38:25+0300: Controller: play b O11
2026-04-02 22:38:25+0300: = 
2026-04-02 22:38:25+0300: Controller: play w L14
2026-04-02 22:38:25+0300: = 
2026-04-02 22:38:25+0300: Controller: play b N16
2026-04-02 22:38:25+0300: = 
2026-04-02 22:38:25+0300: Controller: clear_board
2026-04-02 22:38:25+0300: = 
2026-04-02 22:38:25+0300: Controller: play b Q16
2026-04-02 22:38:25+0300: = 
2026-04-02 22:38:25+0300: Controller: play w P15
2026-04-02 22:38:25+0300: = 
2026-04-02 22:38:25+0300: Controller: play b Q15
2026-04-02 22:38:25+0300: = 
2026-04-02 22:38:25+0300: Controller: play w Q14
2026-04-02 22:38:25+0300: = 
2026-04-02 22:38:25+0300: Controller: play b O11
2026-04-02 22:38:25+0300: = 
2026-04-02 22:38:25+0300: Controller: play w L14
2026-04-02 22:38:25+0300: = 
2026-04-02 22:38:25+0300: Controller: play b N16
2026-04-02 22:38:25+0300: = 
2026-04-02 22:38:26+0300: Controller: play w R11
2026-04-02 22:38:26+0300: = 
2026-04-02 22:38:26+0300: Controller: clear_board
2026-04-02 22:38:26+0300: = 
2026-04-02 22:38:26+0300: Controller: play b Q16
2026-04-02 22:38:26+0300: = 
2026-04-02 22:38:26+0300: Controller: play w P15
2026-04-02 22:38:26+0300: = 
2026-04-02 22:38:26+0300: Controller: play b Q15
2026-04-02 22:38:26+0300: = 
2026-04-02 22:38:26+0300: Controller: play w Q14
2026-04-02 22:38:26+0300: = 
2026-04-02 22:38:26+0300: Controller: play b O11
2026-04-02 22:38:26+0300: = 
2026-04-02 22:38:26+0300: Controller: play w L14
2026-04-02 22:38:26+0300: = 
2026-04-02 22:38:26+0300: Controller: play b N16
2026-04-02 22:38:26+0300: = 
2026-04-02 22:38:26+0300: Controller: play w R11
2026-04-02 22:38:26+0300: = 
2026-04-02 22:38:26+0300: Controller: play b Q9
2026-04-02 22:38:26+0300: = 
2026-04-02 22:38:26+0300: Controller: clear_board
2026-04-02 22:38:26+0300: = 
2026-04-02 22:38:26+0300: Controller: play b Q16
2026-04-02 22:38:26+0300: = 
2026-04-02 22:38:26+0300: Controller: play w P15
2026-04-02 22:38:26+0300: = 
2026-04-02 22:38:26+0300: Controller: play b Q15
2026-04-02 22:38:26+0300: = 
2026-04-02 22:38:26+0300: Controller: play w Q14
2026-04-02 22:38:26+0300: = 
2026-04-02 22:38:26+0300: Controller: play b O11
2026-04-02 22:38:26+0300: = 
2026-04-02 22:38:26+0300: Controller: play w L14
2026-04-02 22:38:26+0300: = 
2026-04-02 22:38:26+0300: Controller: play b N16
2026-04-02 22:38:26+0300: = 
2026-04-02 22:38:26+0300: Controller: play w R11
2026-04-02 22:38:26+0300: = 
2026-04-02 22:38:26+0300: Controller: play b Q9
2026-04-02 22:38:26+0300: = 
