2026-04-02 16:02:15+0300: Running with following config:
allowResignation = true
lagBuffer = 1.0
logAllGTPCommunication = true
logDir = gtp_logs
logSearchInfo = true
logSearchInfoForChosenMove = false
logToStderr = false
maxTimePondering = 60.0
maxVisits = 500
numSearchThreads = 20
ponderingEnabled = false
resignConsecTurns = 3
resignThreshold = -0.90
rules = tromp-taylor
searchFactorAfterOnePass = 0.50
searchFactorAfterTwoPass = 0.25
searchFactorWhenWinning = 0.40
searchFactorWhenWinningThreshold = 0.95

2026-04-02 16:02:15+0300: GTP Engine starting...
2026-04-02 16:02:15+0300: KataGo v1.16.4
2026-04-02 16:02:15+0300: Using TrompTaylor rules initially, unless GTP/GUI overrides this
2026-04-02 16:02:15+0300: Using 20 CPU thread(s) for search
2026-04-02 16:02:15+0300: nnRandSeed0 = 988194454402447516
2026-04-02 16:02:15+0300: After dedups: nnModelFile0 = D:\Projects\Hoshi\KataGo\default_model.bin.gz useFP16 auto useNHWC auto
2026-04-02 16:02:15+0300: Initializing neural net buffer to be size 19 * 19 exactly
