2026-04-02 15:17:36+0300: Running with following config:
allowResignation = true
lagBuffer = 1.0
logAllGTPCommunication = true
logDir = gtp_logs
logSearchInfo = true
logSearchInfoForChosenMove = false
logToStderr = false
maxTimePondering = 60.0
maxVisits = 500
numSearchThreads = 20
ponderingEnabled = false
resignConsecTurns = 3
resignThreshold = -0.90
rules = tromp-taylor
searchFactorAfterOnePass = 0.50
searchFactorAfterTwoPass = 0.25
searchFactorWhenWinning = 0.40
searchFactorWhenWinningThreshold = 0.95

2026-04-02 15:17:36+0300: GTP Engine starting...
2026-04-02 15:17:36+0300: KataGo v1.16.4
2026-04-02 15:17:36+0300: Using TrompTaylor rules initially, unless GTP/GUI overrides this
2026-04-02 15:17:36+0300: Using 20 CPU thread(s) for search
2026-04-02 15:17:36+0300: nnRandSeed0 = 12969715303279270845
2026-04-02 15:17:36+0300: After dedups: nnModelFile0 = D:\Projects\Hoshi\KataGo\default_model.bin.gz useFP16 auto useNHWC auto
2026-04-02 15:17:36+0300: Initializing neural net buffer to be size 19 * 19 exactly
2026-04-02 15:17:40+0300: Cuda backend thread 0: Found GPU NVIDIA GeForce RTX 2060 memory 6441992192 compute capability major 7 minor 5
2026-04-02 15:17:40+0300: Cuda backend thread 0: Model version 15 useFP16 = true useNHWC = true
2026-04-02 15:17:40+0300: Cuda backend thread 0: Model name: zhizi_hzy_b28_muonfd2
2026-04-02 15:17:41+0300: Loaded neural net with nnXLen 19 nnYLen 19
2026-04-02 15:17:41+0300: Initializing board with boardXSize 19 boardYSize 19
2026-04-02 15:17:41+0300: Loaded config D:\Projects\Hoshi\KataGo\default_gtp.cfg
2026-04-02 15:17:41+0300: Loaded model D:\Projects\Hoshi\KataGo\default_model.bin.gz
2026-04-02 15:17:41+0300: Model name: zhizi_hzy_b28_muonfd2
2026-04-02 15:17:41+0300: GTP ready, beginning main protocol loop
2026-04-02 15:17:44+0300: Controller: play b K16
2026-04-02 15:17:44+0300: = 
2026-04-02 15:17:45+0300: Controller: play w K14
2026-04-02 15:17:45+0300: = 
2026-04-02 15:17:46+0300: Controller: play b K12
2026-04-02 15:17:46+0300: = 
2026-04-02 15:17:47+0300: Controller: play w M13
2026-04-02 15:17:47+0300: = 
2026-04-02 15:17:48+0300: Controller: play b N14
2026-04-02 15:17:48+0300: = 
2026-04-02 15:17:48+0300: Controller: play w O15
2026-04-02 15:17:48+0300: = 
2026-04-02 15:17:52+0300: Controller: clear_board
2026-04-02 15:17:52+0300: = 
2026-04-02 15:18:36+0300: GPU -1 finishing, processed 0 rows 0 batches
2026-04-02 15:18:36+0300: All cleaned up, quitting
