2026-04-02 19:42:16+0300: Running with following config:
allowResignation = true
lagBuffer = 1.0
logAllGTPCommunication = true
logDir = gtp_logs
logSearchInfo = true
logSearchInfoForChosenMove = false
logToStderr = false
maxTimePondering = 60.0
maxVisits = 500
numSearchThreads = 20
ponderingEnabled = false
resignConsecTurns = 3
resignThreshold = -0.90
rules = tromp-taylor
searchFactorAfterOnePass = 0.50
searchFactorAfterTwoPass = 0.25
searchFactorWhenWinning = 0.40
searchFactorWhenWinningThreshold = 0.95

2026-04-02 19:42:16+0300: GTP Engine starting...
2026-04-02 19:42:16+0300: KataGo v1.16.4
2026-04-02 19:42:16+0300: Using TrompTaylor rules initially, unless GTP/GUI overrides this
2026-04-02 19:42:16+0300: Using 20 CPU thread(s) for search
2026-04-02 19:42:16+0300: nnRandSeed0 = 4825494860094020776
2026-04-02 19:42:16+0300: After dedups: nnModelFile0 = D:\Projects\Hoshi\KataGo\default_model.bin.gz useFP16 auto useNHWC auto
2026-04-02 19:42:16+0300: Initializing neural net buffer to be size 19 * 19 exactly
2026-04-02 19:42:20+0300: Cuda backend thread 0: Found GPU NVIDIA GeForce RTX 2060 memory 6441992192 compute capability major 7 minor 5
2026-04-02 19:42:20+0300: Cuda backend thread 0: Model version 15 useFP16 = true useNHWC = true
2026-04-02 19:42:20+0300: Cuda backend thread 0: Model name: zhizi_hzy_b28_muonfd2
2026-04-02 19:42:21+0300: Loaded neural net with nnXLen 19 nnYLen 19
2026-04-02 19:42:21+0300: Initializing board with boardXSize 19 boardYSize 19
2026-04-02 19:42:21+0300: Loaded config D:\Projects\Hoshi\KataGo\default_gtp.cfg
2026-04-02 19:42:21+0300: Loaded model D:\Projects\Hoshi\KataGo\default_model.bin.gz
2026-04-02 19:42:21+0300: Model name: zhizi_hzy_b28_muonfd2
2026-04-02 19:42:21+0300: GTP ready, beginning main protocol loop
2026-04-02 19:42:34+0300: Controller: play b Q16
2026-04-02 19:42:34+0300: = 
2026-04-02 19:42:34+0300: Controller: clear_board
2026-04-02 19:42:34+0300: = 
2026-04-02 19:42:34+0300: Controller: play b Q16
2026-04-02 19:42:34+0300: = 
2026-04-02 19:42:34+0300: Controller: play w N14
2026-04-02 19:42:34+0300: = 
2026-04-02 19:42:34+0300: Controller: clear_board
2026-04-02 19:42:34+0300: = 
2026-04-02 19:42:34+0300: Controller: play b Q16
2026-04-02 19:42:34+0300: = 
2026-04-02 19:42:34+0300: Controller: play w N14
2026-04-02 19:42:34+0300: = 
2026-04-02 19:42:35+0300: Controller: play b K13
2026-04-02 19:42:35+0300: = 
2026-04-02 19:42:35+0300: Controller: clear_board
2026-04-02 19:42:35+0300: = 
2026-04-02 19:42:35+0300: Controller: play b Q16
2026-04-02 19:42:35+0300: = 
2026-04-02 19:42:35+0300: Controller: play w N14
2026-04-02 19:42:35+0300: = 
2026-04-02 19:42:35+0300: Controller: play b K13
2026-04-02 19:42:35+0300: = 
2026-04-02 19:42:35+0300: Controller: play w J15
2026-04-02 19:42:35+0300: = 
2026-04-02 19:42:35+0300: Controller: clear_board
2026-04-02 19:42:35+0300: = 
2026-04-02 19:42:35+0300: Controller: play b Q16
2026-04-02 19:42:35+0300: = 
2026-04-02 19:42:35+0300: Controller: play w N14
2026-04-02 19:42:35+0300: = 
2026-04-02 19:42:35+0300: Controller: play b K13
2026-04-02 19:42:35+0300: = 
2026-04-02 19:42:35+0300: Controller: play w J15
2026-04-02 19:42:35+0300: = 
2026-04-02 19:42:35+0300: Controller: play b J16
2026-04-02 19:42:35+0300: = 
2026-04-02 19:42:35+0300: Controller: clear_board
2026-04-02 19:42:35+0300: = 
2026-04-02 19:42:35+0300: Controller: play b Q16
2026-04-02 19:42:35+0300: = 
2026-04-02 19:42:35+0300: Controller: play w N14
2026-04-02 19:42:35+0300: = 
2026-04-02 19:42:35+0300: Controller: play b K13
2026-04-02 19:42:35+0300: = 
2026-04-02 19:42:35+0300: Controller: play w J15
2026-04-02 19:42:35+0300: = 
2026-04-02 19:42:35+0300: Controller: play b J16
2026-04-02 19:42:35+0300: = 
2026-04-02 19:42:35+0300: Controller: play w G14
2026-04-02 19:42:35+0300: = 
2026-04-02 19:42:35+0300: Controller: clear_board
2026-04-02 19:42:35+0300: = 
2026-04-02 19:42:35+0300: Controller: play b Q16
2026-04-02 19:42:35+0300: = 
2026-04-02 19:42:35+0300: Controller: play w N14
2026-04-02 19:42:35+0300: = 
2026-04-02 19:42:35+0300: Controller: play b K13
2026-04-02 19:42:35+0300: = 
2026-04-02 19:42:35+0300: Controller: play w J15
2026-04-02 19:42:35+0300: = 
2026-04-02 19:42:35+0300: Controller: play b J16
2026-04-02 19:42:35+0300: = 
2026-04-02 19:42:35+0300: Controller: play w G14
2026-04-02 19:42:35+0300: = 
2026-04-02 19:42:35+0300: Controller: play b H11
2026-04-02 19:42:35+0300: = 
2026-04-02 19:42:35+0300: Controller: clear_board
2026-04-02 19:42:35+0300: = 
2026-04-02 19:42:35+0300: Controller: play b Q16
2026-04-02 19:42:35+0300: = 
2026-04-02 19:42:35+0300: Controller: play w N14
2026-04-02 19:42:35+0300: = 
2026-04-02 19:42:35+0300: Controller: play b K13
2026-04-02 19:42:35+0300: = 
2026-04-02 19:42:35+0300: Controller: play w J15
2026-04-02 19:42:35+0300: = 
2026-04-02 19:42:35+0300: Controller: play b J16
2026-04-02 19:42:35+0300: = 
2026-04-02 19:42:35+0300: Controller: play w G14
2026-04-02 19:42:35+0300: = 
2026-04-02 19:42:35+0300: Controller: play b H11
2026-04-02 19:42:35+0300: = 
2026-04-02 19:42:38+0300: Controller: clear_board
2026-04-02 19:42:38+0300: = 
2026-04-02 19:42:38+0300: Controller: play b Q16
2026-04-02 19:42:38+0300: = 
2026-04-02 19:42:38+0300: Controller: play w N14
2026-04-02 19:42:38+0300: = 
2026-04-02 19:42:38+0300: Controller: play b K13
2026-04-02 19:42:38+0300: = 
2026-04-02 19:42:38+0300: Controller: play w J15
2026-04-02 19:42:38+0300: = 
2026-04-02 19:42:38+0300: Controller: play b J16
2026-04-02 19:42:38+0300: = 
2026-04-02 19:42:38+0300: Controller: play w G14
2026-04-02 19:42:38+0300: = 
2026-04-02 19:42:38+0300: Controller: clear_board
2026-04-02 19:42:38+0300: = 
2026-04-02 19:42:38+0300: Controller: play b Q16
2026-04-02 19:42:38+0300: = 
2026-04-02 19:42:38+0300: Controller: play w N14
2026-04-02 19:42:38+0300: = 
2026-04-02 19:42:38+0300: Controller: play b K13
2026-04-02 19:42:38+0300: = 
2026-04-02 19:42:38+0300: Controller: play w J15
2026-04-02 19:42:38+0300: = 
2026-04-02 19:42:38+0300: Controller: play b J16
2026-04-02 19:42:38+0300: = 
2026-04-02 19:42:38+0300: Controller: clear_board
2026-04-02 19:42:38+0300: = 
2026-04-02 19:42:38+0300: Controller: play b Q16
2026-04-02 19:42:38+0300: = 
2026-04-02 19:42:38+0300: Controller: play w N14
2026-04-02 19:42:38+0300: = 
2026-04-02 19:42:38+0300: Controller: play b K13
2026-04-02 19:42:38+0300: = 
2026-04-02 19:42:38+0300: Controller: play w J15
2026-04-02 19:42:38+0300: = 
2026-04-02 19:42:39+0300: Controller: play b P12
2026-04-02 19:42:39+0300: = 
2026-04-02 19:42:39+0300: Controller: clear_board
2026-04-02 19:42:39+0300: = 
2026-04-02 19:42:39+0300: Controller: play b Q16
2026-04-02 19:42:39+0300: = 
2026-04-02 19:42:39+0300: Controller: play w N14
2026-04-02 19:42:39+0300: = 
2026-04-02 19:42:39+0300: Controller: play b K13
2026-04-02 19:42:39+0300: = 
2026-04-02 19:42:39+0300: Controller: play w J15
2026-04-02 19:42:39+0300: = 
2026-04-02 19:42:39+0300: Controller: play b P12
2026-04-02 19:42:39+0300: = 
2026-04-02 19:42:39+0300: Controller: play w P9
2026-04-02 19:42:39+0300: = 
2026-04-02 19:42:39+0300: Controller: clear_board
2026-04-02 19:42:39+0300: = 
2026-04-02 19:42:39+0300: Controller: play b Q16
2026-04-02 19:42:39+0300: = 
2026-04-02 19:42:39+0300: Controller: play w N14
2026-04-02 19:42:39+0300: = 
2026-04-02 19:42:39+0300: Controller: play b K13
2026-04-02 19:42:39+0300: = 
2026-04-02 19:42:39+0300: Controller: play w J15
2026-04-02 19:42:39+0300: = 
2026-04-02 19:42:39+0300: Controller: play b P12
2026-04-02 19:42:39+0300: = 
2026-04-02 19:42:39+0300: Controller: play w P9
2026-04-02 19:42:39+0300: = 
2026-04-02 19:42:39+0300: Controller: play b N6
2026-04-02 19:42:39+0300: = 
2026-04-02 19:42:39+0300: Controller: clear_board
2026-04-02 19:42:39+0300: = 
2026-04-02 19:42:39+0300: Controller: play b Q16
2026-04-02 19:42:39+0300: = 
2026-04-02 19:42:39+0300: Controller: play w N14
2026-04-02 19:42:39+0300: = 
2026-04-02 19:42:39+0300: Controller: play b K13
2026-04-02 19:42:39+0300: = 
2026-04-02 19:42:39+0300: Controller: play w J15
2026-04-02 19:42:39+0300: = 
2026-04-02 19:42:39+0300: Controller: play b P12
2026-04-02 19:42:39+0300: = 
2026-04-02 19:42:39+0300: Controller: play w P9
2026-04-02 19:42:39+0300: = 
2026-04-02 19:42:39+0300: Controller: play b N6
2026-04-02 19:42:39+0300: = 
2026-04-02 19:42:39+0300: Controller: play w L6
2026-04-02 19:42:39+0300: = 
2026-04-02 19:42:39+0300: Controller: clear_board
2026-04-02 19:42:39+0300: = 
2026-04-02 19:42:39+0300: Controller: play b Q16
2026-04-02 19:42:39+0300: = 
2026-04-02 19:42:39+0300: Controller: play w N14
2026-04-02 19:42:39+0300: = 
2026-04-02 19:42:39+0300: Controller: play b K13
2026-04-02 19:42:39+0300: = 
2026-04-02 19:42:39+0300: Controller: play w J15
2026-04-02 19:42:39+0300: = 
2026-04-02 19:42:39+0300: Controller: play b P12
2026-04-02 19:42:39+0300: = 
2026-04-02 19:42:39+0300: Controller: play w P9
2026-04-02 19:42:39+0300: = 
2026-04-02 19:42:39+0300: Controller: play b N6
2026-04-02 19:42:39+0300: = 
2026-04-02 19:42:39+0300: Controller: play w L6
2026-04-02 19:42:39+0300: = 
2026-04-02 19:42:40+0300: Controller: play b L8
2026-04-02 19:42:40+0300: = 
2026-04-02 19:42:40+0300: Controller: clear_board
2026-04-02 19:42:40+0300: = 
2026-04-02 19:42:40+0300: Controller: play b Q16
2026-04-02 19:42:40+0300: = 
2026-04-02 19:42:40+0300: Controller: play w N14
2026-04-02 19:42:40+0300: = 
2026-04-02 19:42:40+0300: Controller: play b K13
2026-04-02 19:42:40+0300: = 
2026-04-02 19:42:40+0300: Controller: play w J15
2026-04-02 19:42:40+0300: = 
2026-04-02 19:42:40+0300: Controller: play b P12
2026-04-02 19:42:40+0300: = 
2026-04-02 19:42:40+0300: Controller: play w P9
2026-04-02 19:42:40+0300: = 
2026-04-02 19:42:40+0300: Controller: play b N6
2026-04-02 19:42:40+0300: = 
2026-04-02 19:42:40+0300: Controller: play w L6
2026-04-02 19:42:40+0300: = 
2026-04-02 19:42:40+0300: Controller: play b L8
2026-04-02 19:42:40+0300: = 
2026-04-02 19:42:40+0300: Controller: clear_board
2026-04-02 19:42:40+0300: = 
2026-04-02 19:42:40+0300: Controller: play b Q16
2026-04-02 19:42:40+0300: = 
2026-04-02 19:42:40+0300: Controller: play w N14
2026-04-02 19:42:40+0300: = 
2026-04-02 19:42:40+0300: Controller: play b K13
2026-04-02 19:42:40+0300: = 
2026-04-02 19:42:40+0300: Controller: play w J15
2026-04-02 19:42:40+0300: = 
2026-04-02 19:42:40+0300: Controller: play b P12
2026-04-02 19:42:40+0300: = 
2026-04-02 19:42:40+0300: Controller: play w P9
2026-04-02 19:42:40+0300: = 
2026-04-02 19:42:40+0300: Controller: play b N6
2026-04-02 19:42:40+0300: = 
2026-04-02 19:42:40+0300: Controller: play w L6
2026-04-02 19:42:40+0300: = 
2026-04-02 19:42:40+0300: Controller: clear_board
2026-04-02 19:42:40+0300: = 
2026-04-02 19:42:40+0300: Controller: play b Q16
2026-04-02 19:42:40+0300: = 
2026-04-02 19:42:40+0300: Controller: play w N14
2026-04-02 19:42:40+0300: = 
2026-04-02 19:42:40+0300: Controller: play b K13
2026-04-02 19:42:40+0300: = 
2026-04-02 19:42:40+0300: Controller: play w J15
2026-04-02 19:42:40+0300: = 
2026-04-02 19:42:40+0300: Controller: play b P12
2026-04-02 19:42:40+0300: = 
2026-04-02 19:42:40+0300: Controller: play w P9
2026-04-02 19:42:40+0300: = 
2026-04-02 19:42:40+0300: Controller: play b N6
2026-04-02 19:42:40+0300: = 
2026-04-02 19:42:41+0300: Controller: clear_board
2026-04-02 19:42:41+0300: = 
2026-04-02 19:42:41+0300: Controller: play b Q16
2026-04-02 19:42:41+0300: = 
2026-04-02 19:42:41+0300: Controller: play w N14
2026-04-02 19:42:41+0300: = 
2026-04-02 19:42:41+0300: Controller: play b K13
2026-04-02 19:42:41+0300: = 
2026-04-02 19:42:41+0300: Controller: play w J15
2026-04-02 19:42:41+0300: = 
2026-04-02 19:42:41+0300: Controller: play b P12
2026-04-02 19:42:41+0300: = 
2026-04-02 19:42:41+0300: Controller: play w P9
2026-04-02 19:42:41+0300: = 
2026-04-02 19:42:41+0300: Controller: clear_board
2026-04-02 19:42:41+0300: = 
2026-04-02 19:42:42+0300: Controller: play b S11
2026-04-02 19:42:42+0300: = 
2026-04-02 19:42:42+0300: Controller: clear_board
2026-04-02 19:42:42+0300: = 
2026-04-02 19:42:42+0300: Controller: play b S11
2026-04-02 19:42:42+0300: = 
2026-04-02 19:42:42+0300: Controller: play w S7
2026-04-02 19:42:42+0300: = 
2026-04-02 19:42:42+0300: Controller: clear_board
2026-04-02 19:42:42+0300: = 
2026-04-02 19:42:42+0300: Controller: play b S11
2026-04-02 19:42:42+0300: = 
2026-04-02 19:42:42+0300: Controller: play w S7
2026-04-02 19:42:42+0300: = 
2026-04-02 19:42:42+0300: Controller: play b O4
2026-04-02 19:42:42+0300: = 
2026-04-02 19:42:42+0300: Controller: clear_board
2026-04-02 19:42:42+0300: = 
2026-04-02 19:42:42+0300: Controller: play b S11
2026-04-02 19:42:42+0300: = 
2026-04-02 19:42:42+0300: Controller: play w S7
2026-04-02 19:42:42+0300: = 
2026-04-02 19:42:42+0300: Controller: play b O4
2026-04-02 19:42:42+0300: = 
2026-04-02 19:42:42+0300: Controller: play w N7
2026-04-02 19:42:42+0300: = 
2026-04-02 19:42:42+0300: Controller: clear_board
2026-04-02 19:42:42+0300: = 
2026-04-02 19:42:42+0300: Controller: play b S11
2026-04-02 19:42:42+0300: = 
2026-04-02 19:42:42+0300: Controller: play w S7
2026-04-02 19:42:42+0300: = 
2026-04-02 19:42:42+0300: Controller: play b O4
2026-04-02 19:42:42+0300: = 
2026-04-02 19:42:42+0300: Controller: play w N7
2026-04-02 19:42:42+0300: = 
2026-04-02 19:42:42+0300: Controller: play b N8
2026-04-02 19:42:42+0300: = 
2026-04-02 19:42:42+0300: Controller: clear_board
2026-04-02 19:42:42+0300: = 
2026-04-02 19:42:42+0300: Controller: play b S11
2026-04-02 19:42:42+0300: = 
2026-04-02 19:42:42+0300: Controller: play w S7
2026-04-02 19:42:42+0300: = 
2026-04-02 19:42:42+0300: Controller: play b O4
2026-04-02 19:42:42+0300: = 
2026-04-02 19:42:42+0300: Controller: play w N7
2026-04-02 19:42:42+0300: = 
2026-04-02 19:42:42+0300: Controller: play b N8
2026-04-02 19:42:42+0300: = 
2026-04-02 19:42:42+0300: Controller: play w N10
2026-04-02 19:42:42+0300: = 
2026-04-02 19:42:42+0300: Controller: clear_board
2026-04-02 19:42:42+0300: = 
2026-04-02 19:42:42+0300: Controller: play b S11
2026-04-02 19:42:42+0300: = 
2026-04-02 19:42:42+0300: Controller: play w S7
2026-04-02 19:42:42+0300: = 
2026-04-02 19:42:42+0300: Controller: play b O4
2026-04-02 19:42:42+0300: = 
2026-04-02 19:42:42+0300: Controller: play w N7
2026-04-02 19:42:42+0300: = 
2026-04-02 19:42:42+0300: Controller: play b N8
2026-04-02 19:42:42+0300: = 
2026-04-02 19:42:42+0300: Controller: play w N10
2026-04-02 19:42:42+0300: = 
2026-04-02 19:42:43+0300: Controller: clear_board
2026-04-02 19:42:43+0300: = 
2026-04-02 19:42:43+0300: Controller: play b S11
2026-04-02 19:42:43+0300: = 
2026-04-02 19:42:43+0300: Controller: play w S7
2026-04-02 19:42:43+0300: = 
2026-04-02 19:42:43+0300: Controller: play b O4
2026-04-02 19:42:43+0300: = 
2026-04-02 19:42:43+0300: Controller: play w N7
2026-04-02 19:42:43+0300: = 
2026-04-02 19:42:43+0300: Controller: play b N8
2026-04-02 19:42:43+0300: = 
2026-04-02 19:42:43+0300: Controller: clear_board
2026-04-02 19:42:43+0300: = 
2026-04-02 19:42:43+0300: Controller: play b S11
2026-04-02 19:42:43+0300: = 
2026-04-02 19:42:43+0300: Controller: play w S7
2026-04-02 19:42:43+0300: = 
2026-04-02 19:42:43+0300: Controller: play b O4
2026-04-02 19:42:43+0300: = 
2026-04-02 19:42:43+0300: Controller: play w N7
2026-04-02 19:42:43+0300: = 
2026-04-02 19:42:44+0300: Controller: play b Q12
2026-04-02 19:42:44+0300: = 
2026-04-02 19:42:44+0300: Controller: clear_board
2026-04-02 19:42:44+0300: = 
2026-04-02 19:42:44+0300: Controller: play b S11
2026-04-02 19:42:44+0300: = 
2026-04-02 19:42:44+0300: Controller: play w S7
2026-04-02 19:42:44+0300: = 
2026-04-02 19:42:44+0300: Controller: play b O4
2026-04-02 19:42:44+0300: = 
2026-04-02 19:42:44+0300: Controller: play w N7
2026-04-02 19:42:44+0300: = 
2026-04-02 19:42:44+0300: Controller: play b Q12
2026-04-02 19:42:44+0300: = 
2026-04-02 19:42:45+0300: Controller: clear_board
2026-04-02 19:42:45+0300: = 
2026-04-02 19:42:45+0300: Controller: play b S11
2026-04-02 19:42:45+0300: = 
2026-04-02 19:42:45+0300: Controller: play w S7
2026-04-02 19:42:45+0300: = 
2026-04-02 19:42:45+0300: Controller: play b O4
2026-04-02 19:42:45+0300: = 
2026-04-02 19:42:45+0300: Controller: play w N7
2026-04-02 19:42:45+0300: = 
2026-04-02 19:42:45+0300: Controller: play b P9
2026-04-02 19:42:45+0300: = 
2026-04-02 19:42:45+0300: Controller: clear_board
2026-04-02 19:42:45+0300: = 
2026-04-02 19:42:45+0300: Controller: play b S11
2026-04-02 19:42:45+0300: = 
2026-04-02 19:42:45+0300: Controller: play w S7
2026-04-02 19:42:45+0300: = 
2026-04-02 19:42:45+0300: Controller: play b O4
2026-04-02 19:42:45+0300: = 
2026-04-02 19:42:45+0300: Controller: play w N7
2026-04-02 19:42:45+0300: = 
2026-04-02 19:42:45+0300: Controller: play b P9
2026-04-02 19:42:45+0300: = 
2026-04-02 19:42:46+0300: Controller: clear_board
2026-04-02 19:42:46+0300: = 
2026-04-02 19:42:46+0300: Controller: play b S11
2026-04-02 19:42:46+0300: = 
2026-04-02 19:42:46+0300: Controller: play w S7
2026-04-02 19:42:46+0300: = 
2026-04-02 19:42:46+0300: Controller: play b O4
2026-04-02 19:42:46+0300: = 
2026-04-02 19:42:46+0300: Controller: play w N7
2026-04-02 19:42:46+0300: = 
2026-04-02 19:42:46+0300: Controller: play b P9
2026-04-02 19:42:46+0300: = 
2026-04-02 19:42:46+0300: Controller: clear_board
2026-04-02 19:42:46+0300: = 
2026-04-02 19:42:46+0300: Controller: play b S11
2026-04-02 19:42:46+0300: = 
2026-04-02 19:42:46+0300: Controller: play w S7
2026-04-02 19:42:46+0300: = 
2026-04-02 19:42:46+0300: Controller: play b O4
2026-04-02 19:42:46+0300: = 
2026-04-02 19:42:46+0300: Controller: play w N7
2026-04-02 19:42:46+0300: = 
2026-04-02 19:42:46+0300: Controller: play b P9
2026-04-02 19:42:46+0300: = 
2026-04-02 19:42:47+0300: Controller: clear_board
2026-04-02 19:42:47+0300: = 
2026-04-02 19:42:47+0300: Controller: play b S11
2026-04-02 19:42:47+0300: = 
2026-04-02 19:42:47+0300: Controller: play w S7
2026-04-02 19:42:47+0300: = 
2026-04-02 19:42:47+0300: Controller: play b O4
2026-04-02 19:42:47+0300: = 
2026-04-02 19:42:47+0300: Controller: play w N7
2026-04-02 19:42:47+0300: = 
2026-04-02 19:42:47+0300: Controller: play b M13
2026-04-02 19:42:47+0300: = 
2026-04-02 19:42:47+0300: Controller: clear_board
2026-04-02 19:42:47+0300: = 
2026-04-02 19:42:47+0300: Controller: play b S11
2026-04-02 19:42:47+0300: = 
2026-04-02 19:42:47+0300: Controller: play w S7
2026-04-02 19:42:47+0300: = 
2026-04-02 19:42:47+0300: Controller: play b O4
2026-04-02 19:42:47+0300: = 
2026-04-02 19:42:47+0300: Controller: play w N7
2026-04-02 19:42:47+0300: = 
2026-04-02 19:42:47+0300: Controller: play b M13
2026-04-02 19:42:47+0300: = 
2026-04-02 19:42:48+0300: Controller: play w Q6
2026-04-02 19:42:48+0300: = 
2026-04-02 19:42:48+0300: Controller: clear_board
2026-04-02 19:42:48+0300: = 
2026-04-02 19:42:48+0300: Controller: play b S11
2026-04-02 19:42:48+0300: = 
2026-04-02 19:42:48+0300: Controller: play w S7
2026-04-02 19:42:48+0300: = 
2026-04-02 19:42:48+0300: Controller: play b O4
2026-04-02 19:42:48+0300: = 
2026-04-02 19:42:48+0300: Controller: play w N7
2026-04-02 19:42:48+0300: = 
2026-04-02 19:42:48+0300: Controller: play b M13
2026-04-02 19:42:48+0300: = 
2026-04-02 19:42:48+0300: Controller: play w Q6
2026-04-02 19:42:48+0300: = 
2026-04-02 19:42:48+0300: Controller: play b R4
2026-04-02 19:42:48+0300: = 
2026-04-02 19:42:48+0300: Controller: clear_board
2026-04-02 19:42:48+0300: = 
2026-04-02 19:42:48+0300: Controller: play b S11
2026-04-02 19:42:48+0300: = 
2026-04-02 19:42:48+0300: Controller: play w S7
2026-04-02 19:42:48+0300: = 
2026-04-02 19:42:48+0300: Controller: play b O4
2026-04-02 19:42:48+0300: = 
2026-04-02 19:42:48+0300: Controller: play w N7
2026-04-02 19:42:48+0300: = 
2026-04-02 19:42:48+0300: Controller: play b M13
2026-04-02 19:42:48+0300: = 
2026-04-02 19:42:48+0300: Controller: play w Q6
2026-04-02 19:42:48+0300: = 
2026-04-02 19:42:48+0300: Controller: play b R4
2026-04-02 19:42:48+0300: = 
2026-04-02 19:42:49+0300: Controller: play w L4
2026-04-02 19:42:49+0300: = 
2026-04-02 19:42:49+0300: Controller: clear_board
2026-04-02 19:42:49+0300: = 
2026-04-02 19:42:49+0300: Controller: play b S11
2026-04-02 19:42:49+0300: = 
2026-04-02 19:42:49+0300: Controller: play w S7
2026-04-02 19:42:49+0300: = 
2026-04-02 19:42:49+0300: Controller: play b O4
2026-04-02 19:42:49+0300: = 
2026-04-02 19:42:49+0300: Controller: play w N7
2026-04-02 19:42:49+0300: = 
2026-04-02 19:42:49+0300: Controller: play b M13
2026-04-02 19:42:49+0300: = 
2026-04-02 19:42:49+0300: Controller: play w Q6
2026-04-02 19:42:49+0300: = 
2026-04-02 19:42:49+0300: Controller: play b R4
2026-04-02 19:42:49+0300: = 
2026-04-02 19:42:49+0300: Controller: play w L4
2026-04-02 19:42:49+0300: = 
2026-04-02 19:42:49+0300: Controller: clear_board
2026-04-02 19:42:49+0300: = 
2026-04-02 19:42:49+0300: Controller: play b S11
2026-04-02 19:42:49+0300: = 
2026-04-02 19:42:49+0300: Controller: play w S7
2026-04-02 19:42:49+0300: = 
2026-04-02 19:42:49+0300: Controller: play b O4
2026-04-02 19:42:49+0300: = 
2026-04-02 19:42:49+0300: Controller: play w N7
2026-04-02 19:42:49+0300: = 
2026-04-02 19:42:49+0300: Controller: play b M13
2026-04-02 19:42:49+0300: = 
2026-04-02 19:42:49+0300: Controller: play w Q6
2026-04-02 19:42:49+0300: = 
2026-04-02 19:42:49+0300: Controller: play b R4
2026-04-02 19:42:49+0300: = 
2026-04-02 19:42:50+0300: Controller: clear_board
2026-04-02 19:42:50+0300: = 
2026-04-02 19:42:50+0300: Controller: play b S11
2026-04-02 19:42:50+0300: = 
2026-04-02 19:42:50+0300: Controller: play w S7
2026-04-02 19:42:50+0300: = 
2026-04-02 19:42:50+0300: Controller: play b O4
2026-04-02 19:42:50+0300: = 
2026-04-02 19:42:50+0300: Controller: play w N7
2026-04-02 19:42:50+0300: = 
2026-04-02 19:42:50+0300: Controller: play b M13
2026-04-02 19:42:50+0300: = 
2026-04-02 19:42:50+0300: Controller: play w Q6
2026-04-02 19:42:50+0300: = 
2026-04-02 19:42:50+0300: Controller: clear_board
2026-04-02 19:42:50+0300: = 
2026-04-02 19:42:50+0300: Controller: play b S11
2026-04-02 19:42:50+0300: = 
2026-04-02 19:42:50+0300: Controller: play w S7
2026-04-02 19:42:50+0300: = 
2026-04-02 19:42:50+0300: Controller: play b O4
2026-04-02 19:42:50+0300: = 
2026-04-02 19:42:50+0300: Controller: play w N7
2026-04-02 19:42:50+0300: = 
2026-04-02 19:42:50+0300: Controller: play b M13
2026-04-02 19:42:50+0300: = 
2026-04-02 19:42:51+0300: Controller: play w Q7
2026-04-02 19:42:51+0300: = 
2026-04-02 19:42:51+0300: Controller: clear_board
2026-04-02 19:42:51+0300: = 
2026-04-02 19:42:51+0300: Controller: play b S11
2026-04-02 19:42:51+0300: = 
2026-04-02 19:42:51+0300: Controller: play w S7
2026-04-02 19:42:51+0300: = 
2026-04-02 19:42:51+0300: Controller: play b O4
2026-04-02 19:42:51+0300: = 
2026-04-02 19:42:51+0300: Controller: play w N7
2026-04-02 19:42:51+0300: = 
2026-04-02 19:42:51+0300: Controller: play b M13
2026-04-02 19:42:51+0300: = 
2026-04-02 19:42:51+0300: Controller: play w Q7
2026-04-02 19:42:51+0300: = 
2026-04-02 19:42:51+0300: Controller: play b Q6
2026-04-02 19:42:51+0300: = 
2026-04-02 19:42:51+0300: Controller: clear_board
2026-04-02 19:42:51+0300: = 
2026-04-02 19:42:51+0300: Controller: play b S11
2026-04-02 19:42:51+0300: = 
2026-04-02 19:42:51+0300: Controller: play w S7
2026-04-02 19:42:51+0300: = 
2026-04-02 19:42:51+0300: Controller: play b O4
2026-04-02 19:42:51+0300: = 
2026-04-02 19:42:51+0300: Controller: play w N7
2026-04-02 19:42:51+0300: = 
2026-04-02 19:42:51+0300: Controller: play b M13
2026-04-02 19:42:51+0300: = 
2026-04-02 19:42:51+0300: Controller: play w Q7
2026-04-02 19:42:51+0300: = 
2026-04-02 19:42:51+0300: Controller: play b Q6
2026-04-02 19:42:51+0300: = 
2026-04-02 19:42:51+0300: Controller: play w S4
2026-04-02 19:42:51+0300: = 
2026-04-02 19:42:51+0300: Controller: clear_board
2026-04-02 19:42:51+0300: = 
2026-04-02 19:42:51+0300: Controller: play b S11
2026-04-02 19:42:51+0300: = 
2026-04-02 19:42:51+0300: Controller: play w S7
2026-04-02 19:42:51+0300: = 
2026-04-02 19:42:51+0300: Controller: play b O4
2026-04-02 19:42:51+0300: = 
2026-04-02 19:42:51+0300: Controller: play w N7
2026-04-02 19:42:51+0300: = 
2026-04-02 19:42:51+0300: Controller: play b M13
2026-04-02 19:42:51+0300: = 
2026-04-02 19:42:51+0300: Controller: play w Q7
2026-04-02 19:42:51+0300: = 
2026-04-02 19:42:51+0300: Controller: play b Q6
2026-04-02 19:42:51+0300: = 
2026-04-02 19:42:51+0300: Controller: play w S4
2026-04-02 19:42:51+0300: = 
2026-04-02 19:42:51+0300: Controller: play b R4
2026-04-02 19:42:51+0300: = 
2026-04-02 19:42:51+0300: Controller: clear_board
2026-04-02 19:42:51+0300: = 
2026-04-02 19:42:51+0300: Controller: play b S11
2026-04-02 19:42:51+0300: = 
2026-04-02 19:42:51+0300: Controller: play w S7
2026-04-02 19:42:51+0300: = 
2026-04-02 19:42:51+0300: Controller: play b O4
2026-04-02 19:42:51+0300: = 
2026-04-02 19:42:51+0300: Controller: play w N7
2026-04-02 19:42:51+0300: = 
2026-04-02 19:42:51+0300: Controller: play b M13
2026-04-02 19:42:51+0300: = 
2026-04-02 19:42:51+0300: Controller: play w Q7
2026-04-02 19:42:51+0300: = 
2026-04-02 19:42:51+0300: Controller: play b Q6
2026-04-02 19:42:51+0300: = 
2026-04-02 19:42:51+0300: Controller: play w S4
2026-04-02 19:42:51+0300: = 
2026-04-02 19:42:51+0300: Controller: play b R4
2026-04-02 19:42:51+0300: = 
2026-04-02 19:42:51+0300: Controller: play w Q4
2026-04-02 19:42:51+0300: = 
2026-04-02 19:42:51+0300: Controller: clear_board
2026-04-02 19:42:51+0300: = 
2026-04-02 19:42:51+0300: Controller: play b S11
2026-04-02 19:42:51+0300: = 
2026-04-02 19:42:51+0300: Controller: play w S7
2026-04-02 19:42:51+0300: = 
2026-04-02 19:42:51+0300: Controller: play b O4
2026-04-02 19:42:51+0300: = 
2026-04-02 19:42:51+0300: Controller: play w N7
2026-04-02 19:42:51+0300: = 
2026-04-02 19:42:51+0300: Controller: play b M13
2026-04-02 19:42:51+0300: = 
2026-04-02 19:42:51+0300: Controller: play w Q7
2026-04-02 19:42:51+0300: = 
2026-04-02 19:42:51+0300: Controller: play b Q6
2026-04-02 19:42:51+0300: = 
2026-04-02 19:42:51+0300: Controller: play w S4
2026-04-02 19:42:51+0300: = 
2026-04-02 19:42:51+0300: Controller: play b R4
2026-04-02 19:42:51+0300: = 
2026-04-02 19:42:51+0300: Controller: play w Q4
2026-04-02 19:42:51+0300: = 
2026-04-02 19:42:52+0300: Controller: play b P4
2026-04-02 19:42:52+0300: = 
2026-04-02 19:42:52+0300: Controller: clear_board
2026-04-02 19:42:52+0300: = 
2026-04-02 19:42:52+0300: Controller: play b S11
2026-04-02 19:42:52+0300: = 
2026-04-02 19:42:52+0300: Controller: play w S7
2026-04-02 19:42:52+0300: = 
2026-04-02 19:42:52+0300: Controller: play b O4
2026-04-02 19:42:52+0300: = 
2026-04-02 19:42:52+0300: Controller: play w N7
2026-04-02 19:42:52+0300: = 
2026-04-02 19:42:52+0300: Controller: play b M13
2026-04-02 19:42:52+0300: = 
2026-04-02 19:42:52+0300: Controller: play w Q7
2026-04-02 19:42:52+0300: = 
2026-04-02 19:42:52+0300: Controller: play b Q6
2026-04-02 19:42:52+0300: = 
2026-04-02 19:42:52+0300: Controller: play w S4
2026-04-02 19:42:52+0300: = 
2026-04-02 19:42:52+0300: Controller: play b R4
2026-04-02 19:42:52+0300: = 
2026-04-02 19:42:52+0300: Controller: play w Q4
2026-04-02 19:42:52+0300: = 
2026-04-02 19:42:52+0300: Controller: play b P4
2026-04-02 19:42:52+0300: = 
2026-04-02 19:42:52+0300: Controller: play w O5
2026-04-02 19:42:52+0300: = 
2026-04-02 19:42:52+0300: Controller: clear_board
2026-04-02 19:42:52+0300: = 
2026-04-02 19:42:52+0300: Controller: play b S11
2026-04-02 19:42:52+0300: = 
2026-04-02 19:42:52+0300: Controller: play w S7
2026-04-02 19:42:52+0300: = 
2026-04-02 19:42:52+0300: Controller: play b O4
2026-04-02 19:42:52+0300: = 
2026-04-02 19:42:52+0300: Controller: play w N7
2026-04-02 19:42:52+0300: = 
2026-04-02 19:42:52+0300: Controller: play b M13
2026-04-02 19:42:52+0300: = 
2026-04-02 19:42:52+0300: Controller: play w Q7
2026-04-02 19:42:52+0300: = 
2026-04-02 19:42:52+0300: Controller: play b Q6
2026-04-02 19:42:52+0300: = 
2026-04-02 19:42:52+0300: Controller: play w S4
2026-04-02 19:42:52+0300: = 
2026-04-02 19:42:52+0300: Controller: play b R4
2026-04-02 19:42:52+0300: = 
2026-04-02 19:42:52+0300: Controller: play w Q4
2026-04-02 19:42:52+0300: = 
2026-04-02 19:42:52+0300: Controller: play b P4
2026-04-02 19:42:52+0300: = 
2026-04-02 19:42:52+0300: Controller: play w O5
2026-04-02 19:42:52+0300: = 
2026-04-02 19:42:52+0300: Controller: play b M5
2026-04-02 19:42:52+0300: = 
2026-04-02 19:42:52+0300: Controller: clear_board
2026-04-02 19:42:52+0300: = 
2026-04-02 19:42:52+0300: Controller: play b S11
2026-04-02 19:42:52+0300: = 
2026-04-02 19:42:52+0300: Controller: play w S7
2026-04-02 19:42:52+0300: = 
2026-04-02 19:42:52+0300: Controller: play b O4
2026-04-02 19:42:52+0300: = 
2026-04-02 19:42:52+0300: Controller: play w N7
2026-04-02 19:42:52+0300: = 
2026-04-02 19:42:52+0300: Controller: play b M13
2026-04-02 19:42:52+0300: = 
2026-04-02 19:42:52+0300: Controller: play w Q7
2026-04-02 19:42:52+0300: = 
2026-04-02 19:42:52+0300: Controller: play b Q6
2026-04-02 19:42:52+0300: = 
2026-04-02 19:42:52+0300: Controller: play w S4
2026-04-02 19:42:52+0300: = 
2026-04-02 19:42:52+0300: Controller: play b R4
2026-04-02 19:42:52+0300: = 
2026-04-02 19:42:52+0300: Controller: play w Q4
2026-04-02 19:42:52+0300: = 
2026-04-02 19:42:52+0300: Controller: play b P4
2026-04-02 19:42:52+0300: = 
2026-04-02 19:42:52+0300: Controller: play w O5
2026-04-02 19:42:52+0300: = 
2026-04-02 19:42:52+0300: Controller: play b M5
2026-04-02 19:42:52+0300: = 
2026-04-02 19:42:57+0300: Controller: clear_board
2026-04-02 19:42:57+0300: = 
2026-04-02 19:42:57+0300: Controller: play b S11
2026-04-02 19:42:57+0300: = 
2026-04-02 19:42:57+0300: Controller: play w S7
2026-04-02 19:42:57+0300: = 
2026-04-02 19:42:57+0300: Controller: play b O4
2026-04-02 19:42:57+0300: = 
2026-04-02 19:42:57+0300: Controller: play w N7
2026-04-02 19:42:57+0300: = 
2026-04-02 19:42:57+0300: Controller: play b N8
2026-04-02 19:42:57+0300: = 
2026-04-02 19:42:57+0300: Controller: play w N10
2026-04-02 19:42:57+0300: = 
2026-04-02 19:42:58+0300: Controller: clear_board
2026-04-02 19:42:58+0300: = 
2026-04-02 19:42:58+0300: Controller: play b S11
2026-04-02 19:42:58+0300: = 
2026-04-02 19:42:58+0300: Controller: play w S7
2026-04-02 19:42:58+0300: = 
2026-04-02 19:42:58+0300: Controller: play b O4
2026-04-02 19:42:58+0300: = 
2026-04-02 19:42:58+0300: Controller: play w N7
2026-04-02 19:42:58+0300: = 
2026-04-02 19:42:58+0300: Controller: play b N8
2026-04-02 19:42:58+0300: = 
2026-04-02 19:42:59+0300: Controller: clear_board
2026-04-02 19:42:59+0300: = 
2026-04-02 19:42:59+0300: Controller: play b S11
2026-04-02 19:42:59+0300: = 
2026-04-02 19:42:59+0300: Controller: play w S7
2026-04-02 19:42:59+0300: = 
2026-04-02 19:42:59+0300: Controller: play b O4
2026-04-02 19:42:59+0300: = 
2026-04-02 19:42:59+0300: Controller: clear_board
2026-04-02 19:42:59+0300: = 
2026-04-02 19:42:59+0300: Controller: play b S11
2026-04-02 19:42:59+0300: = 
2026-04-02 19:42:59+0300: Controller: play w S7
2026-04-02 19:42:59+0300: = 
2026-04-02 19:43:00+0300: Controller: clear_board
2026-04-02 19:43:00+0300: = 
2026-04-02 19:43:00+0300: Controller: play b Q16
2026-04-02 19:43:00+0300: = 
2026-04-02 19:43:00+0300: Controller: play w N14
2026-04-02 19:43:00+0300: = 
2026-04-02 19:43:00+0300: Controller: play b K13
2026-04-02 19:43:00+0300: = 
2026-04-02 19:43:00+0300: Controller: play w J15
2026-04-02 19:43:00+0300: = 
2026-04-02 19:43:02+0300: Controller: clear_board
2026-04-02 19:43:02+0300: = 
2026-04-02 19:43:02+0300: Controller: play b Q16
2026-04-02 19:43:02+0300: = 
2026-04-02 19:43:02+0300: Controller: play w N14
2026-04-02 19:43:02+0300: = 
2026-04-02 19:43:04+0300: Controller: clear_board
2026-04-02 19:43:04+0300: = 
2026-04-02 19:43:04+0300: Controller: play b Q16
2026-04-02 19:43:04+0300: = 
2026-04-02 19:43:04+0300: Controller: play w Q14
2026-04-02 19:43:04+0300: = 
2026-04-02 19:43:04+0300: Controller: clear_board
2026-04-02 19:43:04+0300: = 
2026-04-02 19:43:04+0300: Controller: play b Q16
2026-04-02 19:43:04+0300: = 
2026-04-02 19:43:04+0300: Controller: play w Q14
2026-04-02 19:43:04+0300: = 
2026-04-02 19:43:05+0300: Controller: play b N14
2026-04-02 19:43:05+0300: = 
2026-04-02 19:43:05+0300: Controller: clear_board
2026-04-02 19:43:05+0300: = 
2026-04-02 19:43:05+0300: Controller: play b Q16
2026-04-02 19:43:05+0300: = 
2026-04-02 19:43:05+0300: Controller: play w Q14
2026-04-02 19:43:05+0300: = 
2026-04-02 19:43:05+0300: Controller: play b N14
2026-04-02 19:43:05+0300: = 
2026-04-02 19:43:05+0300: Controller: play w O12
2026-04-02 19:43:05+0300: = 
2026-04-02 19:43:05+0300: Controller: clear_board
2026-04-02 19:43:05+0300: = 
2026-04-02 19:43:05+0300: Controller: play b Q16
2026-04-02 19:43:05+0300: = 
2026-04-02 19:43:05+0300: Controller: play w Q14
2026-04-02 19:43:05+0300: = 
2026-04-02 19:43:05+0300: Controller: play b N14
2026-04-02 19:43:05+0300: = 
2026-04-02 19:43:05+0300: Controller: play w O12
2026-04-02 19:43:05+0300: = 
2026-04-02 19:43:06+0300: Controller: play b Q12
2026-04-02 19:43:06+0300: = 
2026-04-02 19:43:06+0300: Controller: clear_board
2026-04-02 19:43:06+0300: = 
2026-04-02 19:43:06+0300: Controller: play b Q16
2026-04-02 19:43:06+0300: = 
2026-04-02 19:43:06+0300: Controller: play w Q14
2026-04-02 19:43:06+0300: = 
2026-04-02 19:43:06+0300: Controller: play b N14
2026-04-02 19:43:06+0300: = 
2026-04-02 19:43:06+0300: Controller: play w O12
2026-04-02 19:43:06+0300: = 
2026-04-02 19:43:06+0300: Controller: play b Q12
2026-04-02 19:43:06+0300: = 
