2026-04-02 16:03:28+0300: Running with following config:
allowResignation = true
lagBuffer = 1.0
logAllGTPCommunication = true
logDir = gtp_logs
logSearchInfo = true
logSearchInfoForChosenMove = false
logToStderr = false
maxTimePondering = 60.0
maxVisits = 500
numSearchThreads = 20
ponderingEnabled = false
resignConsecTurns = 3
resignThreshold = -0.90
rules = tromp-taylor
searchFactorAfterOnePass = 0.50
searchFactorAfterTwoPass = 0.25
searchFactorWhenWinning = 0.40
searchFactorWhenWinningThreshold = 0.95

2026-04-02 16:03:28+0300: GTP Engine starting...
2026-04-02 16:03:28+0300: KataGo v1.16.4
2026-04-02 16:03:28+0300: Using TrompTaylor rules initially, unless GTP/GUI overrides this
2026-04-02 16:03:28+0300: Using 20 CPU thread(s) for search
2026-04-02 16:03:28+0300: nnRandSeed0 = 14153158109226973720
2026-04-02 16:03:28+0300: After dedups: nnModelFile0 = D:\Projects\Hoshi\KataGo\default_model.bin.gz useFP16 auto useNHWC auto
2026-04-02 16:03:28+0300: Initializing neural net buffer to be size 19 * 19 exactly
2026-04-02 16:03:32+0300: Cuda backend thread 0: Found GPU NVIDIA GeForce RTX 2060 memory 6441992192 compute capability major 7 minor 5
2026-04-02 16:03:32+0300: Cuda backend thread 0: Model version 15 useFP16 = true useNHWC = true
2026-04-02 16:03:32+0300: Cuda backend thread 0: Model name: zhizi_hzy_b28_muonfd2
2026-04-02 16:03:33+0300: Loaded neural net with nnXLen 19 nnYLen 19
2026-04-02 16:03:33+0300: Initializing board with boardXSize 19 boardYSize 19
2026-04-02 16:03:33+0300: Loaded config D:\Projects\Hoshi\KataGo\default_gtp.cfg
2026-04-02 16:03:33+0300: Loaded model D:\Projects\Hoshi\KataGo\default_model.bin.gz
2026-04-02 16:03:33+0300: Model name: zhizi_hzy_b28_muonfd2
2026-04-02 16:03:33+0300: GTP ready, beginning main protocol loop
2026-04-02 16:03:33+0300: Controller: play b Q16
2026-04-02 16:03:33+0300: = 
2026-04-02 16:03:33+0300: Controller: play w Q15
2026-04-02 16:03:33+0300: = 
2026-04-02 16:03:33+0300: Controller: play b R15
2026-04-02 16:03:33+0300: = 
2026-04-02 16:03:33+0300: Controller: play w D16
2026-04-02 16:03:33+0300: = 
2026-04-02 16:03:34+0300: Controller: play b P15
2026-04-02 16:03:34+0300: = 
2026-04-02 16:03:34+0300: Controller: play w D13
2026-04-02 16:03:34+0300: = 
2026-04-02 16:03:35+0300: Controller: play b Q14
2026-04-02 16:03:35+0300: = 
2026-04-02 16:03:37+0300: Controller: play w P14
2026-04-02 16:03:37+0300: = 
2026-04-02 16:03:38+0300: Controller: play b O14
2026-04-02 16:03:38+0300: = 
2026-04-02 16:03:39+0300: Controller: play w Q13
2026-04-02 16:03:39+0300: = 
2026-04-02 16:03:40+0300: Controller: play b O13
2026-04-02 16:03:40+0300: = 
2026-04-02 16:03:41+0300: Controller: play w P13
2026-04-02 16:03:41+0300: = 
2026-04-02 16:03:43+0300: Controller: play b Q12
2026-04-02 16:03:43+0300: = 
2026-04-02 16:03:43+0300: Controller: play w R14
2026-04-02 16:03:43+0300: = 
2026-04-02 16:03:45+0300: Controller: play b P12
2026-04-02 16:03:45+0300: = 
2026-04-02 16:03:45+0300: Controller: play w R13
2026-04-02 16:03:45+0300: = 
2026-04-02 16:03:46+0300: Controller: play b R12
2026-04-02 16:03:46+0300: = 
2026-04-02 16:03:47+0300: Controller: play w Q15
2026-04-02 16:03:47+0300: = 
2026-04-02 16:03:49+0300: Controller: play b R16
2026-04-02 16:03:49+0300: = 
2026-04-02 16:03:49+0300: Controller: play w Q14
2026-04-02 16:03:49+0300: = 
2026-04-02 16:03:52+0300: Controller: clear_board
2026-04-02 16:03:52+0300: = 
2026-04-02 16:03:52+0300: Controller: play b Q16
2026-04-02 16:03:52+0300: = 
2026-04-02 16:03:52+0300: Controller: play w Q15
2026-04-02 16:03:52+0300: = 
2026-04-02 16:03:52+0300: Controller: play b R15
2026-04-02 16:03:52+0300: = 
2026-04-02 16:03:52+0300: Controller: play w D16
2026-04-02 16:03:52+0300: = 
2026-04-02 16:03:52+0300: Controller: play b P15
2026-04-02 16:03:52+0300: = 
2026-04-02 16:03:52+0300: Controller: play w D13
2026-04-02 16:03:52+0300: = 
2026-04-02 16:03:52+0300: Controller: play b Q14
2026-04-02 16:03:52+0300: = 
2026-04-02 16:03:52+0300: Controller: play w P14
2026-04-02 16:03:52+0300: = 
2026-04-02 16:03:52+0300: Controller: play b O14
2026-04-02 16:03:52+0300: = 
2026-04-02 16:03:52+0300: Controller: play w Q13
2026-04-02 16:03:52+0300: = 
2026-04-02 16:03:52+0300: Controller: play b O13
2026-04-02 16:03:52+0300: = 
2026-04-02 16:03:52+0300: Controller: play w P13
2026-04-02 16:03:52+0300: = 
2026-04-02 16:03:52+0300: Controller: play b Q12
2026-04-02 16:03:52+0300: = 
2026-04-02 16:03:52+0300: Controller: play w R14
2026-04-02 16:03:52+0300: = 
2026-04-02 16:03:52+0300: Controller: play b P12
2026-04-02 16:03:52+0300: = 
2026-04-02 16:03:52+0300: Controller: play w R13
2026-04-02 16:03:52+0300: = 
2026-04-02 16:03:52+0300: Controller: play b R12
2026-04-02 16:03:52+0300: = 
2026-04-02 16:03:52+0300: Controller: play w Q15
2026-04-02 16:03:52+0300: = 
2026-04-02 16:03:52+0300: Controller: play b R16
2026-04-02 16:03:52+0300: = 
2026-04-02 16:03:53+0300: Controller: play w O15
2026-04-02 16:03:53+0300: = 
2026-04-02 16:03:53+0300: Controller: play b Q14
2026-04-02 16:03:53+0300: = 
2026-04-02 16:03:55+0300: Controller: play w O16
2026-04-02 16:03:55+0300: = 
2026-04-02 16:03:56+0300: Controller: play b N15
2026-04-02 16:03:56+0300: = 
2026-04-02 16:03:57+0300: Controller: play w Q15
2026-04-02 16:03:57+0300: = 
2026-04-02 16:04:00+0300: Controller: play b S13
2026-04-02 16:04:00+0300: = 
2026-04-02 16:04:00+0300: Controller: play w S14
2026-04-02 16:04:00+0300: = 
2026-04-02 16:04:01+0300: Controller: play b T14
2026-04-02 16:04:01+0300: = 
2026-04-02 16:04:02+0300: Controller: play w S15
2026-04-02 16:04:02+0300: = 
2026-04-02 16:04:02+0300: Controller: play b S16
2026-04-02 16:04:02+0300: = 
2026-04-02 16:04:03+0300: Controller: play w P16
2026-04-02 16:04:03+0300: = 
2026-04-02 16:04:04+0300: Controller: play b T15
2026-04-02 16:04:04+0300: = 
2026-04-02 16:04:06+0300: Controller: play w S12
2026-04-02 16:04:06+0300: = 
2026-04-02 16:04:06+0300: Controller: play b T12
2026-04-02 16:04:06+0300: = 
2026-04-02 16:04:07+0300: Controller: play w T13
2026-04-02 16:04:07+0300: = 
2026-04-02 16:04:08+0300: Controller: play b R11
2026-04-02 16:04:08+0300: = 
2026-04-02 16:04:08+0300: Controller: play w S13
2026-04-02 16:04:08+0300: = 
2026-04-02 16:04:11+0300: Controller: clear_board
2026-04-02 16:04:11+0300: = 
2026-04-02 16:04:12+0300: Controller: clear_board
2026-04-02 16:04:12+0300: = 
2026-04-02 16:04:12+0300: Controller: play b Q16
2026-04-02 16:04:12+0300: = 
2026-04-02 16:04:12+0300: Controller: clear_board
2026-04-02 16:04:12+0300: = 
2026-04-02 16:04:12+0300: Controller: play b Q16
2026-04-02 16:04:12+0300: = 
2026-04-02 16:04:12+0300: Controller: play w Q15
2026-04-02 16:04:12+0300: = 
2026-04-02 16:04:12+0300: Controller: clear_board
2026-04-02 16:04:12+0300: = 
2026-04-02 16:04:12+0300: Controller: play b Q16
2026-04-02 16:04:12+0300: = 
2026-04-02 16:04:12+0300: Controller: play w Q15
2026-04-02 16:04:12+0300: = 
2026-04-02 16:04:12+0300: Controller: play b R15
2026-04-02 16:04:12+0300: = 
2026-04-02 16:04:13+0300: GPU -1 finishing, processed 0 rows 0 batches
2026-04-02 16:04:13+0300: All cleaned up, quitting
