2026-04-02 19:33:45+0300: Running with following config:
allowResignation = true
lagBuffer = 1.0
logAllGTPCommunication = true
logDir = gtp_logs
logSearchInfo = true
logSearchInfoForChosenMove = false
logToStderr = false
maxTimePondering = 60.0
maxVisits = 500
numSearchThreads = 20
ponderingEnabled = false
resignConsecTurns = 3
resignThreshold = -0.90
rules = tromp-taylor
searchFactorAfterOnePass = 0.50
searchFactorAfterTwoPass = 0.25
searchFactorWhenWinning = 0.40
searchFactorWhenWinningThreshold = 0.95

2026-04-02 19:33:45+0300: GTP Engine starting...
2026-04-02 19:33:45+0300: KataGo v1.16.4
2026-04-02 19:33:45+0300: Using TrompTaylor rules initially, unless GTP/GUI overrides this
2026-04-02 19:33:45+0300: Using 20 CPU thread(s) for search
2026-04-02 19:33:45+0300: nnRandSeed0 = 5677834450779065271
2026-04-02 19:33:45+0300: After dedups: nnModelFile0 = D:\Projects\Hoshi\KataGo\default_model.bin.gz useFP16 auto useNHWC auto
2026-04-02 19:33:45+0300: Initializing neural net buffer to be size 19 * 19 exactly
2026-04-02 19:33:49+0300: Cuda backend thread 0: Found GPU NVIDIA GeForce RTX 2060 memory 6441992192 compute capability major 7 minor 5
2026-04-02 19:33:49+0300: Cuda backend thread 0: Model version 15 useFP16 = true useNHWC = true
2026-04-02 19:33:49+0300: Cuda backend thread 0: Model name: zhizi_hzy_b28_muonfd2
2026-04-02 19:33:50+0300: Loaded neural net with nnXLen 19 nnYLen 19
2026-04-02 19:33:50+0300: Initializing board with boardXSize 19 boardYSize 19
2026-04-02 19:33:50+0300: Loaded config D:\Projects\Hoshi\KataGo\default_gtp.cfg
2026-04-02 19:33:50+0300: Loaded model D:\Projects\Hoshi\KataGo\default_model.bin.gz
2026-04-02 19:33:50+0300: Model name: zhizi_hzy_b28_muonfd2
2026-04-02 19:33:50+0300: GTP ready, beginning main protocol loop
2026-04-02 19:34:02+0300: Controller: play b P15
2026-04-02 19:34:02+0300: = 
2026-04-02 19:34:02+0300: Controller: clear_board
2026-04-02 19:34:02+0300: = 
2026-04-02 19:34:02+0300: Controller: play b P15
2026-04-02 19:34:02+0300: = 
2026-04-02 19:34:03+0300: Controller: play w L14
2026-04-02 19:34:03+0300: = 
2026-04-02 19:34:03+0300: Controller: clear_board
2026-04-02 19:34:03+0300: = 
2026-04-02 19:34:03+0300: Controller: play b P15
2026-04-02 19:34:03+0300: = 
2026-04-02 19:34:03+0300: Controller: play w L14
2026-04-02 19:34:03+0300: = 
2026-04-02 19:34:03+0300: Controller: play b L10
2026-04-02 19:34:03+0300: = 
2026-04-02 19:34:03+0300: Controller: clear_board
2026-04-02 19:34:03+0300: = 
2026-04-02 19:34:03+0300: Controller: play b P15
2026-04-02 19:34:03+0300: = 
2026-04-02 19:34:03+0300: Controller: play w L14
2026-04-02 19:34:03+0300: = 
2026-04-02 19:34:03+0300: Controller: play b L10
2026-04-02 19:34:03+0300: = 
2026-04-02 19:34:03+0300: Controller: play w K7
2026-04-02 19:34:03+0300: = 
2026-04-02 19:34:03+0300: Controller: clear_board
2026-04-02 19:34:03+0300: = 
2026-04-02 19:34:03+0300: Controller: play b P15
2026-04-02 19:34:03+0300: = 
2026-04-02 19:34:03+0300: Controller: play w L14
2026-04-02 19:34:03+0300: = 
2026-04-02 19:34:03+0300: Controller: play b L10
2026-04-02 19:34:03+0300: = 
2026-04-02 19:34:03+0300: Controller: play w K7
2026-04-02 19:34:03+0300: = 
2026-04-02 19:34:03+0300: Controller: play b L5
2026-04-02 19:34:03+0300: = 
2026-04-02 19:34:03+0300: Controller: clear_board
2026-04-02 19:34:03+0300: = 
2026-04-02 19:34:03+0300: Controller: play b P15
2026-04-02 19:34:03+0300: = 
2026-04-02 19:34:03+0300: Controller: play w L14
2026-04-02 19:34:03+0300: = 
2026-04-02 19:34:03+0300: Controller: play b L10
2026-04-02 19:34:03+0300: = 
2026-04-02 19:34:03+0300: Controller: play w K7
2026-04-02 19:34:03+0300: = 
2026-04-02 19:34:03+0300: Controller: play b L5
2026-04-02 19:34:03+0300: = 
2026-04-02 19:34:04+0300: Controller: play w N4
2026-04-02 19:34:04+0300: = 
2026-04-02 19:34:04+0300: Controller: clear_board
2026-04-02 19:34:04+0300: = 
2026-04-02 19:34:04+0300: Controller: play b P15
2026-04-02 19:34:04+0300: = 
2026-04-02 19:34:04+0300: Controller: play w L14
2026-04-02 19:34:04+0300: = 
2026-04-02 19:34:04+0300: Controller: play b L10
2026-04-02 19:34:04+0300: = 
2026-04-02 19:34:04+0300: Controller: play w K7
2026-04-02 19:34:04+0300: = 
2026-04-02 19:34:04+0300: Controller: play b L5
2026-04-02 19:34:04+0300: = 
2026-04-02 19:34:04+0300: Controller: play w N4
2026-04-02 19:34:04+0300: = 
2026-04-02 19:34:05+0300: Controller: play b Q8
2026-04-02 19:34:05+0300: = 
2026-04-02 19:34:05+0300: Controller: clear_board
2026-04-02 19:34:05+0300: = 
2026-04-02 19:34:05+0300: Controller: play b P15
2026-04-02 19:34:05+0300: = 
2026-04-02 19:34:05+0300: Controller: play w L14
2026-04-02 19:34:05+0300: = 
2026-04-02 19:34:05+0300: Controller: play b L10
2026-04-02 19:34:05+0300: = 
2026-04-02 19:34:05+0300: Controller: play w K7
2026-04-02 19:34:05+0300: = 
2026-04-02 19:34:05+0300: Controller: play b L5
2026-04-02 19:34:05+0300: = 
2026-04-02 19:34:05+0300: Controller: play w N4
2026-04-02 19:34:05+0300: = 
2026-04-02 19:34:05+0300: Controller: play b Q8
2026-04-02 19:34:05+0300: = 
2026-04-02 19:34:05+0300: Controller: play w Q11
2026-04-02 19:34:05+0300: = 
2026-04-02 19:34:05+0300: Controller: clear_board
2026-04-02 19:34:05+0300: = 
2026-04-02 19:34:05+0300: Controller: play b P15
2026-04-02 19:34:05+0300: = 
2026-04-02 19:34:05+0300: Controller: play w L14
2026-04-02 19:34:05+0300: = 
2026-04-02 19:34:05+0300: Controller: play b L10
2026-04-02 19:34:05+0300: = 
2026-04-02 19:34:05+0300: Controller: play w K7
2026-04-02 19:34:05+0300: = 
2026-04-02 19:34:05+0300: Controller: play b L5
2026-04-02 19:34:05+0300: = 
2026-04-02 19:34:05+0300: Controller: play w N4
2026-04-02 19:34:05+0300: = 
2026-04-02 19:34:05+0300: Controller: play b Q8
2026-04-02 19:34:05+0300: = 
2026-04-02 19:34:05+0300: Controller: play w Q11
2026-04-02 19:34:05+0300: = 
2026-04-02 19:34:07+0300: Controller: clear_board
2026-04-02 19:34:07+0300: = 
2026-04-02 19:34:07+0300: Controller: play b P15
2026-04-02 19:34:07+0300: = 
2026-04-02 19:34:07+0300: Controller: play w L14
2026-04-02 19:34:07+0300: = 
2026-04-02 19:34:07+0300: Controller: play b L10
2026-04-02 19:34:07+0300: = 
2026-04-02 19:34:07+0300: Controller: play w K7
2026-04-02 19:34:07+0300: = 
2026-04-02 19:34:07+0300: Controller: play b L5
2026-04-02 19:34:07+0300: = 
2026-04-02 19:34:07+0300: Controller: play w N4
2026-04-02 19:34:07+0300: = 
2026-04-02 19:34:07+0300: Controller: play b Q8
2026-04-02 19:34:07+0300: = 
2026-04-02 19:34:07+0300: Controller: clear_board
2026-04-02 19:34:07+0300: = 
2026-04-02 19:34:07+0300: Controller: play b P15
2026-04-02 19:34:07+0300: = 
2026-04-02 19:34:07+0300: Controller: play w L14
2026-04-02 19:34:07+0300: = 
2026-04-02 19:34:07+0300: Controller: play b L10
2026-04-02 19:34:07+0300: = 
2026-04-02 19:34:07+0300: Controller: play w K7
2026-04-02 19:34:07+0300: = 
2026-04-02 19:34:07+0300: Controller: play b L5
2026-04-02 19:34:07+0300: = 
2026-04-02 19:34:07+0300: Controller: play w N4
2026-04-02 19:34:07+0300: = 
2026-04-02 19:34:07+0300: Controller: clear_board
2026-04-02 19:34:07+0300: = 
2026-04-02 19:34:07+0300: Controller: play b P15
2026-04-02 19:34:07+0300: = 
2026-04-02 19:34:07+0300: Controller: play w L14
2026-04-02 19:34:07+0300: = 
2026-04-02 19:34:07+0300: Controller: play b L10
2026-04-02 19:34:07+0300: = 
2026-04-02 19:34:07+0300: Controller: play w K7
2026-04-02 19:34:07+0300: = 
2026-04-02 19:34:07+0300: Controller: play b L5
2026-04-02 19:34:07+0300: = 
2026-04-02 19:34:08+0300: Controller: play w O10
2026-04-02 19:34:08+0300: = 
2026-04-02 19:34:08+0300: Controller: clear_board
2026-04-02 19:34:08+0300: = 
2026-04-02 19:34:08+0300: Controller: play b P15
2026-04-02 19:34:08+0300: = 
2026-04-02 19:34:08+0300: Controller: play w L14
2026-04-02 19:34:08+0300: = 
2026-04-02 19:34:08+0300: Controller: play b L10
2026-04-02 19:34:08+0300: = 
2026-04-02 19:34:08+0300: Controller: play w K7
2026-04-02 19:34:08+0300: = 
2026-04-02 19:34:08+0300: Controller: play b L5
2026-04-02 19:34:08+0300: = 
2026-04-02 19:34:08+0300: Controller: play w O10
2026-04-02 19:34:08+0300: = 
2026-04-02 19:34:08+0300: Controller: play b Q12
2026-04-02 19:34:08+0300: = 
2026-04-02 19:34:08+0300: Controller: clear_board
2026-04-02 19:34:08+0300: = 
2026-04-02 19:34:08+0300: Controller: play b P15
2026-04-02 19:34:08+0300: = 
2026-04-02 19:34:08+0300: Controller: play w L14
2026-04-02 19:34:08+0300: = 
2026-04-02 19:34:08+0300: Controller: play b L10
2026-04-02 19:34:08+0300: = 
2026-04-02 19:34:08+0300: Controller: play w K7
2026-04-02 19:34:08+0300: = 
2026-04-02 19:34:08+0300: Controller: play b L5
2026-04-02 19:34:08+0300: = 
2026-04-02 19:34:08+0300: Controller: play w O10
2026-04-02 19:34:08+0300: = 
2026-04-02 19:34:08+0300: Controller: play b Q12
2026-04-02 19:34:08+0300: = 
2026-04-02 19:34:08+0300: Controller: play w Q10
2026-04-02 19:34:08+0300: = 
2026-04-02 19:34:08+0300: Controller: clear_board
2026-04-02 19:34:08+0300: = 
2026-04-02 19:34:08+0300: Controller: play b P15
2026-04-02 19:34:08+0300: = 
2026-04-02 19:34:08+0300: Controller: play w L14
2026-04-02 19:34:08+0300: = 
2026-04-02 19:34:08+0300: Controller: play b L10
2026-04-02 19:34:08+0300: = 
2026-04-02 19:34:08+0300: Controller: play w K7
2026-04-02 19:34:08+0300: = 
2026-04-02 19:34:08+0300: Controller: play b L5
2026-04-02 19:34:08+0300: = 
2026-04-02 19:34:08+0300: Controller: play w O10
2026-04-02 19:34:08+0300: = 
2026-04-02 19:34:08+0300: Controller: play b Q12
2026-04-02 19:34:08+0300: = 
2026-04-02 19:34:08+0300: Controller: play w Q10
2026-04-02 19:34:08+0300: = 
2026-04-02 19:34:08+0300: Controller: play b Q6
2026-04-02 19:34:08+0300: = 
2026-04-02 19:34:08+0300: Controller: clear_board
2026-04-02 19:34:08+0300: = 
2026-04-02 19:34:08+0300: Controller: play b P15
2026-04-02 19:34:08+0300: = 
2026-04-02 19:34:08+0300: Controller: play w L14
2026-04-02 19:34:08+0300: = 
2026-04-02 19:34:08+0300: Controller: play b L10
2026-04-02 19:34:08+0300: = 
2026-04-02 19:34:08+0300: Controller: play w K7
2026-04-02 19:34:08+0300: = 
2026-04-02 19:34:08+0300: Controller: play b L5
2026-04-02 19:34:08+0300: = 
2026-04-02 19:34:08+0300: Controller: play w O10
2026-04-02 19:34:08+0300: = 
2026-04-02 19:34:08+0300: Controller: play b Q12
2026-04-02 19:34:08+0300: = 
2026-04-02 19:34:08+0300: Controller: play w Q10
2026-04-02 19:34:08+0300: = 
2026-04-02 19:34:08+0300: Controller: play b Q6
2026-04-02 19:34:08+0300: = 
2026-04-02 19:34:09+0300: Controller: clear_board
2026-04-02 19:34:09+0300: = 
2026-04-02 19:34:09+0300: Controller: play b P15
2026-04-02 19:34:09+0300: = 
2026-04-02 19:34:09+0300: Controller: play w L14
2026-04-02 19:34:09+0300: = 
2026-04-02 19:34:09+0300: Controller: play b L10
2026-04-02 19:34:09+0300: = 
2026-04-02 19:34:09+0300: Controller: play w K7
2026-04-02 19:34:09+0300: = 
2026-04-02 19:34:09+0300: Controller: play b L5
2026-04-02 19:34:09+0300: = 
2026-04-02 19:34:09+0300: Controller: play w O10
2026-04-02 19:34:09+0300: = 
2026-04-02 19:34:09+0300: Controller: play b Q12
2026-04-02 19:34:09+0300: = 
2026-04-02 19:34:09+0300: Controller: play w Q10
2026-04-02 19:34:09+0300: = 
2026-04-02 19:34:10+0300: Controller: play b Q6
2026-04-02 19:34:10+0300: = 
2026-04-02 19:34:10+0300: Controller: clear_board
2026-04-02 19:34:10+0300: = 
2026-04-02 19:34:10+0300: Controller: play b P15
2026-04-02 19:34:10+0300: = 
2026-04-02 19:34:10+0300: Controller: play w L14
2026-04-02 19:34:10+0300: = 
2026-04-02 19:34:10+0300: Controller: play b L10
2026-04-02 19:34:10+0300: = 
2026-04-02 19:34:10+0300: Controller: play w K7
2026-04-02 19:34:10+0300: = 
2026-04-02 19:34:10+0300: Controller: play b L5
2026-04-02 19:34:10+0300: = 
2026-04-02 19:34:10+0300: Controller: play w O10
2026-04-02 19:34:10+0300: = 
2026-04-02 19:34:10+0300: Controller: play b Q12
2026-04-02 19:34:10+0300: = 
2026-04-02 19:34:10+0300: Controller: play w Q10
2026-04-02 19:34:10+0300: = 
2026-04-02 19:34:10+0300: Controller: play b Q6
2026-04-02 19:34:10+0300: = 
2026-04-02 19:34:10+0300: Controller: play w P7
2026-04-02 19:34:10+0300: = 
2026-04-02 19:34:10+0300: Controller: clear_board
2026-04-02 19:34:10+0300: = 
2026-04-02 19:34:10+0300: Controller: play b P15
2026-04-02 19:34:10+0300: = 
2026-04-02 19:34:10+0300: Controller: play w L14
2026-04-02 19:34:10+0300: = 
2026-04-02 19:34:10+0300: Controller: play b L10
2026-04-02 19:34:10+0300: = 
2026-04-02 19:34:10+0300: Controller: play w K7
2026-04-02 19:34:10+0300: = 
2026-04-02 19:34:10+0300: Controller: play b L5
2026-04-02 19:34:10+0300: = 
2026-04-02 19:34:10+0300: Controller: play w O10
2026-04-02 19:34:10+0300: = 
2026-04-02 19:34:10+0300: Controller: play b Q12
2026-04-02 19:34:10+0300: = 
2026-04-02 19:34:10+0300: Controller: play w Q10
2026-04-02 19:34:10+0300: = 
2026-04-02 19:34:10+0300: Controller: play b Q6
2026-04-02 19:34:10+0300: = 
2026-04-02 19:34:10+0300: Controller: play w P7
2026-04-02 19:34:10+0300: = 
2026-04-02 19:34:10+0300: Controller: play b O3
2026-04-02 19:34:10+0300: = 
2026-04-02 19:34:10+0300: Controller: clear_board
2026-04-02 19:34:10+0300: = 
2026-04-02 19:34:10+0300: Controller: play b P15
2026-04-02 19:34:10+0300: = 
2026-04-02 19:34:10+0300: Controller: play w L14
2026-04-02 19:34:10+0300: = 
2026-04-02 19:34:10+0300: Controller: play b L10
2026-04-02 19:34:10+0300: = 
2026-04-02 19:34:10+0300: Controller: play w K7
2026-04-02 19:34:10+0300: = 
2026-04-02 19:34:10+0300: Controller: play b L5
2026-04-02 19:34:10+0300: = 
2026-04-02 19:34:10+0300: Controller: play w O10
2026-04-02 19:34:10+0300: = 
2026-04-02 19:34:10+0300: Controller: play b Q12
2026-04-02 19:34:10+0300: = 
2026-04-02 19:34:10+0300: Controller: play w Q10
2026-04-02 19:34:10+0300: = 
2026-04-02 19:34:10+0300: Controller: play b Q6
2026-04-02 19:34:10+0300: = 
2026-04-02 19:34:10+0300: Controller: play w P7
2026-04-02 19:34:10+0300: = 
2026-04-02 19:34:10+0300: Controller: play b O3
2026-04-02 19:34:10+0300: = 
2026-04-02 19:34:11+0300: Controller: clear_board
2026-04-02 19:34:11+0300: = 
2026-04-02 19:34:11+0300: Controller: play b P15
2026-04-02 19:34:11+0300: = 
2026-04-02 19:34:11+0300: Controller: play w L14
2026-04-02 19:34:11+0300: = 
2026-04-02 19:34:11+0300: Controller: play b L10
2026-04-02 19:34:11+0300: = 
2026-04-02 19:34:11+0300: Controller: play w K7
2026-04-02 19:34:11+0300: = 
2026-04-02 19:34:11+0300: Controller: play b L5
2026-04-02 19:34:11+0300: = 
2026-04-02 19:34:11+0300: Controller: play w O10
2026-04-02 19:34:11+0300: = 
2026-04-02 19:34:11+0300: Controller: play b Q12
2026-04-02 19:34:11+0300: = 
2026-04-02 19:34:11+0300: Controller: play w Q10
2026-04-02 19:34:11+0300: = 
2026-04-02 19:34:11+0300: Controller: play b Q6
2026-04-02 19:34:11+0300: = 
2026-04-02 19:34:11+0300: Controller: play w P7
2026-04-02 19:34:11+0300: = 
2026-04-02 19:34:11+0300: Controller: play b O3
2026-04-02 19:34:11+0300: = 
2026-04-02 19:34:11+0300: Controller: clear_board
2026-04-02 19:34:11+0300: = 
2026-04-02 19:34:11+0300: Controller: play b P15
2026-04-02 19:34:11+0300: = 
2026-04-02 19:34:11+0300: Controller: play w L14
2026-04-02 19:34:11+0300: = 
2026-04-02 19:34:11+0300: Controller: play b L10
2026-04-02 19:34:11+0300: = 
2026-04-02 19:34:11+0300: Controller: play w K7
2026-04-02 19:34:11+0300: = 
2026-04-02 19:34:11+0300: Controller: play b L5
2026-04-02 19:34:11+0300: = 
2026-04-02 19:34:11+0300: Controller: play w O10
2026-04-02 19:34:11+0300: = 
2026-04-02 19:34:11+0300: Controller: play b Q12
2026-04-02 19:34:11+0300: = 
2026-04-02 19:34:11+0300: Controller: play w Q10
2026-04-02 19:34:11+0300: = 
2026-04-02 19:34:11+0300: Controller: play b Q6
2026-04-02 19:34:11+0300: = 
2026-04-02 19:34:11+0300: Controller: play w P7
2026-04-02 19:34:11+0300: = 
2026-04-02 19:34:11+0300: Controller: clear_board
2026-04-02 19:34:11+0300: = 
2026-04-02 19:34:11+0300: Controller: play b P15
2026-04-02 19:34:11+0300: = 
2026-04-02 19:34:11+0300: Controller: play w L14
2026-04-02 19:34:11+0300: = 
2026-04-02 19:34:11+0300: Controller: play b L10
2026-04-02 19:34:11+0300: = 
2026-04-02 19:34:11+0300: Controller: play w K7
2026-04-02 19:34:11+0300: = 
2026-04-02 19:34:11+0300: Controller: play b L5
2026-04-02 19:34:11+0300: = 
2026-04-02 19:34:11+0300: Controller: play w O10
2026-04-02 19:34:11+0300: = 
2026-04-02 19:34:11+0300: Controller: play b Q12
2026-04-02 19:34:11+0300: = 
2026-04-02 19:34:11+0300: Controller: play w Q10
2026-04-02 19:34:11+0300: = 
2026-04-02 19:34:11+0300: Controller: play b Q6
2026-04-02 19:34:11+0300: = 
2026-04-02 19:34:11+0300: Controller: clear_board
2026-04-02 19:34:11+0300: = 
2026-04-02 19:34:11+0300: Controller: play b P15
2026-04-02 19:34:11+0300: = 
2026-04-02 19:34:11+0300: Controller: play w L14
2026-04-02 19:34:11+0300: = 
2026-04-02 19:34:11+0300: Controller: play b L10
2026-04-02 19:34:11+0300: = 
2026-04-02 19:34:11+0300: Controller: play w K7
2026-04-02 19:34:11+0300: = 
2026-04-02 19:34:11+0300: Controller: play b L5
2026-04-02 19:34:11+0300: = 
2026-04-02 19:34:11+0300: Controller: play w O10
2026-04-02 19:34:11+0300: = 
2026-04-02 19:34:11+0300: Controller: play b Q12
2026-04-02 19:34:11+0300: = 
2026-04-02 19:34:11+0300: Controller: play w Q10
2026-04-02 19:34:11+0300: = 
2026-04-02 19:34:11+0300: Controller: play b R5
2026-04-02 19:34:11+0300: = 
2026-04-02 19:34:11+0300: Controller: clear_board
2026-04-02 19:34:11+0300: = 
2026-04-02 19:34:11+0300: Controller: play b P15
2026-04-02 19:34:11+0300: = 
2026-04-02 19:34:11+0300: Controller: play w L14
2026-04-02 19:34:11+0300: = 
2026-04-02 19:34:11+0300: Controller: play b L10
2026-04-02 19:34:11+0300: = 
2026-04-02 19:34:11+0300: Controller: play w K7
2026-04-02 19:34:11+0300: = 
2026-04-02 19:34:11+0300: Controller: play b L5
2026-04-02 19:34:11+0300: = 
2026-04-02 19:34:11+0300: Controller: play w O10
2026-04-02 19:34:11+0300: = 
2026-04-02 19:34:11+0300: Controller: play b Q12
2026-04-02 19:34:11+0300: = 
2026-04-02 19:34:11+0300: Controller: play w Q10
2026-04-02 19:34:11+0300: = 
2026-04-02 19:34:11+0300: Controller: play b R5
2026-04-02 19:34:11+0300: = 
2026-04-02 19:34:12+0300: Controller: play w K5
2026-04-02 19:34:12+0300: = 
2026-04-02 19:34:12+0300: Controller: clear_board
2026-04-02 19:34:12+0300: = 
2026-04-02 19:34:12+0300: Controller: play b P15
2026-04-02 19:34:12+0300: = 
2026-04-02 19:34:12+0300: Controller: play w L14
2026-04-02 19:34:12+0300: = 
2026-04-02 19:34:12+0300: Controller: play b L10
2026-04-02 19:34:12+0300: = 
2026-04-02 19:34:12+0300: Controller: play w K7
2026-04-02 19:34:12+0300: = 
2026-04-02 19:34:12+0300: Controller: play b L5
2026-04-02 19:34:12+0300: = 
2026-04-02 19:34:12+0300: Controller: play w O10
2026-04-02 19:34:12+0300: = 
2026-04-02 19:34:12+0300: Controller: play b Q12
2026-04-02 19:34:12+0300: = 
2026-04-02 19:34:12+0300: Controller: play w Q10
2026-04-02 19:34:12+0300: = 
2026-04-02 19:34:12+0300: Controller: play b R5
2026-04-02 19:34:12+0300: = 
2026-04-02 19:34:12+0300: Controller: play w K5
2026-04-02 19:34:12+0300: = 
2026-04-02 19:34:12+0300: Controller: play b G8
2026-04-02 19:34:12+0300: = 
2026-04-02 19:34:12+0300: Controller: clear_board
2026-04-02 19:34:12+0300: = 
2026-04-02 19:34:12+0300: Controller: play b P15
2026-04-02 19:34:12+0300: = 
2026-04-02 19:34:12+0300: Controller: play w L14
2026-04-02 19:34:12+0300: = 
2026-04-02 19:34:12+0300: Controller: play b L10
2026-04-02 19:34:12+0300: = 
2026-04-02 19:34:12+0300: Controller: play w K7
2026-04-02 19:34:12+0300: = 
2026-04-02 19:34:12+0300: Controller: play b L5
2026-04-02 19:34:12+0300: = 
2026-04-02 19:34:12+0300: Controller: play w O10
2026-04-02 19:34:12+0300: = 
2026-04-02 19:34:12+0300: Controller: play b Q12
2026-04-02 19:34:12+0300: = 
2026-04-02 19:34:12+0300: Controller: play w Q10
2026-04-02 19:34:12+0300: = 
2026-04-02 19:34:12+0300: Controller: play b R5
2026-04-02 19:34:12+0300: = 
2026-04-02 19:34:12+0300: Controller: play w K5
2026-04-02 19:34:12+0300: = 
2026-04-02 19:34:12+0300: Controller: play b G8
2026-04-02 19:34:12+0300: = 
2026-04-02 19:34:12+0300: Controller: play w H11
2026-04-02 19:34:12+0300: = 
2026-04-02 19:34:12+0300: Controller: clear_board
2026-04-02 19:34:12+0300: = 
2026-04-02 19:34:12+0300: Controller: play b P15
2026-04-02 19:34:12+0300: = 
2026-04-02 19:34:12+0300: Controller: play w L14
2026-04-02 19:34:12+0300: = 
2026-04-02 19:34:12+0300: Controller: play b L10
2026-04-02 19:34:12+0300: = 
2026-04-02 19:34:12+0300: Controller: play w K7
2026-04-02 19:34:12+0300: = 
2026-04-02 19:34:12+0300: Controller: play b L5
2026-04-02 19:34:12+0300: = 
2026-04-02 19:34:12+0300: Controller: play w O10
2026-04-02 19:34:12+0300: = 
2026-04-02 19:34:12+0300: Controller: play b Q12
2026-04-02 19:34:12+0300: = 
2026-04-02 19:34:12+0300: Controller: play w Q10
2026-04-02 19:34:12+0300: = 
2026-04-02 19:34:12+0300: Controller: play b R5
2026-04-02 19:34:12+0300: = 
2026-04-02 19:34:12+0300: Controller: play w K5
2026-04-02 19:34:12+0300: = 
2026-04-02 19:34:12+0300: Controller: play b G8
2026-04-02 19:34:12+0300: = 
2026-04-02 19:34:12+0300: Controller: play w H11
2026-04-02 19:34:12+0300: = 
2026-04-02 19:34:12+0300: Controller: play b J13
2026-04-02 19:34:12+0300: = 
2026-04-02 19:34:12+0300: Controller: clear_board
2026-04-02 19:34:12+0300: = 
2026-04-02 19:34:12+0300: Controller: play b P15
2026-04-02 19:34:12+0300: = 
2026-04-02 19:34:12+0300: Controller: play w L14
2026-04-02 19:34:12+0300: = 
2026-04-02 19:34:12+0300: Controller: play b L10
2026-04-02 19:34:12+0300: = 
2026-04-02 19:34:12+0300: Controller: play w K7
2026-04-02 19:34:12+0300: = 
2026-04-02 19:34:12+0300: Controller: play b L5
2026-04-02 19:34:12+0300: = 
2026-04-02 19:34:12+0300: Controller: play w O10
2026-04-02 19:34:12+0300: = 
2026-04-02 19:34:12+0300: Controller: play b Q12
2026-04-02 19:34:12+0300: = 
2026-04-02 19:34:12+0300: Controller: play w Q10
2026-04-02 19:34:12+0300: = 
2026-04-02 19:34:12+0300: Controller: play b R5
2026-04-02 19:34:12+0300: = 
2026-04-02 19:34:12+0300: Controller: play w K5
2026-04-02 19:34:12+0300: = 
2026-04-02 19:34:12+0300: Controller: play b G8
2026-04-02 19:34:12+0300: = 
2026-04-02 19:34:12+0300: Controller: play w H11
2026-04-02 19:34:12+0300: = 
2026-04-02 19:34:12+0300: Controller: play b J13
2026-04-02 19:34:12+0300: = 
2026-04-02 19:34:12+0300: Controller: play w J14
2026-04-02 19:34:12+0300: = 
2026-04-02 19:34:12+0300: Controller: clear_board
2026-04-02 19:34:12+0300: = 
2026-04-02 19:34:12+0300: Controller: play b P15
2026-04-02 19:34:12+0300: = 
2026-04-02 19:34:12+0300: Controller: play w L14
2026-04-02 19:34:12+0300: = 
2026-04-02 19:34:12+0300: Controller: play b L10
2026-04-02 19:34:12+0300: = 
2026-04-02 19:34:12+0300: Controller: play w K7
2026-04-02 19:34:12+0300: = 
2026-04-02 19:34:12+0300: Controller: play b L5
2026-04-02 19:34:12+0300: = 
2026-04-02 19:34:12+0300: Controller: play w O10
2026-04-02 19:34:12+0300: = 
2026-04-02 19:34:12+0300: Controller: play b Q12
2026-04-02 19:34:12+0300: = 
2026-04-02 19:34:12+0300: Controller: play w Q10
2026-04-02 19:34:12+0300: = 
2026-04-02 19:34:12+0300: Controller: play b R5
2026-04-02 19:34:12+0300: = 
2026-04-02 19:34:12+0300: Controller: play w K5
2026-04-02 19:34:12+0300: = 
2026-04-02 19:34:12+0300: Controller: play b G8
2026-04-02 19:34:12+0300: = 
2026-04-02 19:34:12+0300: Controller: play w H11
2026-04-02 19:34:12+0300: = 
2026-04-02 19:34:12+0300: Controller: play b J13
2026-04-02 19:34:12+0300: = 
2026-04-02 19:34:12+0300: Controller: play w J14
2026-04-02 19:34:12+0300: = 
2026-04-02 19:34:13+0300: Controller: clear_board
2026-04-02 19:34:13+0300: = 
2026-04-02 19:34:13+0300: Controller: play b P15
2026-04-02 19:34:13+0300: = 
2026-04-02 19:34:13+0300: Controller: play w L14
2026-04-02 19:34:13+0300: = 
2026-04-02 19:34:13+0300: Controller: play b L10
2026-04-02 19:34:13+0300: = 
2026-04-02 19:34:13+0300: Controller: play w K7
2026-04-02 19:34:13+0300: = 
2026-04-02 19:34:13+0300: Controller: play b L5
2026-04-02 19:34:13+0300: = 
2026-04-02 19:34:13+0300: Controller: play w O10
2026-04-02 19:34:13+0300: = 
2026-04-02 19:34:13+0300: Controller: play b Q12
2026-04-02 19:34:13+0300: = 
2026-04-02 19:34:13+0300: Controller: play w Q10
2026-04-02 19:34:13+0300: = 
2026-04-02 19:34:13+0300: Controller: play b R5
2026-04-02 19:34:13+0300: = 
2026-04-02 19:34:13+0300: Controller: play w K5
2026-04-02 19:34:13+0300: = 
2026-04-02 19:34:13+0300: Controller: play b G8
2026-04-02 19:34:13+0300: = 
2026-04-02 19:34:13+0300: Controller: play w H11
2026-04-02 19:34:13+0300: = 
2026-04-02 19:34:13+0300: Controller: play b J13
2026-04-02 19:34:13+0300: = 
2026-04-02 19:34:13+0300: Controller: clear_board
2026-04-02 19:34:13+0300: = 
2026-04-02 19:34:13+0300: Controller: play b P15
2026-04-02 19:34:13+0300: = 
2026-04-02 19:34:13+0300: Controller: play w L14
2026-04-02 19:34:13+0300: = 
2026-04-02 19:34:13+0300: Controller: play b L10
2026-04-02 19:34:13+0300: = 
2026-04-02 19:34:13+0300: Controller: play w K7
2026-04-02 19:34:13+0300: = 
2026-04-02 19:34:13+0300: Controller: play b L5
2026-04-02 19:34:13+0300: = 
2026-04-02 19:34:13+0300: Controller: play w O10
2026-04-02 19:34:13+0300: = 
2026-04-02 19:34:13+0300: Controller: play b Q12
2026-04-02 19:34:13+0300: = 
2026-04-02 19:34:13+0300: Controller: play w Q10
2026-04-02 19:34:13+0300: = 
2026-04-02 19:34:13+0300: Controller: play b R5
2026-04-02 19:34:13+0300: = 
2026-04-02 19:34:13+0300: Controller: play w K5
2026-04-02 19:34:13+0300: = 
2026-04-02 19:34:13+0300: Controller: play b G8
2026-04-02 19:34:13+0300: = 
2026-04-02 19:34:13+0300: Controller: play w H11
2026-04-02 19:34:13+0300: = 
2026-04-02 19:34:13+0300: Controller: clear_board
2026-04-02 19:34:13+0300: = 
2026-04-02 19:34:13+0300: Controller: play b P15
2026-04-02 19:34:13+0300: = 
2026-04-02 19:34:13+0300: Controller: play w L14
2026-04-02 19:34:13+0300: = 
2026-04-02 19:34:13+0300: Controller: play b L10
2026-04-02 19:34:13+0300: = 
2026-04-02 19:34:13+0300: Controller: play w K7
2026-04-02 19:34:13+0300: = 
2026-04-02 19:34:13+0300: Controller: play b L5
2026-04-02 19:34:13+0300: = 
2026-04-02 19:34:13+0300: Controller: play w O10
2026-04-02 19:34:13+0300: = 
2026-04-02 19:34:13+0300: Controller: play b Q12
2026-04-02 19:34:13+0300: = 
2026-04-02 19:34:13+0300: Controller: play w Q10
2026-04-02 19:34:13+0300: = 
2026-04-02 19:34:13+0300: Controller: play b R5
2026-04-02 19:34:13+0300: = 
2026-04-02 19:34:13+0300: Controller: play w K5
2026-04-02 19:34:13+0300: = 
2026-04-02 19:34:13+0300: Controller: play b G8
2026-04-02 19:34:13+0300: = 
2026-04-02 19:34:14+0300: Controller: clear_board
2026-04-02 19:34:14+0300: = 
2026-04-02 19:34:14+0300: Controller: play b P15
2026-04-02 19:34:14+0300: = 
2026-04-02 19:34:14+0300: Controller: play w L14
2026-04-02 19:34:14+0300: = 
2026-04-02 19:34:14+0300: Controller: play b L10
2026-04-02 19:34:14+0300: = 
2026-04-02 19:34:14+0300: Controller: play w K7
2026-04-02 19:34:14+0300: = 
2026-04-02 19:34:14+0300: Controller: play b L5
2026-04-02 19:34:14+0300: = 
2026-04-02 19:34:14+0300: Controller: play w O10
2026-04-02 19:34:14+0300: = 
2026-04-02 19:34:14+0300: Controller: play b Q12
2026-04-02 19:34:14+0300: = 
2026-04-02 19:34:14+0300: Controller: play w Q10
2026-04-02 19:34:14+0300: = 
2026-04-02 19:34:14+0300: Controller: play b R5
2026-04-02 19:34:14+0300: = 
2026-04-02 19:34:14+0300: Controller: play w K5
2026-04-02 19:34:14+0300: = 
2026-04-02 19:34:14+0300: Controller: play b Q2
2026-04-02 19:34:14+0300: = 
2026-04-02 19:34:14+0300: Controller: clear_board
2026-04-02 19:34:14+0300: = 
2026-04-02 19:34:14+0300: Controller: play b P15
2026-04-02 19:34:14+0300: = 
2026-04-02 19:34:14+0300: Controller: play w L14
2026-04-02 19:34:14+0300: = 
2026-04-02 19:34:14+0300: Controller: play b L10
2026-04-02 19:34:14+0300: = 
2026-04-02 19:34:14+0300: Controller: play w K7
2026-04-02 19:34:14+0300: = 
2026-04-02 19:34:14+0300: Controller: play b L5
2026-04-02 19:34:14+0300: = 
2026-04-02 19:34:14+0300: Controller: play w O10
2026-04-02 19:34:14+0300: = 
2026-04-02 19:34:14+0300: Controller: play b Q12
2026-04-02 19:34:14+0300: = 
2026-04-02 19:34:14+0300: Controller: play w Q10
2026-04-02 19:34:14+0300: = 
2026-04-02 19:34:14+0300: Controller: play b R5
2026-04-02 19:34:14+0300: = 
2026-04-02 19:34:14+0300: Controller: play w K5
2026-04-02 19:34:14+0300: = 
2026-04-02 19:34:14+0300: Controller: play b Q2
2026-04-02 19:34:14+0300: = 
2026-04-02 19:34:14+0300: Controller: play w P2
2026-04-02 19:34:14+0300: = 
2026-04-02 19:34:14+0300: Controller: clear_board
2026-04-02 19:34:14+0300: = 
2026-04-02 19:34:14+0300: Controller: play b P15
2026-04-02 19:34:14+0300: = 
2026-04-02 19:34:14+0300: Controller: play w L14
2026-04-02 19:34:14+0300: = 
2026-04-02 19:34:14+0300: Controller: play b L10
2026-04-02 19:34:14+0300: = 
2026-04-02 19:34:14+0300: Controller: play w K7
2026-04-02 19:34:14+0300: = 
2026-04-02 19:34:14+0300: Controller: play b L5
2026-04-02 19:34:14+0300: = 
2026-04-02 19:34:14+0300: Controller: play w O10
2026-04-02 19:34:14+0300: = 
2026-04-02 19:34:14+0300: Controller: play b Q12
2026-04-02 19:34:14+0300: = 
2026-04-02 19:34:14+0300: Controller: play w Q10
2026-04-02 19:34:14+0300: = 
2026-04-02 19:34:14+0300: Controller: play b R5
2026-04-02 19:34:14+0300: = 
2026-04-02 19:34:14+0300: Controller: play w K5
2026-04-02 19:34:14+0300: = 
2026-04-02 19:34:14+0300: Controller: play b Q2
2026-04-02 19:34:14+0300: = 
2026-04-02 19:34:14+0300: Controller: play w P2
2026-04-02 19:34:14+0300: = 
2026-04-02 19:34:14+0300: Controller: play b L3
2026-04-02 19:34:14+0300: = 
2026-04-02 19:34:14+0300: Controller: clear_board
2026-04-02 19:34:14+0300: = 
2026-04-02 19:34:14+0300: Controller: play b P15
2026-04-02 19:34:14+0300: = 
2026-04-02 19:34:14+0300: Controller: play w L14
2026-04-02 19:34:14+0300: = 
2026-04-02 19:34:14+0300: Controller: play b L10
2026-04-02 19:34:14+0300: = 
2026-04-02 19:34:14+0300: Controller: play w K7
2026-04-02 19:34:14+0300: = 
2026-04-02 19:34:14+0300: Controller: play b L5
2026-04-02 19:34:14+0300: = 
2026-04-02 19:34:14+0300: Controller: play w O10
2026-04-02 19:34:14+0300: = 
2026-04-02 19:34:14+0300: Controller: play b Q12
2026-04-02 19:34:14+0300: = 
2026-04-02 19:34:14+0300: Controller: play w Q10
2026-04-02 19:34:14+0300: = 
2026-04-02 19:34:14+0300: Controller: play b R5
2026-04-02 19:34:14+0300: = 
2026-04-02 19:34:14+0300: Controller: play w K5
2026-04-02 19:34:14+0300: = 
2026-04-02 19:34:14+0300: Controller: play b Q2
2026-04-02 19:34:14+0300: = 
2026-04-02 19:34:14+0300: Controller: play w P2
2026-04-02 19:34:14+0300: = 
2026-04-02 19:34:14+0300: Controller: play b L3
2026-04-02 19:34:14+0300: = 
2026-04-02 19:34:14+0300: Controller: play w J4
2026-04-02 19:34:14+0300: = 
2026-04-02 19:34:14+0300: Controller: clear_board
2026-04-02 19:34:14+0300: = 
2026-04-02 19:34:14+0300: Controller: play b P15
2026-04-02 19:34:14+0300: = 
2026-04-02 19:34:14+0300: Controller: play w L14
2026-04-02 19:34:14+0300: = 
2026-04-02 19:34:14+0300: Controller: play b L10
2026-04-02 19:34:14+0300: = 
2026-04-02 19:34:14+0300: Controller: play w K7
2026-04-02 19:34:14+0300: = 
2026-04-02 19:34:14+0300: Controller: play b L5
2026-04-02 19:34:14+0300: = 
2026-04-02 19:34:14+0300: Controller: play w O10
2026-04-02 19:34:14+0300: = 
2026-04-02 19:34:14+0300: Controller: play b Q12
2026-04-02 19:34:14+0300: = 
2026-04-02 19:34:14+0300: Controller: play w Q10
2026-04-02 19:34:14+0300: = 
2026-04-02 19:34:14+0300: Controller: play b R5
2026-04-02 19:34:14+0300: = 
2026-04-02 19:34:14+0300: Controller: play w K5
2026-04-02 19:34:14+0300: = 
2026-04-02 19:34:14+0300: Controller: play b Q2
2026-04-02 19:34:14+0300: = 
2026-04-02 19:34:14+0300: Controller: play w P2
2026-04-02 19:34:14+0300: = 
2026-04-02 19:34:14+0300: Controller: play b L3
2026-04-02 19:34:14+0300: = 
2026-04-02 19:34:14+0300: Controller: play w J4
2026-04-02 19:34:14+0300: = 
2026-04-02 19:34:15+0300: Controller: play b K6
2026-04-02 19:34:15+0300: = 
2026-04-02 19:34:15+0300: Controller: clear_board
2026-04-02 19:34:15+0300: = 
2026-04-02 19:34:15+0300: Controller: play b P15
2026-04-02 19:34:15+0300: = 
2026-04-02 19:34:15+0300: Controller: play w L14
2026-04-02 19:34:15+0300: = 
2026-04-02 19:34:15+0300: Controller: play b L10
2026-04-02 19:34:15+0300: = 
2026-04-02 19:34:15+0300: Controller: play w K7
2026-04-02 19:34:15+0300: = 
2026-04-02 19:34:15+0300: Controller: play b L5
2026-04-02 19:34:15+0300: = 
2026-04-02 19:34:15+0300: Controller: play w O10
2026-04-02 19:34:15+0300: = 
2026-04-02 19:34:15+0300: Controller: play b Q12
2026-04-02 19:34:15+0300: = 
2026-04-02 19:34:15+0300: Controller: play w Q10
2026-04-02 19:34:15+0300: = 
2026-04-02 19:34:15+0300: Controller: play b R5
2026-04-02 19:34:15+0300: = 
2026-04-02 19:34:15+0300: Controller: play w K5
2026-04-02 19:34:15+0300: = 
2026-04-02 19:34:15+0300: Controller: play b Q2
2026-04-02 19:34:15+0300: = 
2026-04-02 19:34:15+0300: Controller: play w P2
2026-04-02 19:34:15+0300: = 
2026-04-02 19:34:15+0300: Controller: play b L3
2026-04-02 19:34:15+0300: = 
2026-04-02 19:34:15+0300: Controller: play w J4
2026-04-02 19:34:15+0300: = 
2026-04-02 19:34:15+0300: Controller: play b K6
2026-04-02 19:34:15+0300: = 
2026-04-02 19:34:15+0300: Controller: play w H9
2026-04-02 19:34:15+0300: = 
2026-04-02 19:34:15+0300: Controller: clear_board
2026-04-02 19:34:15+0300: = 
2026-04-02 19:34:15+0300: Controller: play b P15
2026-04-02 19:34:15+0300: = 
2026-04-02 19:34:15+0300: Controller: play w L14
2026-04-02 19:34:15+0300: = 
2026-04-02 19:34:15+0300: Controller: play b L10
2026-04-02 19:34:15+0300: = 
2026-04-02 19:34:15+0300: Controller: play w K7
2026-04-02 19:34:15+0300: = 
2026-04-02 19:34:15+0300: Controller: play b L5
2026-04-02 19:34:15+0300: = 
2026-04-02 19:34:15+0300: Controller: play w O10
2026-04-02 19:34:15+0300: = 
2026-04-02 19:34:15+0300: Controller: play b Q12
2026-04-02 19:34:15+0300: = 
2026-04-02 19:34:15+0300: Controller: play w Q10
2026-04-02 19:34:15+0300: = 
2026-04-02 19:34:15+0300: Controller: play b R5
2026-04-02 19:34:15+0300: = 
2026-04-02 19:34:15+0300: Controller: play w K5
2026-04-02 19:34:15+0300: = 
2026-04-02 19:34:15+0300: Controller: play b Q2
2026-04-02 19:34:15+0300: = 
2026-04-02 19:34:15+0300: Controller: play w P2
2026-04-02 19:34:15+0300: = 
2026-04-02 19:34:15+0300: Controller: play b L3
2026-04-02 19:34:15+0300: = 
2026-04-02 19:34:15+0300: Controller: play w J4
2026-04-02 19:34:15+0300: = 
2026-04-02 19:34:15+0300: Controller: play b K6
2026-04-02 19:34:15+0300: = 
2026-04-02 19:34:15+0300: Controller: play w H9
2026-04-02 19:34:15+0300: = 
2026-04-02 19:34:15+0300: Controller: play b J11
2026-04-02 19:34:15+0300: = 
2026-04-02 19:34:15+0300: Controller: clear_board
2026-04-02 19:34:15+0300: = 
2026-04-02 19:34:15+0300: Controller: play b P15
2026-04-02 19:34:15+0300: = 
2026-04-02 19:34:15+0300: Controller: play w L14
2026-04-02 19:34:15+0300: = 
2026-04-02 19:34:15+0300: Controller: play b L10
2026-04-02 19:34:15+0300: = 
2026-04-02 19:34:15+0300: Controller: play w K7
2026-04-02 19:34:15+0300: = 
2026-04-02 19:34:15+0300: Controller: play b L5
2026-04-02 19:34:15+0300: = 
2026-04-02 19:34:15+0300: Controller: play w O10
2026-04-02 19:34:15+0300: = 
2026-04-02 19:34:15+0300: Controller: play b Q12
2026-04-02 19:34:15+0300: = 
2026-04-02 19:34:15+0300: Controller: play w Q10
2026-04-02 19:34:15+0300: = 
2026-04-02 19:34:15+0300: Controller: play b R5
2026-04-02 19:34:15+0300: = 
2026-04-02 19:34:15+0300: Controller: play w K5
2026-04-02 19:34:15+0300: = 
2026-04-02 19:34:15+0300: Controller: play b Q2
2026-04-02 19:34:15+0300: = 
2026-04-02 19:34:15+0300: Controller: play w P2
2026-04-02 19:34:15+0300: = 
2026-04-02 19:34:15+0300: Controller: play b L3
2026-04-02 19:34:15+0300: = 
2026-04-02 19:34:15+0300: Controller: play w J4
2026-04-02 19:34:15+0300: = 
2026-04-02 19:34:15+0300: Controller: play b K6
2026-04-02 19:34:15+0300: = 
2026-04-02 19:34:15+0300: Controller: play w H9
2026-04-02 19:34:15+0300: = 
2026-04-02 19:34:15+0300: Controller: play b J11
2026-04-02 19:34:15+0300: = 
2026-04-02 19:34:15+0300: Controller: play w K11
2026-04-02 19:34:15+0300: = 
2026-04-02 19:34:15+0300: Controller: clear_board
2026-04-02 19:34:15+0300: = 
2026-04-02 19:34:15+0300: Controller: play b P15
2026-04-02 19:34:15+0300: = 
2026-04-02 19:34:15+0300: Controller: play w L14
2026-04-02 19:34:15+0300: = 
2026-04-02 19:34:15+0300: Controller: play b L10
2026-04-02 19:34:15+0300: = 
2026-04-02 19:34:15+0300: Controller: play w K7
2026-04-02 19:34:15+0300: = 
2026-04-02 19:34:15+0300: Controller: play b L5
2026-04-02 19:34:15+0300: = 
2026-04-02 19:34:15+0300: Controller: play w O10
2026-04-02 19:34:15+0300: = 
2026-04-02 19:34:15+0300: Controller: play b Q12
2026-04-02 19:34:15+0300: = 
2026-04-02 19:34:15+0300: Controller: play w Q10
2026-04-02 19:34:15+0300: = 
2026-04-02 19:34:15+0300: Controller: play b R5
2026-04-02 19:34:15+0300: = 
2026-04-02 19:34:15+0300: Controller: play w K5
2026-04-02 19:34:15+0300: = 
2026-04-02 19:34:15+0300: Controller: play b Q2
2026-04-02 19:34:15+0300: = 
2026-04-02 19:34:15+0300: Controller: play w P2
2026-04-02 19:34:15+0300: = 
2026-04-02 19:34:15+0300: Controller: play b L3
2026-04-02 19:34:15+0300: = 
2026-04-02 19:34:15+0300: Controller: play w J4
2026-04-02 19:34:15+0300: = 
2026-04-02 19:34:15+0300: Controller: play b K6
2026-04-02 19:34:15+0300: = 
2026-04-02 19:34:15+0300: Controller: play w H9
2026-04-02 19:34:15+0300: = 
2026-04-02 19:34:15+0300: Controller: play b J11
2026-04-02 19:34:15+0300: = 
2026-04-02 19:34:15+0300: Controller: play w K11
2026-04-02 19:34:15+0300: = 
2026-04-02 19:34:17+0300: Controller: clear_board
2026-04-02 19:34:17+0300: = 
2026-04-02 19:34:17+0300: Controller: play b P15
2026-04-02 19:34:17+0300: = 
2026-04-02 19:34:17+0300: Controller: play w L14
2026-04-02 19:34:17+0300: = 
2026-04-02 19:34:18+0300: Controller: play b R6
2026-04-02 19:34:18+0300: = 
2026-04-02 19:34:18+0300: Controller: clear_board
2026-04-02 19:34:18+0300: = 
2026-04-02 19:34:18+0300: Controller: play b P15
2026-04-02 19:34:18+0300: = 
2026-04-02 19:34:18+0300: Controller: play w L14
2026-04-02 19:34:18+0300: = 
2026-04-02 19:34:18+0300: Controller: play b R6
2026-04-02 19:34:18+0300: = 
2026-04-02 19:34:18+0300: Controller: play w P9
2026-04-02 19:34:18+0300: = 
2026-04-02 19:34:18+0300: Controller: clear_board
2026-04-02 19:34:18+0300: = 
2026-04-02 19:34:18+0300: Controller: play b P15
2026-04-02 19:34:18+0300: = 
2026-04-02 19:34:18+0300: Controller: play w L14
2026-04-02 19:34:18+0300: = 
2026-04-02 19:34:18+0300: Controller: play b R6
2026-04-02 19:34:18+0300: = 
2026-04-02 19:34:18+0300: Controller: play w P9
2026-04-02 19:34:18+0300: = 
2026-04-02 19:34:18+0300: Controller: play b M9
2026-04-02 19:34:18+0300: = 
2026-04-02 19:34:18+0300: Controller: clear_board
2026-04-02 19:34:18+0300: = 
2026-04-02 19:34:18+0300: Controller: play b P15
2026-04-02 19:34:18+0300: = 
2026-04-02 19:34:18+0300: Controller: play w L14
2026-04-02 19:34:18+0300: = 
2026-04-02 19:34:18+0300: Controller: play b R6
2026-04-02 19:34:18+0300: = 
2026-04-02 19:34:18+0300: Controller: play w P9
2026-04-02 19:34:18+0300: = 
2026-04-02 19:34:18+0300: Controller: play b M9
2026-04-02 19:34:18+0300: = 
2026-04-02 19:34:18+0300: Controller: play w L6
2026-04-02 19:34:18+0300: = 
2026-04-02 19:34:18+0300: Controller: clear_board
2026-04-02 19:34:18+0300: = 
2026-04-02 19:34:18+0300: Controller: play b P15
2026-04-02 19:34:18+0300: = 
2026-04-02 19:34:18+0300: Controller: play w L14
2026-04-02 19:34:18+0300: = 
2026-04-02 19:34:18+0300: Controller: play b R6
2026-04-02 19:34:18+0300: = 
2026-04-02 19:34:18+0300: Controller: play w P9
2026-04-02 19:34:18+0300: = 
2026-04-02 19:34:18+0300: Controller: play b M9
2026-04-02 19:34:18+0300: = 
2026-04-02 19:34:18+0300: Controller: play w L6
2026-04-02 19:34:18+0300: = 
2026-04-02 19:34:19+0300: Controller: play b M6
2026-04-02 19:34:19+0300: = 
2026-04-02 19:34:19+0300: Controller: clear_board
2026-04-02 19:34:19+0300: = 
2026-04-02 19:34:19+0300: Controller: play b P15
2026-04-02 19:34:19+0300: = 
2026-04-02 19:34:19+0300: Controller: play w L14
2026-04-02 19:34:19+0300: = 
2026-04-02 19:34:19+0300: Controller: play b R6
2026-04-02 19:34:19+0300: = 
2026-04-02 19:34:19+0300: Controller: play w P9
2026-04-02 19:34:19+0300: = 
2026-04-02 19:34:19+0300: Controller: play b M9
2026-04-02 19:34:19+0300: = 
2026-04-02 19:34:19+0300: Controller: play w L6
2026-04-02 19:34:19+0300: = 
2026-04-02 19:34:19+0300: Controller: play b M6
2026-04-02 19:34:19+0300: = 
2026-04-02 19:34:19+0300: Controller: play w O5
2026-04-02 19:34:19+0300: = 
2026-04-02 19:34:19+0300: Controller: clear_board
2026-04-02 19:34:19+0300: = 
2026-04-02 19:34:19+0300: Controller: play b P15
2026-04-02 19:34:19+0300: = 
2026-04-02 19:34:19+0300: Controller: play w L14
2026-04-02 19:34:19+0300: = 
2026-04-02 19:34:19+0300: Controller: play b R6
2026-04-02 19:34:19+0300: = 
2026-04-02 19:34:19+0300: Controller: play w P9
2026-04-02 19:34:19+0300: = 
2026-04-02 19:34:19+0300: Controller: play b M9
2026-04-02 19:34:19+0300: = 
2026-04-02 19:34:19+0300: Controller: play w L6
2026-04-02 19:34:19+0300: = 
2026-04-02 19:34:19+0300: Controller: play b M6
2026-04-02 19:34:19+0300: = 
2026-04-02 19:34:19+0300: Controller: play w O5
2026-04-02 19:34:19+0300: = 
2026-04-02 19:34:19+0300: Controller: play b P6
2026-04-02 19:34:19+0300: = 
2026-04-02 19:34:19+0300: Controller: clear_board
2026-04-02 19:34:19+0300: = 
2026-04-02 19:34:19+0300: Controller: play b P15
2026-04-02 19:34:19+0300: = 
2026-04-02 19:34:19+0300: Controller: play w L14
2026-04-02 19:34:19+0300: = 
2026-04-02 19:34:19+0300: Controller: play b R6
2026-04-02 19:34:19+0300: = 
2026-04-02 19:34:19+0300: Controller: play w P9
2026-04-02 19:34:19+0300: = 
2026-04-02 19:34:19+0300: Controller: play b M9
2026-04-02 19:34:19+0300: = 
2026-04-02 19:34:19+0300: Controller: play w L6
2026-04-02 19:34:19+0300: = 
2026-04-02 19:34:19+0300: Controller: play b M6
2026-04-02 19:34:19+0300: = 
2026-04-02 19:34:19+0300: Controller: play w O5
2026-04-02 19:34:19+0300: = 
2026-04-02 19:34:19+0300: Controller: play b P6
2026-04-02 19:34:19+0300: = 
2026-04-02 19:34:19+0300: Controller: play w Q10
2026-04-02 19:34:19+0300: = 
2026-04-02 19:34:19+0300: Controller: clear_board
2026-04-02 19:34:19+0300: = 
2026-04-02 19:34:19+0300: Controller: play b P15
2026-04-02 19:34:19+0300: = 
2026-04-02 19:34:19+0300: Controller: play w L14
2026-04-02 19:34:19+0300: = 
2026-04-02 19:34:19+0300: Controller: play b R6
2026-04-02 19:34:19+0300: = 
2026-04-02 19:34:19+0300: Controller: play w P9
2026-04-02 19:34:19+0300: = 
2026-04-02 19:34:19+0300: Controller: play b M9
2026-04-02 19:34:19+0300: = 
2026-04-02 19:34:19+0300: Controller: play w L6
2026-04-02 19:34:19+0300: = 
2026-04-02 19:34:19+0300: Controller: play b M6
2026-04-02 19:34:19+0300: = 
2026-04-02 19:34:19+0300: Controller: play w O5
2026-04-02 19:34:19+0300: = 
2026-04-02 19:34:19+0300: Controller: play b P6
2026-04-02 19:34:19+0300: = 
2026-04-02 19:34:19+0300: Controller: play w Q10
2026-04-02 19:34:19+0300: = 
2026-04-02 19:34:21+0300: Controller: clear_board
2026-04-02 19:34:21+0300: = 
2026-04-02 19:34:21+0300: Controller: play b Q8
2026-04-02 19:34:21+0300: = 
2026-04-02 19:34:21+0300: Controller: clear_board
2026-04-02 19:34:21+0300: = 
2026-04-02 19:34:21+0300: Controller: play b Q8
2026-04-02 19:34:21+0300: = 
2026-04-02 19:34:21+0300: Controller: play w P11
2026-04-02 19:34:21+0300: = 
2026-04-02 19:34:21+0300: Controller: clear_board
2026-04-02 19:34:21+0300: = 
2026-04-02 19:34:21+0300: Controller: play b Q8
2026-04-02 19:34:21+0300: = 
2026-04-02 19:34:21+0300: Controller: play w P11
2026-04-02 19:34:21+0300: = 
2026-04-02 19:34:21+0300: Controller: play b N10
2026-04-02 19:34:21+0300: = 
2026-04-02 19:34:21+0300: Controller: clear_board
2026-04-02 19:34:21+0300: = 
2026-04-02 19:34:21+0300: Controller: play b Q8
2026-04-02 19:34:21+0300: = 
2026-04-02 19:34:21+0300: Controller: play w P11
2026-04-02 19:34:21+0300: = 
2026-04-02 19:34:21+0300: Controller: play b N10
2026-04-02 19:34:21+0300: = 
2026-04-02 19:34:22+0300: Controller: play w Q7
2026-04-02 19:34:22+0300: = 
2026-04-02 19:34:22+0300: Controller: clear_board
2026-04-02 19:34:22+0300: = 
2026-04-02 19:34:22+0300: Controller: play b Q8
2026-04-02 19:34:22+0300: = 
2026-04-02 19:34:22+0300: Controller: play w P11
2026-04-02 19:34:22+0300: = 
2026-04-02 19:34:22+0300: Controller: play b N10
2026-04-02 19:34:22+0300: = 
2026-04-02 19:34:22+0300: Controller: play w Q7
2026-04-02 19:34:22+0300: = 
2026-04-02 19:34:22+0300: Controller: play b R6
2026-04-02 19:34:22+0300: = 
2026-04-02 19:34:22+0300: Controller: clear_board
2026-04-02 19:34:22+0300: = 
2026-04-02 19:34:22+0300: Controller: play b Q8
2026-04-02 19:34:22+0300: = 
2026-04-02 19:34:22+0300: Controller: play w P11
2026-04-02 19:34:22+0300: = 
2026-04-02 19:34:22+0300: Controller: play b N10
2026-04-02 19:34:22+0300: = 
2026-04-02 19:34:22+0300: Controller: play w Q7
2026-04-02 19:34:22+0300: = 
2026-04-02 19:34:22+0300: Controller: play b R6
2026-04-02 19:34:22+0300: = 
2026-04-02 19:34:24+0300: Controller: clear_board
2026-04-02 19:34:24+0300: = 
2026-04-02 19:34:24+0300: Controller: play b P15
2026-04-02 19:34:24+0300: = 
2026-04-02 19:34:24+0300: Controller: play w L14
2026-04-02 19:34:24+0300: = 
2026-04-02 19:34:24+0300: Controller: play b R6
2026-04-02 19:34:24+0300: = 
2026-04-02 19:34:24+0300: Controller: play w P9
2026-04-02 19:34:24+0300: = 
2026-04-02 19:34:24+0300: Controller: play b M9
2026-04-02 19:34:24+0300: = 
2026-04-02 19:34:24+0300: Controller: clear_board
2026-04-02 19:34:24+0300: = 
2026-04-02 19:34:24+0300: Controller: play b P15
2026-04-02 19:34:24+0300: = 
2026-04-02 19:34:24+0300: Controller: play w L14
2026-04-02 19:34:24+0300: = 
2026-04-02 19:34:24+0300: Controller: play b R6
2026-04-02 19:34:24+0300: = 
2026-04-02 19:34:24+0300: Controller: play w P9
2026-04-02 19:34:24+0300: = 
2026-04-02 19:34:24+0300: Controller: play b M9
2026-04-02 19:34:24+0300: = 
2026-04-02 19:34:24+0300: Controller: play w L6
2026-04-02 19:34:24+0300: = 
2026-04-02 19:34:25+0300: Controller: clear_board
2026-04-02 19:34:25+0300: = 
2026-04-02 19:34:25+0300: Controller: play b P15
2026-04-02 19:34:25+0300: = 
2026-04-02 19:34:25+0300: Controller: play w L14
2026-04-02 19:34:25+0300: = 
2026-04-02 19:34:25+0300: Controller: play b R6
2026-04-02 19:34:25+0300: = 
2026-04-02 19:34:25+0300: Controller: play w P9
2026-04-02 19:34:25+0300: = 
2026-04-02 19:34:25+0300: Controller: play b M9
2026-04-02 19:34:25+0300: = 
2026-04-02 19:34:25+0300: Controller: play w L6
2026-04-02 19:34:25+0300: = 
2026-04-02 19:34:25+0300: Controller: play b M6
2026-04-02 19:34:25+0300: = 
2026-04-02 19:34:25+0300: Controller: play w O5
2026-04-02 19:34:25+0300: = 
