2026-04-02 22:43:21+0300: Running with following config:
allowResignation = true
lagBuffer = 1.0
logAllGTPCommunication = true
logDir = gtp_logs
logSearchInfo = true
logSearchInfoForChosenMove = false
logToStderr = false
maxTimePondering = 60.0
maxVisits = 500
numSearchThreads = 20
ponderingEnabled = false
resignConsecTurns = 3
resignThreshold = -0.90
rules = tromp-taylor
searchFactorAfterOnePass = 0.50
searchFactorAfterTwoPass = 0.25
searchFactorWhenWinning = 0.40
searchFactorWhenWinningThreshold = 0.95

2026-04-02 22:43:21+0300: GTP Engine starting...
2026-04-02 22:43:21+0300: KataGo v1.16.4
2026-04-02 22:43:21+0300: Using TrompTaylor rules initially, unless GTP/GUI overrides this
2026-04-02 22:43:21+0300: Using 20 CPU thread(s) for search
2026-04-02 22:43:21+0300: nnRandSeed0 = 3533758014652391057
2026-04-02 22:43:21+0300: After dedups: nnModelFile0 = D:\Projects\Hoshi\KataGo\default_model.bin.gz useFP16 auto useNHWC auto
2026-04-02 22:43:21+0300: Initializing neural net buffer to be size 19 * 19 exactly
2026-04-02 22:43:25+0300: Cuda backend thread 0: Found GPU NVIDIA GeForce RTX 2060 memory 6441992192 compute capability major 7 minor 5
2026-04-02 22:43:25+0300: Cuda backend thread 0: Model version 15 useFP16 = true useNHWC = true
2026-04-02 22:43:25+0300: Cuda backend thread 0: Model name: zhizi_hzy_b28_muonfd2
2026-04-02 22:43:26+0300: Loaded neural net with nnXLen 19 nnYLen 19
2026-04-02 22:43:26+0300: Initializing board with boardXSize 19 boardYSize 19
2026-04-02 22:43:26+0300: Loaded config D:\Projects\Hoshi\KataGo\default_gtp.cfg
2026-04-02 22:43:26+0300: Loaded model D:\Projects\Hoshi\KataGo\default_model.bin.gz
2026-04-02 22:43:26+0300: Model name: zhizi_hzy_b28_muonfd2
2026-04-02 22:43:26+0300: GTP ready, beginning main protocol loop
2026-04-02 22:43:26+0300: Controller: play b Q16
2026-04-02 22:43:26+0300: = 
2026-04-02 22:43:26+0300: Controller: clear_board
2026-04-02 22:43:26+0300: = 
2026-04-02 22:43:26+0300: Controller: play b Q16
2026-04-02 22:43:26+0300: = 
2026-04-02 22:43:26+0300: Controller: play w O14
2026-04-02 22:43:26+0300: = 
2026-04-02 22:43:26+0300: Controller: clear_board
2026-04-02 22:43:26+0300: = 
2026-04-02 22:43:26+0300: Controller: play b Q16
2026-04-02 22:43:26+0300: = 
2026-04-02 22:43:26+0300: Controller: play w O14
2026-04-02 22:43:26+0300: = 
2026-04-02 22:43:27+0300: Controller: play b Q12
2026-04-02 22:43:27+0300: = 
2026-04-02 22:43:27+0300: Controller: clear_board
2026-04-02 22:43:27+0300: = 
2026-04-02 22:43:27+0300: Controller: play b Q16
2026-04-02 22:43:27+0300: = 
2026-04-02 22:43:27+0300: Controller: play w O14
2026-04-02 22:43:27+0300: = 
2026-04-02 22:43:27+0300: Controller: play b Q12
2026-04-02 22:43:27+0300: = 
2026-04-02 22:43:28+0300: Controller: play w O10
2026-04-02 22:43:28+0300: = 
2026-04-02 22:43:28+0300: Controller: clear_board
2026-04-02 22:43:28+0300: = 
2026-04-02 22:43:28+0300: Controller: play b Q16
2026-04-02 22:43:28+0300: = 
2026-04-02 22:43:28+0300: Controller: play w O14
2026-04-02 22:43:28+0300: = 
2026-04-02 22:43:28+0300: Controller: play b Q12
2026-04-02 22:43:28+0300: = 
2026-04-02 22:43:28+0300: Controller: play w O10
2026-04-02 22:43:28+0300: = 
2026-04-02 22:43:28+0300: Controller: play b J12
2026-04-02 22:43:28+0300: = 
2026-04-02 22:43:28+0300: Controller: clear_board
2026-04-02 22:43:28+0300: = 
2026-04-02 22:43:28+0300: Controller: play b Q16
2026-04-02 22:43:28+0300: = 
2026-04-02 22:43:28+0300: Controller: play w O14
2026-04-02 22:43:28+0300: = 
2026-04-02 22:43:28+0300: Controller: play b Q12
2026-04-02 22:43:28+0300: = 
2026-04-02 22:43:28+0300: Controller: play w O10
2026-04-02 22:43:28+0300: = 
2026-04-02 22:43:28+0300: Controller: play b J12
2026-04-02 22:43:28+0300: = 
2026-04-02 22:43:28+0300: Controller: play w J13
2026-04-02 22:43:28+0300: = 
2026-04-02 22:43:28+0300: Controller: clear_board
2026-04-02 22:43:28+0300: = 
2026-04-02 22:43:28+0300: Controller: play b Q16
2026-04-02 22:43:28+0300: = 
2026-04-02 22:43:28+0300: Controller: play w O14
2026-04-02 22:43:28+0300: = 
2026-04-02 22:43:28+0300: Controller: play b Q12
2026-04-02 22:43:28+0300: = 
2026-04-02 22:43:28+0300: Controller: play w O10
2026-04-02 22:43:28+0300: = 
2026-04-02 22:43:28+0300: Controller: play b J12
2026-04-02 22:43:28+0300: = 
2026-04-02 22:43:28+0300: Controller: play w J13
2026-04-02 22:43:28+0300: = 
2026-04-02 22:43:29+0300: Controller: play b H15
2026-04-02 22:43:29+0300: = 
2026-04-02 22:43:29+0300: Controller: clear_board
2026-04-02 22:43:29+0300: = 
2026-04-02 22:43:29+0300: Controller: play b Q16
2026-04-02 22:43:29+0300: = 
2026-04-02 22:43:29+0300: Controller: play w O14
2026-04-02 22:43:29+0300: = 
2026-04-02 22:43:29+0300: Controller: play b Q12
2026-04-02 22:43:29+0300: = 
2026-04-02 22:43:29+0300: Controller: play w O10
2026-04-02 22:43:29+0300: = 
2026-04-02 22:43:29+0300: Controller: play b J12
2026-04-02 22:43:29+0300: = 
2026-04-02 22:43:29+0300: Controller: play w J13
2026-04-02 22:43:29+0300: = 
2026-04-02 22:43:29+0300: Controller: play b H15
2026-04-02 22:43:29+0300: = 
2026-04-02 22:43:29+0300: Controller: play w E12
2026-04-02 22:43:29+0300: = 
2026-04-02 22:43:29+0300: Controller: clear_board
2026-04-02 22:43:29+0300: = 
2026-04-02 22:43:29+0300: Controller: play b Q16
2026-04-02 22:43:29+0300: = 
2026-04-02 22:43:29+0300: Controller: play w O14
2026-04-02 22:43:29+0300: = 
2026-04-02 22:43:29+0300: Controller: play b Q12
2026-04-02 22:43:29+0300: = 
2026-04-02 22:43:29+0300: Controller: play w O10
2026-04-02 22:43:29+0300: = 
2026-04-02 22:43:29+0300: Controller: play b J12
2026-04-02 22:43:29+0300: = 
2026-04-02 22:43:29+0300: Controller: play w J13
2026-04-02 22:43:29+0300: = 
2026-04-02 22:43:29+0300: Controller: play b H15
2026-04-02 22:43:29+0300: = 
2026-04-02 22:43:29+0300: Controller: play w E12
2026-04-02 22:43:29+0300: = 
2026-04-02 22:43:29+0300: Controller: play b M7
2026-04-02 22:43:29+0300: = 
2026-04-02 22:43:29+0300: Controller: clear_board
2026-04-02 22:43:29+0300: = 
2026-04-02 22:43:29+0300: Controller: play b Q16
2026-04-02 22:43:29+0300: = 
2026-04-02 22:43:29+0300: Controller: play w O14
2026-04-02 22:43:29+0300: = 
2026-04-02 22:43:29+0300: Controller: play b Q12
2026-04-02 22:43:29+0300: = 
2026-04-02 22:43:29+0300: Controller: play w O10
2026-04-02 22:43:29+0300: = 
2026-04-02 22:43:29+0300: Controller: play b J12
2026-04-02 22:43:29+0300: = 
2026-04-02 22:43:29+0300: Controller: play w J13
2026-04-02 22:43:29+0300: = 
2026-04-02 22:43:29+0300: Controller: play b H15
2026-04-02 22:43:29+0300: = 
2026-04-02 22:43:29+0300: Controller: play w E12
2026-04-02 22:43:29+0300: = 
2026-04-02 22:43:29+0300: Controller: play b M7
2026-04-02 22:43:29+0300: = 
2026-04-02 22:43:29+0300: Controller: play w J6
2026-04-02 22:43:29+0300: = 
2026-04-02 22:43:29+0300: Controller: clear_board
2026-04-02 22:43:29+0300: = 
2026-04-02 22:43:29+0300: Controller: play b Q16
2026-04-02 22:43:29+0300: = 
2026-04-02 22:43:29+0300: Controller: play w O14
2026-04-02 22:43:29+0300: = 
2026-04-02 22:43:29+0300: Controller: play b Q12
2026-04-02 22:43:29+0300: = 
2026-04-02 22:43:29+0300: Controller: play w O10
2026-04-02 22:43:29+0300: = 
2026-04-02 22:43:29+0300: Controller: play b J12
2026-04-02 22:43:29+0300: = 
2026-04-02 22:43:29+0300: Controller: play w J13
2026-04-02 22:43:29+0300: = 
2026-04-02 22:43:29+0300: Controller: play b H15
2026-04-02 22:43:29+0300: = 
2026-04-02 22:43:29+0300: Controller: play w E12
2026-04-02 22:43:29+0300: = 
2026-04-02 22:43:29+0300: Controller: play b M7
2026-04-02 22:43:29+0300: = 
2026-04-02 22:43:29+0300: Controller: play w J6
2026-04-02 22:43:29+0300: = 
2026-04-02 22:43:29+0300: Controller: play b G8
2026-04-02 22:43:29+0300: = 
2026-04-02 22:43:29+0300: Controller: clear_board
2026-04-02 22:43:29+0300: = 
2026-04-02 22:43:29+0300: Controller: play b Q16
2026-04-02 22:43:29+0300: = 
2026-04-02 22:43:29+0300: Controller: play w O14
2026-04-02 22:43:29+0300: = 
2026-04-02 22:43:29+0300: Controller: play b Q12
2026-04-02 22:43:29+0300: = 
2026-04-02 22:43:29+0300: Controller: play w O10
2026-04-02 22:43:29+0300: = 
2026-04-02 22:43:29+0300: Controller: play b J12
2026-04-02 22:43:29+0300: = 
2026-04-02 22:43:29+0300: Controller: play w J13
2026-04-02 22:43:29+0300: = 
2026-04-02 22:43:29+0300: Controller: play b H15
2026-04-02 22:43:29+0300: = 
2026-04-02 22:43:29+0300: Controller: play w E12
2026-04-02 22:43:29+0300: = 
2026-04-02 22:43:29+0300: Controller: play b M7
2026-04-02 22:43:29+0300: = 
2026-04-02 22:43:29+0300: Controller: play w J6
2026-04-02 22:43:29+0300: = 
2026-04-02 22:43:29+0300: Controller: play b G8
2026-04-02 22:43:29+0300: = 
2026-04-02 22:43:30+0300: Controller: play w L10
2026-04-02 22:43:30+0300: = 
2026-04-02 22:43:30+0300: Controller: clear_board
2026-04-02 22:43:30+0300: = 
2026-04-02 22:43:30+0300: Controller: play b Q16
2026-04-02 22:43:30+0300: = 
2026-04-02 22:43:30+0300: Controller: play w O14
2026-04-02 22:43:30+0300: = 
2026-04-02 22:43:30+0300: Controller: play b Q12
2026-04-02 22:43:30+0300: = 
2026-04-02 22:43:30+0300: Controller: play w O10
2026-04-02 22:43:30+0300: = 
2026-04-02 22:43:30+0300: Controller: play b J12
2026-04-02 22:43:30+0300: = 
2026-04-02 22:43:30+0300: Controller: play w J13
2026-04-02 22:43:30+0300: = 
2026-04-02 22:43:30+0300: Controller: play b H15
2026-04-02 22:43:30+0300: = 
2026-04-02 22:43:30+0300: Controller: play w E12
2026-04-02 22:43:30+0300: = 
2026-04-02 22:43:30+0300: Controller: play b M7
2026-04-02 22:43:30+0300: = 
2026-04-02 22:43:30+0300: Controller: play w J6
2026-04-02 22:43:30+0300: = 
2026-04-02 22:43:30+0300: Controller: play b G8
2026-04-02 22:43:30+0300: = 
2026-04-02 22:43:30+0300: Controller: play w L10
2026-04-02 22:43:30+0300: = 
2026-04-02 22:43:30+0300: Controller: play b G12
2026-04-02 22:43:30+0300: = 
2026-04-02 22:43:30+0300: Controller: clear_board
2026-04-02 22:43:30+0300: = 
2026-04-02 22:43:30+0300: Controller: play b Q16
2026-04-02 22:43:30+0300: = 
2026-04-02 22:43:30+0300: Controller: play w O14
2026-04-02 22:43:30+0300: = 
2026-04-02 22:43:30+0300: Controller: play b Q12
2026-04-02 22:43:30+0300: = 
2026-04-02 22:43:30+0300: Controller: play w O10
2026-04-02 22:43:30+0300: = 
2026-04-02 22:43:30+0300: Controller: play b J12
2026-04-02 22:43:30+0300: = 
2026-04-02 22:43:30+0300: Controller: play w J13
2026-04-02 22:43:30+0300: = 
2026-04-02 22:43:30+0300: Controller: play b H15
2026-04-02 22:43:30+0300: = 
2026-04-02 22:43:30+0300: Controller: play w E12
2026-04-02 22:43:30+0300: = 
2026-04-02 22:43:30+0300: Controller: play b M7
2026-04-02 22:43:30+0300: = 
2026-04-02 22:43:30+0300: Controller: play w J6
2026-04-02 22:43:30+0300: = 
2026-04-02 22:43:30+0300: Controller: play b G8
2026-04-02 22:43:30+0300: = 
2026-04-02 22:43:30+0300: Controller: play w L10
2026-04-02 22:43:30+0300: = 
2026-04-02 22:43:30+0300: Controller: play b G12
2026-04-02 22:43:30+0300: = 
2026-04-02 22:43:30+0300: Controller: play w J5
2026-04-02 22:43:30+0300: = 
2026-04-02 22:43:30+0300: Controller: clear_board
2026-04-02 22:43:30+0300: = 
2026-04-02 22:43:30+0300: Controller: play b Q16
2026-04-02 22:43:30+0300: = 
2026-04-02 22:43:30+0300: Controller: play w O14
2026-04-02 22:43:30+0300: = 
2026-04-02 22:43:30+0300: Controller: play b Q12
2026-04-02 22:43:30+0300: = 
2026-04-02 22:43:30+0300: Controller: play w O10
2026-04-02 22:43:30+0300: = 
2026-04-02 22:43:30+0300: Controller: play b J12
2026-04-02 22:43:30+0300: = 
2026-04-02 22:43:30+0300: Controller: play w J13
2026-04-02 22:43:30+0300: = 
2026-04-02 22:43:30+0300: Controller: play b H15
2026-04-02 22:43:30+0300: = 
2026-04-02 22:43:30+0300: Controller: play w E12
2026-04-02 22:43:30+0300: = 
2026-04-02 22:43:30+0300: Controller: play b M7
2026-04-02 22:43:30+0300: = 
2026-04-02 22:43:30+0300: Controller: play w J6
2026-04-02 22:43:30+0300: = 
2026-04-02 22:43:30+0300: Controller: play b G8
2026-04-02 22:43:30+0300: = 
2026-04-02 22:43:30+0300: Controller: play w L10
2026-04-02 22:43:30+0300: = 
2026-04-02 22:43:30+0300: Controller: play b G12
2026-04-02 22:43:30+0300: = 
2026-04-02 22:43:30+0300: Controller: play w J5
2026-04-02 22:43:30+0300: = 
2026-04-02 22:43:32+0300: Controller: clear_board
2026-04-02 22:43:32+0300: = 
2026-04-02 22:43:32+0300: Controller: play b Q16
2026-04-02 22:43:32+0300: = 
2026-04-02 22:43:32+0300: Controller: play w O14
2026-04-02 22:43:32+0300: = 
2026-04-02 22:43:32+0300: Controller: play b Q12
2026-04-02 22:43:32+0300: = 
2026-04-02 22:43:32+0300: Controller: play w O10
2026-04-02 22:43:32+0300: = 
2026-04-02 22:43:32+0300: Controller: play b J12
2026-04-02 22:43:32+0300: = 
2026-04-02 22:43:32+0300: Controller: play w N4
2026-04-02 22:43:32+0300: = 
2026-04-02 22:43:32+0300: Controller: clear_board
2026-04-02 22:43:32+0300: = 
2026-04-02 22:43:32+0300: Controller: play b Q16
2026-04-02 22:43:32+0300: = 
2026-04-02 22:43:32+0300: Controller: play w O14
2026-04-02 22:43:32+0300: = 
2026-04-02 22:43:32+0300: Controller: play b Q12
2026-04-02 22:43:32+0300: = 
2026-04-02 22:43:32+0300: Controller: play w O10
2026-04-02 22:43:32+0300: = 
2026-04-02 22:43:32+0300: Controller: play b J12
2026-04-02 22:43:32+0300: = 
2026-04-02 22:43:32+0300: Controller: play w N4
2026-04-02 22:43:32+0300: = 
2026-04-02 22:43:32+0300: Controller: play b K5
2026-04-02 22:43:32+0300: = 
2026-04-02 22:43:32+0300: Controller: clear_board
2026-04-02 22:43:32+0300: = 
2026-04-02 22:43:32+0300: Controller: play b Q16
2026-04-02 22:43:32+0300: = 
2026-04-02 22:43:32+0300: Controller: play w O14
2026-04-02 22:43:32+0300: = 
2026-04-02 22:43:32+0300: Controller: play b Q12
2026-04-02 22:43:32+0300: = 
2026-04-02 22:43:32+0300: Controller: play w O10
2026-04-02 22:43:32+0300: = 
2026-04-02 22:43:32+0300: Controller: play b J12
2026-04-02 22:43:32+0300: = 
2026-04-02 22:43:32+0300: Controller: play w N4
2026-04-02 22:43:32+0300: = 
2026-04-02 22:43:32+0300: Controller: play b K5
2026-04-02 22:43:32+0300: = 
2026-04-02 22:43:33+0300: Controller: play w K7
2026-04-02 22:43:33+0300: = 
2026-04-02 22:43:33+0300: Controller: clear_board
2026-04-02 22:43:33+0300: = 
2026-04-02 22:43:33+0300: Controller: play b Q16
2026-04-02 22:43:33+0300: = 
2026-04-02 22:43:33+0300: Controller: play w O14
2026-04-02 22:43:33+0300: = 
2026-04-02 22:43:33+0300: Controller: play b Q12
2026-04-02 22:43:33+0300: = 
2026-04-02 22:43:33+0300: Controller: play w O10
2026-04-02 22:43:33+0300: = 
2026-04-02 22:43:33+0300: Controller: play b J12
2026-04-02 22:43:33+0300: = 
2026-04-02 22:43:33+0300: Controller: play w N4
2026-04-02 22:43:33+0300: = 
2026-04-02 22:43:33+0300: Controller: play b K5
2026-04-02 22:43:33+0300: = 
2026-04-02 22:43:33+0300: Controller: play w K7
2026-04-02 22:43:33+0300: = 
2026-04-02 22:43:33+0300: Controller: play b M11
2026-04-02 22:43:33+0300: = 
2026-04-02 22:43:33+0300: Controller: clear_board
2026-04-02 22:43:33+0300: = 
2026-04-02 22:43:33+0300: Controller: play b Q16
2026-04-02 22:43:33+0300: = 
2026-04-02 22:43:33+0300: Controller: play w O14
2026-04-02 22:43:33+0300: = 
2026-04-02 22:43:33+0300: Controller: play b Q12
2026-04-02 22:43:33+0300: = 
2026-04-02 22:43:33+0300: Controller: play w O10
2026-04-02 22:43:33+0300: = 
2026-04-02 22:43:33+0300: Controller: play b J12
2026-04-02 22:43:33+0300: = 
2026-04-02 22:43:33+0300: Controller: play w N4
2026-04-02 22:43:33+0300: = 
2026-04-02 22:43:33+0300: Controller: play b K5
2026-04-02 22:43:33+0300: = 
2026-04-02 22:43:33+0300: Controller: play w K7
2026-04-02 22:43:33+0300: = 
2026-04-02 22:43:33+0300: Controller: play b M11
2026-04-02 22:43:33+0300: = 
2026-04-02 22:43:33+0300: Controller: play w K14
2026-04-02 22:43:33+0300: = 
2026-04-02 22:43:33+0300: Controller: clear_board
2026-04-02 22:43:33+0300: = 
2026-04-02 22:43:33+0300: Controller: play b Q16
2026-04-02 22:43:33+0300: = 
2026-04-02 22:43:33+0300: Controller: play w O14
2026-04-02 22:43:33+0300: = 
2026-04-02 22:43:33+0300: Controller: play b Q12
2026-04-02 22:43:33+0300: = 
2026-04-02 22:43:33+0300: Controller: play w O10
2026-04-02 22:43:33+0300: = 
2026-04-02 22:43:33+0300: Controller: play b J12
2026-04-02 22:43:33+0300: = 
2026-04-02 22:43:33+0300: Controller: play w N4
2026-04-02 22:43:33+0300: = 
2026-04-02 22:43:33+0300: Controller: play b K5
2026-04-02 22:43:33+0300: = 
2026-04-02 22:43:33+0300: Controller: play w K7
2026-04-02 22:43:33+0300: = 
2026-04-02 22:43:33+0300: Controller: play b M11
2026-04-02 22:43:33+0300: = 
2026-04-02 22:43:33+0300: Controller: play w K14
2026-04-02 22:43:33+0300: = 
2026-04-02 22:43:33+0300: Controller: play b N16
2026-04-02 22:43:33+0300: = 
2026-04-02 22:43:33+0300: Controller: clear_board
2026-04-02 22:43:33+0300: = 
2026-04-02 22:43:33+0300: Controller: play b Q16
2026-04-02 22:43:33+0300: = 
2026-04-02 22:43:33+0300: Controller: play w O14
2026-04-02 22:43:33+0300: = 
2026-04-02 22:43:33+0300: Controller: play b Q12
2026-04-02 22:43:33+0300: = 
2026-04-02 22:43:33+0300: Controller: play w O10
2026-04-02 22:43:33+0300: = 
2026-04-02 22:43:33+0300: Controller: play b J12
2026-04-02 22:43:33+0300: = 
2026-04-02 22:43:33+0300: Controller: play w N4
2026-04-02 22:43:33+0300: = 
2026-04-02 22:43:33+0300: Controller: play b K5
2026-04-02 22:43:33+0300: = 
2026-04-02 22:43:33+0300: Controller: play w K7
2026-04-02 22:43:33+0300: = 
2026-04-02 22:43:33+0300: Controller: play b M11
2026-04-02 22:43:33+0300: = 
2026-04-02 22:43:33+0300: Controller: play w K14
2026-04-02 22:43:33+0300: = 
2026-04-02 22:43:33+0300: Controller: play b N16
2026-04-02 22:43:33+0300: = 
2026-04-02 22:43:33+0300: Controller: play w K18
2026-04-02 22:43:33+0300: = 
2026-04-02 22:43:33+0300: Controller: clear_board
2026-04-02 22:43:33+0300: = 
2026-04-02 22:43:33+0300: Controller: play b Q16
2026-04-02 22:43:33+0300: = 
2026-04-02 22:43:33+0300: Controller: play w O14
2026-04-02 22:43:33+0300: = 
2026-04-02 22:43:33+0300: Controller: play b Q12
2026-04-02 22:43:33+0300: = 
2026-04-02 22:43:33+0300: Controller: play w O10
2026-04-02 22:43:33+0300: = 
2026-04-02 22:43:33+0300: Controller: play b J12
2026-04-02 22:43:33+0300: = 
2026-04-02 22:43:33+0300: Controller: play w N4
2026-04-02 22:43:33+0300: = 
2026-04-02 22:43:33+0300: Controller: play b K5
2026-04-02 22:43:33+0300: = 
2026-04-02 22:43:33+0300: Controller: play w K7
2026-04-02 22:43:33+0300: = 
2026-04-02 22:43:33+0300: Controller: play b M11
2026-04-02 22:43:33+0300: = 
2026-04-02 22:43:33+0300: Controller: play w K14
2026-04-02 22:43:33+0300: = 
2026-04-02 22:43:33+0300: Controller: play b N16
2026-04-02 22:43:33+0300: = 
2026-04-02 22:43:33+0300: Controller: play w K18
2026-04-02 22:43:33+0300: = 
2026-04-02 22:43:33+0300: Controller: play b H17
2026-04-02 22:43:33+0300: = 
2026-04-02 22:43:33+0300: Controller: clear_board
2026-04-02 22:43:33+0300: = 
2026-04-02 22:43:33+0300: Controller: play b Q16
2026-04-02 22:43:33+0300: = 
2026-04-02 22:43:33+0300: Controller: play w O14
2026-04-02 22:43:33+0300: = 
2026-04-02 22:43:33+0300: Controller: play b Q12
2026-04-02 22:43:33+0300: = 
2026-04-02 22:43:33+0300: Controller: play w O10
2026-04-02 22:43:33+0300: = 
2026-04-02 22:43:33+0300: Controller: play b J12
2026-04-02 22:43:33+0300: = 
2026-04-02 22:43:33+0300: Controller: play w N4
2026-04-02 22:43:33+0300: = 
2026-04-02 22:43:33+0300: Controller: play b K5
2026-04-02 22:43:33+0300: = 
2026-04-02 22:43:33+0300: Controller: play w K7
2026-04-02 22:43:33+0300: = 
2026-04-02 22:43:33+0300: Controller: play b M11
2026-04-02 22:43:33+0300: = 
2026-04-02 22:43:33+0300: Controller: play w K14
2026-04-02 22:43:33+0300: = 
2026-04-02 22:43:33+0300: Controller: play b N16
2026-04-02 22:43:33+0300: = 
2026-04-02 22:43:33+0300: Controller: play w K18
2026-04-02 22:43:33+0300: = 
2026-04-02 22:43:33+0300: Controller: play b H17
2026-04-02 22:43:33+0300: = 
2026-04-02 22:43:33+0300: Controller: play w J13
2026-04-02 22:43:33+0300: = 
2026-04-02 22:43:33+0300: Controller: clear_board
2026-04-02 22:43:33+0300: = 
2026-04-02 22:43:33+0300: Controller: play b Q16
2026-04-02 22:43:33+0300: = 
2026-04-02 22:43:33+0300: Controller: play w O14
2026-04-02 22:43:33+0300: = 
2026-04-02 22:43:33+0300: Controller: play b Q12
2026-04-02 22:43:33+0300: = 
2026-04-02 22:43:33+0300: Controller: play w O10
2026-04-02 22:43:33+0300: = 
2026-04-02 22:43:33+0300: Controller: play b J12
2026-04-02 22:43:33+0300: = 
2026-04-02 22:43:33+0300: Controller: play w N4
2026-04-02 22:43:33+0300: = 
2026-04-02 22:43:33+0300: Controller: play b K5
2026-04-02 22:43:33+0300: = 
2026-04-02 22:43:33+0300: Controller: play w K7
2026-04-02 22:43:33+0300: = 
2026-04-02 22:43:33+0300: Controller: play b M11
2026-04-02 22:43:33+0300: = 
2026-04-02 22:43:33+0300: Controller: play w K14
2026-04-02 22:43:33+0300: = 
2026-04-02 22:43:33+0300: Controller: play b N16
2026-04-02 22:43:33+0300: = 
2026-04-02 22:43:33+0300: Controller: play w K18
2026-04-02 22:43:33+0300: = 
2026-04-02 22:43:33+0300: Controller: play b H17
2026-04-02 22:43:33+0300: = 
2026-04-02 22:43:33+0300: Controller: play w J13
2026-04-02 22:43:33+0300: = 
2026-04-02 22:43:36+0300: Controller: clear_board
2026-04-02 22:43:36+0300: = 
2026-04-02 22:43:36+0300: Controller: play b Q16
2026-04-02 22:43:36+0300: = 
2026-04-02 22:43:36+0300: Controller: play w O14
2026-04-02 22:43:36+0300: = 
2026-04-02 22:43:36+0300: Controller: play b Q12
2026-04-02 22:43:36+0300: = 
2026-04-02 22:43:36+0300: Controller: play w O10
2026-04-02 22:43:36+0300: = 
2026-04-02 22:43:36+0300: Controller: play b J12
2026-04-02 22:43:36+0300: = 
2026-04-02 22:43:36+0300: Controller: play w N4
2026-04-02 22:43:36+0300: = 
2026-04-02 22:43:36+0300: Controller: play b K5
2026-04-02 22:43:36+0300: = 
2026-04-02 22:43:36+0300: Controller: play w K7
2026-04-02 22:43:36+0300: = 
2026-04-02 22:43:37+0300: Controller: clear_board
2026-04-02 22:43:37+0300: = 
2026-04-02 22:43:37+0300: Controller: play b Q16
2026-04-02 22:43:37+0300: = 
2026-04-02 22:43:37+0300: Controller: play w O14
2026-04-02 22:43:37+0300: = 
2026-04-02 22:43:37+0300: Controller: play b Q12
2026-04-02 22:43:37+0300: = 
2026-04-02 22:43:37+0300: Controller: play w O10
2026-04-02 22:43:37+0300: = 
2026-04-02 22:43:37+0300: Controller: play b J12
2026-04-02 22:43:37+0300: = 
2026-04-02 22:43:37+0300: Controller: play w N4
2026-04-02 22:43:37+0300: = 
2026-04-02 22:43:37+0300: Controller: play b K5
2026-04-02 22:43:37+0300: = 
2026-04-02 22:43:37+0300: Controller: play w K7
2026-04-02 22:43:37+0300: = 
2026-04-02 22:43:37+0300: Controller: play b M11
2026-04-02 22:43:37+0300: = 
2026-04-02 22:43:40+0300: Controller: clear_board
2026-04-02 22:43:40+0300: = 
2026-04-02 22:43:40+0300: Controller: play b Q16
2026-04-02 22:43:40+0300: = 
2026-04-02 22:43:40+0300: Controller: play w O14
2026-04-02 22:43:40+0300: = 
2026-04-02 22:43:40+0300: Controller: play b Q12
2026-04-02 22:43:40+0300: = 
2026-04-02 22:43:40+0300: Controller: play w O10
2026-04-02 22:43:40+0300: = 
2026-04-02 22:43:40+0300: Controller: play b J12
2026-04-02 22:43:40+0300: = 
2026-04-02 22:43:40+0300: Controller: play w N4
2026-04-02 22:43:40+0300: = 
2026-04-02 22:43:40+0300: Controller: play b K5
2026-04-02 22:43:40+0300: = 
2026-04-02 22:43:40+0300: Controller: play w K7
2026-04-02 22:43:40+0300: = 
2026-04-02 22:43:40+0300: Controller: play b M11
2026-04-02 22:43:40+0300: = 
2026-04-02 22:43:40+0300: Controller: play w K14
2026-04-02 22:43:40+0300: = 
2026-04-02 22:43:40+0300: Controller: play b N16
2026-04-02 22:43:40+0300: = 
2026-04-02 22:43:41+0300: Controller: play w S10
2026-04-02 22:43:41+0300: = 
2026-04-02 22:43:41+0300: Controller: clear_board
2026-04-02 22:43:41+0300: = 
2026-04-02 22:43:41+0300: Controller: play b Q16
2026-04-02 22:43:41+0300: = 
2026-04-02 22:43:41+0300: Controller: play w O14
2026-04-02 22:43:41+0300: = 
2026-04-02 22:43:41+0300: Controller: play b Q12
2026-04-02 22:43:41+0300: = 
2026-04-02 22:43:41+0300: Controller: play w O10
2026-04-02 22:43:41+0300: = 
2026-04-02 22:43:41+0300: Controller: play b J12
2026-04-02 22:43:41+0300: = 
2026-04-02 22:43:41+0300: Controller: play w N4
2026-04-02 22:43:41+0300: = 
2026-04-02 22:43:41+0300: Controller: play b K5
2026-04-02 22:43:41+0300: = 
2026-04-02 22:43:41+0300: Controller: play w K7
2026-04-02 22:43:41+0300: = 
2026-04-02 22:43:41+0300: Controller: play b M11
2026-04-02 22:43:41+0300: = 
2026-04-02 22:43:41+0300: Controller: play w K14
2026-04-02 22:43:41+0300: = 
2026-04-02 22:43:41+0300: Controller: play b N16
2026-04-02 22:43:41+0300: = 
2026-04-02 22:43:41+0300: Controller: play w S10
2026-04-02 22:43:41+0300: = 
2026-04-02 22:43:41+0300: Controller: play b R7
2026-04-02 22:43:41+0300: = 
2026-04-02 22:43:41+0300: Controller: clear_board
2026-04-02 22:43:41+0300: = 
2026-04-02 22:43:41+0300: Controller: play b Q16
2026-04-02 22:43:41+0300: = 
2026-04-02 22:43:41+0300: Controller: play w O14
2026-04-02 22:43:41+0300: = 
2026-04-02 22:43:41+0300: Controller: play b Q12
2026-04-02 22:43:41+0300: = 
2026-04-02 22:43:41+0300: Controller: play w O10
2026-04-02 22:43:41+0300: = 
2026-04-02 22:43:41+0300: Controller: play b J12
2026-04-02 22:43:41+0300: = 
2026-04-02 22:43:41+0300: Controller: play w N4
2026-04-02 22:43:41+0300: = 
2026-04-02 22:43:41+0300: Controller: play b K5
2026-04-02 22:43:41+0300: = 
2026-04-02 22:43:41+0300: Controller: play w K7
2026-04-02 22:43:41+0300: = 
2026-04-02 22:43:41+0300: Controller: play b M11
2026-04-02 22:43:41+0300: = 
2026-04-02 22:43:41+0300: Controller: play w K14
2026-04-02 22:43:41+0300: = 
2026-04-02 22:43:41+0300: Controller: play b N16
2026-04-02 22:43:41+0300: = 
2026-04-02 22:43:41+0300: Controller: play w S10
2026-04-02 22:43:41+0300: = 
2026-04-02 22:43:41+0300: Controller: play b R7
2026-04-02 22:43:41+0300: = 
2026-04-02 22:43:42+0300: Controller: play w O5
2026-04-02 22:43:42+0300: = 
2026-04-02 22:43:42+0300: Controller: clear_board
2026-04-02 22:43:42+0300: = 
2026-04-02 22:43:42+0300: Controller: play b Q16
2026-04-02 22:43:42+0300: = 
2026-04-02 22:43:42+0300: Controller: play w O14
2026-04-02 22:43:42+0300: = 
2026-04-02 22:43:42+0300: Controller: play b Q12
2026-04-02 22:43:42+0300: = 
2026-04-02 22:43:42+0300: Controller: play w O10
2026-04-02 22:43:42+0300: = 
2026-04-02 22:43:42+0300: Controller: play b J12
2026-04-02 22:43:42+0300: = 
2026-04-02 22:43:42+0300: Controller: play w N4
2026-04-02 22:43:42+0300: = 
2026-04-02 22:43:42+0300: Controller: play b K5
2026-04-02 22:43:42+0300: = 
2026-04-02 22:43:42+0300: Controller: play w K7
2026-04-02 22:43:42+0300: = 
2026-04-02 22:43:42+0300: Controller: play b M11
2026-04-02 22:43:42+0300: = 
2026-04-02 22:43:42+0300: Controller: play w K14
2026-04-02 22:43:42+0300: = 
2026-04-02 22:43:42+0300: Controller: play b N16
2026-04-02 22:43:42+0300: = 
2026-04-02 22:43:42+0300: Controller: play w S10
2026-04-02 22:43:42+0300: = 
2026-04-02 22:43:42+0300: Controller: play b R7
2026-04-02 22:43:42+0300: = 
2026-04-02 22:43:42+0300: Controller: play w O5
2026-04-02 22:43:42+0300: = 
2026-04-02 22:43:42+0300: Controller: play b N6
2026-04-02 22:43:42+0300: = 
2026-04-02 22:43:42+0300: Controller: clear_board
2026-04-02 22:43:42+0300: = 
2026-04-02 22:43:42+0300: Controller: play b Q16
2026-04-02 22:43:42+0300: = 
2026-04-02 22:43:42+0300: Controller: play w O14
2026-04-02 22:43:42+0300: = 
2026-04-02 22:43:42+0300: Controller: play b Q12
2026-04-02 22:43:42+0300: = 
2026-04-02 22:43:42+0300: Controller: play w O10
2026-04-02 22:43:42+0300: = 
2026-04-02 22:43:42+0300: Controller: play b J12
2026-04-02 22:43:42+0300: = 
2026-04-02 22:43:42+0300: Controller: play w N4
2026-04-02 22:43:42+0300: = 
2026-04-02 22:43:42+0300: Controller: play b K5
2026-04-02 22:43:42+0300: = 
2026-04-02 22:43:42+0300: Controller: play w K7
2026-04-02 22:43:42+0300: = 
2026-04-02 22:43:42+0300: Controller: play b M11
2026-04-02 22:43:42+0300: = 
2026-04-02 22:43:42+0300: Controller: play w K14
2026-04-02 22:43:42+0300: = 
2026-04-02 22:43:42+0300: Controller: play b N16
2026-04-02 22:43:42+0300: = 
2026-04-02 22:43:42+0300: Controller: play w S10
2026-04-02 22:43:42+0300: = 
2026-04-02 22:43:42+0300: Controller: play b R7
2026-04-02 22:43:42+0300: = 
2026-04-02 22:43:42+0300: Controller: play w O5
2026-04-02 22:43:42+0300: = 
2026-04-02 22:43:42+0300: Controller: play b N6
2026-04-02 22:43:42+0300: = 
2026-04-02 22:43:42+0300: Controller: play w H9
2026-04-02 22:43:42+0300: = 
2026-04-02 22:43:42+0300: Controller: clear_board
2026-04-02 22:43:42+0300: = 
2026-04-02 22:43:42+0300: Controller: play b Q16
2026-04-02 22:43:42+0300: = 
2026-04-02 22:43:42+0300: Controller: play w O14
2026-04-02 22:43:42+0300: = 
2026-04-02 22:43:42+0300: Controller: play b Q12
2026-04-02 22:43:42+0300: = 
2026-04-02 22:43:42+0300: Controller: play w O10
2026-04-02 22:43:42+0300: = 
2026-04-02 22:43:42+0300: Controller: play b J12
2026-04-02 22:43:42+0300: = 
2026-04-02 22:43:42+0300: Controller: play w N4
2026-04-02 22:43:42+0300: = 
2026-04-02 22:43:42+0300: Controller: play b K5
2026-04-02 22:43:42+0300: = 
2026-04-02 22:43:42+0300: Controller: play w K7
2026-04-02 22:43:42+0300: = 
2026-04-02 22:43:42+0300: Controller: play b M11
2026-04-02 22:43:42+0300: = 
2026-04-02 22:43:42+0300: Controller: play w K14
2026-04-02 22:43:42+0300: = 
2026-04-02 22:43:42+0300: Controller: play b N16
2026-04-02 22:43:42+0300: = 
2026-04-02 22:43:42+0300: Controller: play w S10
2026-04-02 22:43:42+0300: = 
2026-04-02 22:43:42+0300: Controller: play b R7
2026-04-02 22:43:42+0300: = 
2026-04-02 22:43:42+0300: Controller: play w O5
2026-04-02 22:43:42+0300: = 
2026-04-02 22:43:42+0300: Controller: play b N6
2026-04-02 22:43:42+0300: = 
2026-04-02 22:43:42+0300: Controller: play w H9
2026-04-02 22:43:42+0300: = 
2026-04-02 22:43:42+0300: Controller: play b F10
2026-04-02 22:43:42+0300: = 
2026-04-02 22:43:42+0300: Controller: clear_board
2026-04-02 22:43:42+0300: = 
2026-04-02 22:43:42+0300: Controller: play b Q16
2026-04-02 22:43:42+0300: = 
2026-04-02 22:43:42+0300: Controller: play w O14
2026-04-02 22:43:42+0300: = 
2026-04-02 22:43:42+0300: Controller: play b Q12
2026-04-02 22:43:42+0300: = 
2026-04-02 22:43:42+0300: Controller: play w O10
2026-04-02 22:43:42+0300: = 
2026-04-02 22:43:42+0300: Controller: play b J12
2026-04-02 22:43:42+0300: = 
2026-04-02 22:43:42+0300: Controller: play w N4
2026-04-02 22:43:42+0300: = 
2026-04-02 22:43:42+0300: Controller: play b K5
2026-04-02 22:43:42+0300: = 
2026-04-02 22:43:42+0300: Controller: play w K7
2026-04-02 22:43:42+0300: = 
2026-04-02 22:43:42+0300: Controller: play b M11
2026-04-02 22:43:42+0300: = 
2026-04-02 22:43:42+0300: Controller: play w K14
2026-04-02 22:43:42+0300: = 
2026-04-02 22:43:42+0300: Controller: play b N16
2026-04-02 22:43:42+0300: = 
2026-04-02 22:43:42+0300: Controller: play w S10
2026-04-02 22:43:42+0300: = 
2026-04-02 22:43:42+0300: Controller: play b R7
2026-04-02 22:43:42+0300: = 
2026-04-02 22:43:42+0300: Controller: play w O5
2026-04-02 22:43:42+0300: = 
2026-04-02 22:43:42+0300: Controller: play b N6
2026-04-02 22:43:42+0300: = 
2026-04-02 22:43:42+0300: Controller: play w H9
2026-04-02 22:43:42+0300: = 
2026-04-02 22:43:42+0300: Controller: play b F10
2026-04-02 22:43:42+0300: = 
2026-04-02 22:43:42+0300: Controller: play w E8
2026-04-02 22:43:42+0300: = 
2026-04-02 22:43:42+0300: Controller: clear_board
2026-04-02 22:43:42+0300: = 
2026-04-02 22:43:42+0300: Controller: play b Q16
2026-04-02 22:43:42+0300: = 
2026-04-02 22:43:42+0300: Controller: play w O14
2026-04-02 22:43:42+0300: = 
2026-04-02 22:43:42+0300: Controller: play b Q12
2026-04-02 22:43:42+0300: = 
2026-04-02 22:43:42+0300: Controller: play w O10
2026-04-02 22:43:42+0300: = 
2026-04-02 22:43:42+0300: Controller: play b J12
2026-04-02 22:43:42+0300: = 
2026-04-02 22:43:42+0300: Controller: play w N4
2026-04-02 22:43:42+0300: = 
2026-04-02 22:43:42+0300: Controller: play b K5
2026-04-02 22:43:42+0300: = 
2026-04-02 22:43:42+0300: Controller: play w K7
2026-04-02 22:43:42+0300: = 
2026-04-02 22:43:42+0300: Controller: play b M11
2026-04-02 22:43:42+0300: = 
2026-04-02 22:43:42+0300: Controller: play w K14
2026-04-02 22:43:42+0300: = 
2026-04-02 22:43:42+0300: Controller: play b N16
2026-04-02 22:43:42+0300: = 
2026-04-02 22:43:42+0300: Controller: play w S10
2026-04-02 22:43:42+0300: = 
2026-04-02 22:43:42+0300: Controller: play b R7
2026-04-02 22:43:42+0300: = 
2026-04-02 22:43:42+0300: Controller: play w O5
2026-04-02 22:43:42+0300: = 
2026-04-02 22:43:42+0300: Controller: play b N6
2026-04-02 22:43:42+0300: = 
2026-04-02 22:43:42+0300: Controller: play w H9
2026-04-02 22:43:42+0300: = 
2026-04-02 22:43:42+0300: Controller: play b F10
2026-04-02 22:43:42+0300: = 
2026-04-02 22:43:42+0300: Controller: play w E8
2026-04-02 22:43:42+0300: = 
2026-04-02 22:43:42+0300: Controller: play b G6
2026-04-02 22:43:42+0300: = 
2026-04-02 22:43:42+0300: Controller: clear_board
2026-04-02 22:43:42+0300: = 
2026-04-02 22:43:42+0300: Controller: play b Q16
2026-04-02 22:43:42+0300: = 
2026-04-02 22:43:42+0300: Controller: play w O14
2026-04-02 22:43:42+0300: = 
2026-04-02 22:43:42+0300: Controller: play b Q12
2026-04-02 22:43:42+0300: = 
2026-04-02 22:43:42+0300: Controller: play w O10
2026-04-02 22:43:42+0300: = 
2026-04-02 22:43:42+0300: Controller: play b J12
2026-04-02 22:43:42+0300: = 
2026-04-02 22:43:42+0300: Controller: play w N4
2026-04-02 22:43:42+0300: = 
2026-04-02 22:43:42+0300: Controller: play b K5
2026-04-02 22:43:42+0300: = 
2026-04-02 22:43:42+0300: Controller: play w K7
2026-04-02 22:43:42+0300: = 
2026-04-02 22:43:42+0300: Controller: play b M11
2026-04-02 22:43:42+0300: = 
2026-04-02 22:43:42+0300: Controller: play w K14
2026-04-02 22:43:42+0300: = 
2026-04-02 22:43:42+0300: Controller: play b N16
2026-04-02 22:43:42+0300: = 
2026-04-02 22:43:42+0300: Controller: play w S10
2026-04-02 22:43:42+0300: = 
2026-04-02 22:43:42+0300: Controller: play b R7
2026-04-02 22:43:42+0300: = 
2026-04-02 22:43:42+0300: Controller: play w O5
2026-04-02 22:43:42+0300: = 
2026-04-02 22:43:42+0300: Controller: play b N6
2026-04-02 22:43:42+0300: = 
2026-04-02 22:43:42+0300: Controller: play w H9
2026-04-02 22:43:42+0300: = 
2026-04-02 22:43:42+0300: Controller: play b F10
2026-04-02 22:43:42+0300: = 
2026-04-02 22:43:42+0300: Controller: play w E8
2026-04-02 22:43:42+0300: = 
2026-04-02 22:43:42+0300: Controller: play b G6
2026-04-02 22:43:42+0300: = 
2026-04-02 22:43:43+0300: Controller: play w H5
2026-04-02 22:43:43+0300: = 
2026-04-02 22:43:43+0300: Controller: clear_board
2026-04-02 22:43:43+0300: = 
2026-04-02 22:43:43+0300: Controller: play b Q16
2026-04-02 22:43:43+0300: = 
2026-04-02 22:43:43+0300: Controller: play w O14
2026-04-02 22:43:43+0300: = 
2026-04-02 22:43:43+0300: Controller: play b Q12
2026-04-02 22:43:43+0300: = 
2026-04-02 22:43:43+0300: Controller: play w O10
2026-04-02 22:43:43+0300: = 
2026-04-02 22:43:43+0300: Controller: play b J12
2026-04-02 22:43:43+0300: = 
2026-04-02 22:43:43+0300: Controller: play w N4
2026-04-02 22:43:43+0300: = 
2026-04-02 22:43:43+0300: Controller: play b K5
2026-04-02 22:43:43+0300: = 
2026-04-02 22:43:43+0300: Controller: play w K7
2026-04-02 22:43:43+0300: = 
2026-04-02 22:43:43+0300: Controller: play b M11
2026-04-02 22:43:43+0300: = 
2026-04-02 22:43:43+0300: Controller: play w K14
2026-04-02 22:43:43+0300: = 
2026-04-02 22:43:43+0300: Controller: play b N16
2026-04-02 22:43:43+0300: = 
2026-04-02 22:43:43+0300: Controller: play w S10
2026-04-02 22:43:43+0300: = 
2026-04-02 22:43:43+0300: Controller: play b R7
2026-04-02 22:43:43+0300: = 
2026-04-02 22:43:43+0300: Controller: play w O5
2026-04-02 22:43:43+0300: = 
2026-04-02 22:43:43+0300: Controller: play b N6
2026-04-02 22:43:43+0300: = 
2026-04-02 22:43:43+0300: Controller: play w H9
2026-04-02 22:43:43+0300: = 
2026-04-02 22:43:43+0300: Controller: play b F10
2026-04-02 22:43:43+0300: = 
2026-04-02 22:43:43+0300: Controller: play w E8
2026-04-02 22:43:43+0300: = 
2026-04-02 22:43:43+0300: Controller: play b G6
2026-04-02 22:43:43+0300: = 
2026-04-02 22:43:43+0300: Controller: play w H5
2026-04-02 22:43:43+0300: = 
2026-04-02 22:43:43+0300: Controller: clear_board
2026-04-02 22:43:43+0300: = 
2026-04-02 22:43:43+0300: Controller: play b Q16
2026-04-02 22:43:43+0300: = 
2026-04-02 22:43:43+0300: Controller: play w O14
2026-04-02 22:43:43+0300: = 
2026-04-02 22:43:43+0300: Controller: play b Q12
2026-04-02 22:43:43+0300: = 
2026-04-02 22:43:43+0300: Controller: play w O10
2026-04-02 22:43:43+0300: = 
2026-04-02 22:43:43+0300: Controller: play b J12
2026-04-02 22:43:43+0300: = 
2026-04-02 22:43:43+0300: Controller: play w N4
2026-04-02 22:43:43+0300: = 
2026-04-02 22:43:43+0300: Controller: play b K5
2026-04-02 22:43:43+0300: = 
2026-04-02 22:43:43+0300: Controller: play w K7
2026-04-02 22:43:43+0300: = 
2026-04-02 22:43:43+0300: Controller: play b M11
2026-04-02 22:43:43+0300: = 
2026-04-02 22:43:43+0300: Controller: play w K14
2026-04-02 22:43:43+0300: = 
2026-04-02 22:43:43+0300: Controller: play b N16
2026-04-02 22:43:43+0300: = 
2026-04-02 22:43:43+0300: Controller: play w S10
2026-04-02 22:43:43+0300: = 
2026-04-02 22:43:43+0300: Controller: play b R7
2026-04-02 22:43:43+0300: = 
2026-04-02 22:43:43+0300: Controller: play w O5
2026-04-02 22:43:43+0300: = 
2026-04-02 22:43:43+0300: Controller: play b N6
2026-04-02 22:43:43+0300: = 
2026-04-02 22:43:44+0300: Controller: play w M3
2026-04-02 22:43:44+0300: = 
2026-04-02 22:43:44+0300: Controller: clear_board
2026-04-02 22:43:44+0300: = 
2026-04-02 22:43:44+0300: Controller: play b Q16
2026-04-02 22:43:44+0300: = 
2026-04-02 22:43:44+0300: Controller: play w O14
2026-04-02 22:43:44+0300: = 
2026-04-02 22:43:44+0300: Controller: play b Q12
2026-04-02 22:43:44+0300: = 
2026-04-02 22:43:44+0300: Controller: play w O10
2026-04-02 22:43:44+0300: = 
2026-04-02 22:43:44+0300: Controller: play b J12
2026-04-02 22:43:44+0300: = 
2026-04-02 22:43:44+0300: Controller: play w N4
2026-04-02 22:43:44+0300: = 
2026-04-02 22:43:44+0300: Controller: play b K5
2026-04-02 22:43:44+0300: = 
2026-04-02 22:43:44+0300: Controller: play w K7
2026-04-02 22:43:44+0300: = 
2026-04-02 22:43:44+0300: Controller: play b M11
2026-04-02 22:43:44+0300: = 
2026-04-02 22:43:44+0300: Controller: play w K14
2026-04-02 22:43:44+0300: = 
2026-04-02 22:43:44+0300: Controller: play b N16
2026-04-02 22:43:44+0300: = 
2026-04-02 22:43:44+0300: Controller: play w S10
2026-04-02 22:43:44+0300: = 
2026-04-02 22:43:44+0300: Controller: play b R7
2026-04-02 22:43:44+0300: = 
2026-04-02 22:43:44+0300: Controller: play w O5
2026-04-02 22:43:44+0300: = 
2026-04-02 22:43:44+0300: Controller: play b N6
2026-04-02 22:43:44+0300: = 
2026-04-02 22:43:44+0300: Controller: play w M3
2026-04-02 22:43:44+0300: = 
2026-04-02 22:43:44+0300: Controller: play b L4
2026-04-02 22:43:44+0300: = 
2026-04-02 22:43:44+0300: Controller: clear_board
2026-04-02 22:43:44+0300: = 
2026-04-02 22:43:44+0300: Controller: play b Q16
2026-04-02 22:43:44+0300: = 
2026-04-02 22:43:44+0300: Controller: play w O14
2026-04-02 22:43:44+0300: = 
2026-04-02 22:43:44+0300: Controller: play b Q12
2026-04-02 22:43:44+0300: = 
2026-04-02 22:43:44+0300: Controller: play w O10
2026-04-02 22:43:44+0300: = 
2026-04-02 22:43:44+0300: Controller: play b J12
2026-04-02 22:43:44+0300: = 
2026-04-02 22:43:44+0300: Controller: play w N4
2026-04-02 22:43:44+0300: = 
2026-04-02 22:43:44+0300: Controller: play b K5
2026-04-02 22:43:44+0300: = 
2026-04-02 22:43:44+0300: Controller: play w K7
2026-04-02 22:43:44+0300: = 
2026-04-02 22:43:44+0300: Controller: play b M11
2026-04-02 22:43:44+0300: = 
2026-04-02 22:43:44+0300: Controller: play w K14
2026-04-02 22:43:44+0300: = 
2026-04-02 22:43:44+0300: Controller: play b N16
2026-04-02 22:43:44+0300: = 
2026-04-02 22:43:44+0300: Controller: play w S10
2026-04-02 22:43:44+0300: = 
2026-04-02 22:43:44+0300: Controller: play b R7
2026-04-02 22:43:44+0300: = 
2026-04-02 22:43:44+0300: Controller: play w O5
2026-04-02 22:43:44+0300: = 
2026-04-02 22:43:44+0300: Controller: play b N6
2026-04-02 22:43:44+0300: = 
2026-04-02 22:43:44+0300: Controller: play w M3
2026-04-02 22:43:44+0300: = 
2026-04-02 22:43:44+0300: Controller: play b L4
2026-04-02 22:43:44+0300: = 
2026-04-02 22:43:44+0300: Controller: play w N5
2026-04-02 22:43:44+0300: = 
2026-04-02 22:43:44+0300: Controller: clear_board
2026-04-02 22:43:44+0300: = 
2026-04-02 22:43:44+0300: Controller: play b Q16
2026-04-02 22:43:44+0300: = 
2026-04-02 22:43:44+0300: Controller: play w O14
2026-04-02 22:43:44+0300: = 
2026-04-02 22:43:44+0300: Controller: play b Q12
2026-04-02 22:43:44+0300: = 
2026-04-02 22:43:44+0300: Controller: play w O10
2026-04-02 22:43:44+0300: = 
2026-04-02 22:43:44+0300: Controller: play b J12
2026-04-02 22:43:44+0300: = 
2026-04-02 22:43:44+0300: Controller: play w N4
2026-04-02 22:43:44+0300: = 
2026-04-02 22:43:44+0300: Controller: play b K5
2026-04-02 22:43:44+0300: = 
2026-04-02 22:43:44+0300: Controller: play w K7
2026-04-02 22:43:44+0300: = 
2026-04-02 22:43:44+0300: Controller: play b M11
2026-04-02 22:43:44+0300: = 
2026-04-02 22:43:44+0300: Controller: play w K14
2026-04-02 22:43:44+0300: = 
2026-04-02 22:43:44+0300: Controller: play b N16
2026-04-02 22:43:44+0300: = 
2026-04-02 22:43:44+0300: Controller: play w S10
2026-04-02 22:43:44+0300: = 
2026-04-02 22:43:44+0300: Controller: play b R7
2026-04-02 22:43:44+0300: = 
2026-04-02 22:43:44+0300: Controller: play w O5
2026-04-02 22:43:44+0300: = 
2026-04-02 22:43:44+0300: Controller: play b N6
2026-04-02 22:43:44+0300: = 
2026-04-02 22:43:44+0300: Controller: play w M3
2026-04-02 22:43:44+0300: = 
2026-04-02 22:43:44+0300: Controller: play b L4
2026-04-02 22:43:44+0300: = 
2026-04-02 22:43:44+0300: Controller: play w N5
2026-04-02 22:43:44+0300: = 
2026-04-02 22:43:47+0300: Controller: clear_board
2026-04-02 22:43:47+0300: = 
2026-04-02 22:43:47+0300: Controller: play b Q16
2026-04-02 22:43:47+0300: = 
2026-04-02 22:43:47+0300: Controller: play w O14
2026-04-02 22:43:47+0300: = 
2026-04-02 22:43:47+0300: Controller: play b Q12
2026-04-02 22:43:47+0300: = 
2026-04-02 22:43:47+0300: Controller: play w O10
2026-04-02 22:43:47+0300: = 
2026-04-02 22:43:47+0300: Controller: play b J12
2026-04-02 22:43:47+0300: = 
2026-04-02 22:43:48+0300: Controller: play w O7
2026-04-02 22:43:48+0300: = 
2026-04-02 22:43:48+0300: Controller: clear_board
2026-04-02 22:43:48+0300: = 
2026-04-02 22:43:48+0300: Controller: play b Q16
2026-04-02 22:43:48+0300: = 
2026-04-02 22:43:48+0300: Controller: play w O14
2026-04-02 22:43:48+0300: = 
2026-04-02 22:43:48+0300: Controller: play b Q12
2026-04-02 22:43:48+0300: = 
2026-04-02 22:43:48+0300: Controller: play w O10
2026-04-02 22:43:48+0300: = 
2026-04-02 22:43:48+0300: Controller: play b J12
2026-04-02 22:43:48+0300: = 
2026-04-02 22:43:48+0300: Controller: play w O7
2026-04-02 22:43:48+0300: = 
2026-04-02 22:43:49+0300: Controller: play b N3
2026-04-02 22:43:49+0300: = 
2026-04-02 22:43:49+0300: Controller: clear_board
2026-04-02 22:43:49+0300: = 
2026-04-02 22:43:49+0300: Controller: play b Q16
2026-04-02 22:43:49+0300: = 
2026-04-02 22:43:49+0300: Controller: play w O14
2026-04-02 22:43:49+0300: = 
2026-04-02 22:43:49+0300: Controller: play b Q12
2026-04-02 22:43:49+0300: = 
2026-04-02 22:43:49+0300: Controller: play w O10
2026-04-02 22:43:49+0300: = 
2026-04-02 22:43:49+0300: Controller: play b J12
2026-04-02 22:43:49+0300: = 
2026-04-02 22:43:49+0300: Controller: play w O7
2026-04-02 22:43:49+0300: = 
2026-04-02 22:43:49+0300: Controller: play b N3
2026-04-02 22:43:49+0300: = 
2026-04-02 22:43:49+0300: Controller: play w H6
2026-04-02 22:43:49+0300: = 
2026-04-02 22:43:49+0300: Controller: clear_board
2026-04-02 22:43:49+0300: = 
2026-04-02 22:43:49+0300: Controller: play b Q16
2026-04-02 22:43:49+0300: = 
2026-04-02 22:43:49+0300: Controller: play w O14
2026-04-02 22:43:49+0300: = 
2026-04-02 22:43:49+0300: Controller: play b Q12
2026-04-02 22:43:49+0300: = 
2026-04-02 22:43:49+0300: Controller: play w O10
2026-04-02 22:43:49+0300: = 
2026-04-02 22:43:49+0300: Controller: play b J12
2026-04-02 22:43:49+0300: = 
2026-04-02 22:43:49+0300: Controller: play w O7
2026-04-02 22:43:49+0300: = 
2026-04-02 22:43:49+0300: Controller: play b N3
2026-04-02 22:43:49+0300: = 
2026-04-02 22:43:49+0300: Controller: play w H6
2026-04-02 22:43:49+0300: = 
2026-04-02 22:43:49+0300: Controller: play b K8
2026-04-02 22:43:49+0300: = 
2026-04-02 22:43:49+0300: Controller: clear_board
2026-04-02 22:43:49+0300: = 
2026-04-02 22:43:49+0300: Controller: play b Q16
2026-04-02 22:43:49+0300: = 
2026-04-02 22:43:49+0300: Controller: play w O14
2026-04-02 22:43:49+0300: = 
2026-04-02 22:43:49+0300: Controller: play b Q12
2026-04-02 22:43:49+0300: = 
2026-04-02 22:43:49+0300: Controller: play w O10
2026-04-02 22:43:49+0300: = 
2026-04-02 22:43:49+0300: Controller: play b J12
2026-04-02 22:43:49+0300: = 
2026-04-02 22:43:49+0300: Controller: play w O7
2026-04-02 22:43:49+0300: = 
2026-04-02 22:43:49+0300: Controller: play b N3
2026-04-02 22:43:49+0300: = 
2026-04-02 22:43:49+0300: Controller: play w H6
2026-04-02 22:43:49+0300: = 
2026-04-02 22:43:49+0300: Controller: play b K8
2026-04-02 22:43:49+0300: = 
2026-04-02 22:43:49+0300: Controller: play w H9
2026-04-02 22:43:49+0300: = 
2026-04-02 22:43:49+0300: Controller: clear_board
2026-04-02 22:43:49+0300: = 
2026-04-02 22:43:49+0300: Controller: play b Q16
2026-04-02 22:43:49+0300: = 
2026-04-02 22:43:49+0300: Controller: play w O14
2026-04-02 22:43:49+0300: = 
2026-04-02 22:43:49+0300: Controller: play b Q12
2026-04-02 22:43:49+0300: = 
2026-04-02 22:43:49+0300: Controller: play w O10
2026-04-02 22:43:49+0300: = 
2026-04-02 22:43:49+0300: Controller: play b J12
2026-04-02 22:43:49+0300: = 
2026-04-02 22:43:49+0300: Controller: play w O7
2026-04-02 22:43:49+0300: = 
2026-04-02 22:43:49+0300: Controller: play b N3
2026-04-02 22:43:49+0300: = 
2026-04-02 22:43:49+0300: Controller: play w H6
2026-04-02 22:43:49+0300: = 
2026-04-02 22:43:49+0300: Controller: play b K8
2026-04-02 22:43:49+0300: = 
2026-04-02 22:43:49+0300: Controller: play w H9
2026-04-02 22:43:49+0300: = 
2026-04-02 22:43:49+0300: Controller: play b K9
2026-04-02 22:43:49+0300: = 
2026-04-02 22:43:49+0300: Controller: clear_board
2026-04-02 22:43:49+0300: = 
2026-04-02 22:43:49+0300: Controller: play b Q16
2026-04-02 22:43:49+0300: = 
2026-04-02 22:43:49+0300: Controller: play w O14
2026-04-02 22:43:49+0300: = 
2026-04-02 22:43:49+0300: Controller: play b Q12
2026-04-02 22:43:49+0300: = 
2026-04-02 22:43:49+0300: Controller: play w O10
2026-04-02 22:43:49+0300: = 
2026-04-02 22:43:49+0300: Controller: play b J12
2026-04-02 22:43:49+0300: = 
2026-04-02 22:43:49+0300: Controller: play w O7
2026-04-02 22:43:49+0300: = 
2026-04-02 22:43:49+0300: Controller: play b N3
2026-04-02 22:43:49+0300: = 
2026-04-02 22:43:49+0300: Controller: play w H6
2026-04-02 22:43:49+0300: = 
2026-04-02 22:43:49+0300: Controller: play b K8
2026-04-02 22:43:49+0300: = 
2026-04-02 22:43:49+0300: Controller: play w H9
2026-04-02 22:43:49+0300: = 
2026-04-02 22:43:49+0300: Controller: play b K9
2026-04-02 22:43:49+0300: = 
2026-04-02 22:43:49+0300: Controller: play w M8
2026-04-02 22:43:49+0300: = 
2026-04-02 22:43:49+0300: Controller: clear_board
2026-04-02 22:43:49+0300: = 
2026-04-02 22:43:49+0300: Controller: play b Q16
2026-04-02 22:43:49+0300: = 
2026-04-02 22:43:49+0300: Controller: play w O14
2026-04-02 22:43:49+0300: = 
2026-04-02 22:43:49+0300: Controller: play b Q12
2026-04-02 22:43:49+0300: = 
2026-04-02 22:43:49+0300: Controller: play w O10
2026-04-02 22:43:49+0300: = 
2026-04-02 22:43:49+0300: Controller: play b J12
2026-04-02 22:43:49+0300: = 
2026-04-02 22:43:49+0300: Controller: play w O7
2026-04-02 22:43:49+0300: = 
2026-04-02 22:43:49+0300: Controller: play b N3
2026-04-02 22:43:49+0300: = 
2026-04-02 22:43:49+0300: Controller: play w H6
2026-04-02 22:43:49+0300: = 
2026-04-02 22:43:49+0300: Controller: play b K8
2026-04-02 22:43:49+0300: = 
2026-04-02 22:43:49+0300: Controller: play w H9
2026-04-02 22:43:49+0300: = 
2026-04-02 22:43:49+0300: Controller: play b K9
2026-04-02 22:43:49+0300: = 
2026-04-02 22:43:49+0300: Controller: play w M8
2026-04-02 22:43:49+0300: = 
2026-04-02 22:43:50+0300: Controller: play b L11
2026-04-02 22:43:50+0300: = 
2026-04-02 22:43:50+0300: Controller: clear_board
2026-04-02 22:43:50+0300: = 
2026-04-02 22:43:50+0300: Controller: play b Q16
2026-04-02 22:43:50+0300: = 
2026-04-02 22:43:50+0300: Controller: play w O14
2026-04-02 22:43:50+0300: = 
2026-04-02 22:43:50+0300: Controller: play b Q12
2026-04-02 22:43:50+0300: = 
2026-04-02 22:43:50+0300: Controller: play w O10
2026-04-02 22:43:50+0300: = 
2026-04-02 22:43:50+0300: Controller: play b J12
2026-04-02 22:43:50+0300: = 
2026-04-02 22:43:50+0300: Controller: play w O7
2026-04-02 22:43:50+0300: = 
2026-04-02 22:43:50+0300: Controller: play b N3
2026-04-02 22:43:50+0300: = 
2026-04-02 22:43:50+0300: Controller: play w H6
2026-04-02 22:43:50+0300: = 
2026-04-02 22:43:50+0300: Controller: play b K8
2026-04-02 22:43:50+0300: = 
2026-04-02 22:43:50+0300: Controller: play w H9
2026-04-02 22:43:50+0300: = 
2026-04-02 22:43:50+0300: Controller: play b K9
2026-04-02 22:43:50+0300: = 
2026-04-02 22:43:50+0300: Controller: play w M8
2026-04-02 22:43:50+0300: = 
2026-04-02 22:43:50+0300: Controller: play b L11
2026-04-02 22:43:50+0300: = 
2026-04-02 22:43:50+0300: Controller: play w N13
2026-04-02 22:43:50+0300: = 
2026-04-02 22:43:50+0300: Controller: clear_board
2026-04-02 22:43:50+0300: = 
2026-04-02 22:43:50+0300: Controller: play b Q16
2026-04-02 22:43:50+0300: = 
2026-04-02 22:43:50+0300: Controller: play w O14
2026-04-02 22:43:50+0300: = 
2026-04-02 22:43:50+0300: Controller: play b Q12
2026-04-02 22:43:50+0300: = 
2026-04-02 22:43:50+0300: Controller: play w O10
2026-04-02 22:43:50+0300: = 
2026-04-02 22:43:50+0300: Controller: play b J12
2026-04-02 22:43:50+0300: = 
2026-04-02 22:43:50+0300: Controller: play w O7
2026-04-02 22:43:50+0300: = 
2026-04-02 22:43:50+0300: Controller: play b N3
2026-04-02 22:43:50+0300: = 
2026-04-02 22:43:50+0300: Controller: play w H6
2026-04-02 22:43:50+0300: = 
2026-04-02 22:43:50+0300: Controller: play b K8
2026-04-02 22:43:50+0300: = 
2026-04-02 22:43:50+0300: Controller: play w H9
2026-04-02 22:43:50+0300: = 
2026-04-02 22:43:50+0300: Controller: play b K9
2026-04-02 22:43:50+0300: = 
2026-04-02 22:43:50+0300: Controller: play w M8
2026-04-02 22:43:50+0300: = 
2026-04-02 22:43:50+0300: Controller: play b L11
2026-04-02 22:43:50+0300: = 
2026-04-02 22:43:50+0300: Controller: play w N13
2026-04-02 22:43:50+0300: = 
2026-04-02 22:43:50+0300: Controller: play b M14
2026-04-02 22:43:50+0300: = 
2026-04-02 22:43:50+0300: Controller: clear_board
2026-04-02 22:43:50+0300: = 
2026-04-02 22:43:50+0300: Controller: play b Q16
2026-04-02 22:43:50+0300: = 
2026-04-02 22:43:50+0300: Controller: play w O14
2026-04-02 22:43:50+0300: = 
2026-04-02 22:43:50+0300: Controller: play b Q12
2026-04-02 22:43:50+0300: = 
2026-04-02 22:43:50+0300: Controller: play w O10
2026-04-02 22:43:50+0300: = 
2026-04-02 22:43:50+0300: Controller: play b J12
2026-04-02 22:43:50+0300: = 
2026-04-02 22:43:50+0300: Controller: play w O7
2026-04-02 22:43:50+0300: = 
2026-04-02 22:43:50+0300: Controller: play b N3
2026-04-02 22:43:50+0300: = 
2026-04-02 22:43:50+0300: Controller: play w H6
2026-04-02 22:43:50+0300: = 
2026-04-02 22:43:50+0300: Controller: play b K8
2026-04-02 22:43:50+0300: = 
2026-04-02 22:43:50+0300: Controller: play w H9
2026-04-02 22:43:50+0300: = 
2026-04-02 22:43:50+0300: Controller: play b K9
2026-04-02 22:43:50+0300: = 
2026-04-02 22:43:50+0300: Controller: play w M8
2026-04-02 22:43:50+0300: = 
2026-04-02 22:43:50+0300: Controller: play b L11
2026-04-02 22:43:50+0300: = 
2026-04-02 22:43:50+0300: Controller: play w N13
2026-04-02 22:43:50+0300: = 
2026-04-02 22:43:50+0300: Controller: play b M14
2026-04-02 22:43:50+0300: = 
2026-04-02 22:43:50+0300: Controller: play w N14
2026-04-02 22:43:50+0300: = 
2026-04-02 22:43:50+0300: Controller: clear_board
2026-04-02 22:43:50+0300: = 
2026-04-02 22:43:50+0300: Controller: play b Q16
2026-04-02 22:43:50+0300: = 
2026-04-02 22:43:50+0300: Controller: play w O14
2026-04-02 22:43:50+0300: = 
2026-04-02 22:43:50+0300: Controller: play b Q12
2026-04-02 22:43:50+0300: = 
2026-04-02 22:43:50+0300: Controller: play w O10
2026-04-02 22:43:50+0300: = 
2026-04-02 22:43:50+0300: Controller: play b J12
2026-04-02 22:43:50+0300: = 
2026-04-02 22:43:50+0300: Controller: play w O7
2026-04-02 22:43:50+0300: = 
2026-04-02 22:43:50+0300: Controller: play b N3
2026-04-02 22:43:50+0300: = 
2026-04-02 22:43:50+0300: Controller: play w H6
2026-04-02 22:43:50+0300: = 
2026-04-02 22:43:50+0300: Controller: play b K8
2026-04-02 22:43:50+0300: = 
2026-04-02 22:43:50+0300: Controller: play w H9
2026-04-02 22:43:50+0300: = 
2026-04-02 22:43:50+0300: Controller: play b K9
2026-04-02 22:43:50+0300: = 
2026-04-02 22:43:50+0300: Controller: play w M8
2026-04-02 22:43:50+0300: = 
2026-04-02 22:43:50+0300: Controller: play b L11
2026-04-02 22:43:50+0300: = 
2026-04-02 22:43:50+0300: Controller: play w N13
2026-04-02 22:43:50+0300: = 
2026-04-02 22:43:50+0300: Controller: play b M14
2026-04-02 22:43:50+0300: = 
2026-04-02 22:43:50+0300: Controller: play w N14
2026-04-02 22:43:50+0300: = 
2026-04-02 22:43:50+0300: Controller: play b M15
2026-04-02 22:43:50+0300: = 
2026-04-02 22:43:50+0300: Controller: clear_board
2026-04-02 22:43:50+0300: = 
2026-04-02 22:43:50+0300: Controller: play b Q16
2026-04-02 22:43:50+0300: = 
2026-04-02 22:43:50+0300: Controller: play w O14
2026-04-02 22:43:50+0300: = 
2026-04-02 22:43:50+0300: Controller: play b Q12
2026-04-02 22:43:50+0300: = 
2026-04-02 22:43:50+0300: Controller: play w O10
2026-04-02 22:43:50+0300: = 
2026-04-02 22:43:50+0300: Controller: play b J12
2026-04-02 22:43:50+0300: = 
2026-04-02 22:43:50+0300: Controller: play w O7
2026-04-02 22:43:50+0300: = 
2026-04-02 22:43:50+0300: Controller: play b N3
2026-04-02 22:43:50+0300: = 
2026-04-02 22:43:50+0300: Controller: play w H6
2026-04-02 22:43:50+0300: = 
2026-04-02 22:43:50+0300: Controller: play b K8
2026-04-02 22:43:50+0300: = 
2026-04-02 22:43:50+0300: Controller: play w H9
2026-04-02 22:43:50+0300: = 
2026-04-02 22:43:50+0300: Controller: play b K9
2026-04-02 22:43:50+0300: = 
2026-04-02 22:43:50+0300: Controller: play w M8
2026-04-02 22:43:50+0300: = 
2026-04-02 22:43:50+0300: Controller: play b L11
2026-04-02 22:43:50+0300: = 
2026-04-02 22:43:50+0300: Controller: play w N13
2026-04-02 22:43:50+0300: = 
2026-04-02 22:43:50+0300: Controller: play b M14
2026-04-02 22:43:50+0300: = 
2026-04-02 22:43:50+0300: Controller: play w N14
2026-04-02 22:43:50+0300: = 
2026-04-02 22:43:50+0300: Controller: play b M15
2026-04-02 22:43:50+0300: = 
2026-04-02 22:43:50+0300: Controller: play w N15
2026-04-02 22:43:50+0300: = 
2026-04-02 22:43:50+0300: Controller: clear_board
2026-04-02 22:43:50+0300: = 
2026-04-02 22:43:50+0300: Controller: play b Q16
2026-04-02 22:43:50+0300: = 
2026-04-02 22:43:50+0300: Controller: play w O14
2026-04-02 22:43:50+0300: = 
2026-04-02 22:43:50+0300: Controller: play b Q12
2026-04-02 22:43:50+0300: = 
2026-04-02 22:43:50+0300: Controller: play w O10
2026-04-02 22:43:50+0300: = 
2026-04-02 22:43:50+0300: Controller: play b J12
2026-04-02 22:43:50+0300: = 
2026-04-02 22:43:50+0300: Controller: play w O7
2026-04-02 22:43:50+0300: = 
2026-04-02 22:43:50+0300: Controller: play b N3
2026-04-02 22:43:50+0300: = 
2026-04-02 22:43:50+0300: Controller: play w H6
2026-04-02 22:43:50+0300: = 
2026-04-02 22:43:50+0300: Controller: play b K8
2026-04-02 22:43:50+0300: = 
2026-04-02 22:43:50+0300: Controller: play w H9
2026-04-02 22:43:50+0300: = 
2026-04-02 22:43:50+0300: Controller: play b K9
2026-04-02 22:43:50+0300: = 
2026-04-02 22:43:50+0300: Controller: play w M8
2026-04-02 22:43:50+0300: = 
2026-04-02 22:43:50+0300: Controller: play b L11
2026-04-02 22:43:50+0300: = 
2026-04-02 22:43:50+0300: Controller: play w N13
2026-04-02 22:43:50+0300: = 
2026-04-02 22:43:50+0300: Controller: play b M14
2026-04-02 22:43:50+0300: = 
2026-04-02 22:43:50+0300: Controller: play w N14
2026-04-02 22:43:50+0300: = 
2026-04-02 22:43:50+0300: Controller: play b M15
2026-04-02 22:43:50+0300: = 
2026-04-02 22:43:50+0300: Controller: play w N15
2026-04-02 22:43:50+0300: = 
2026-04-02 22:43:52+0300: Controller: clear_board
2026-04-02 22:43:52+0300: = 
2026-04-02 22:43:52+0300: Controller: play b Q16
2026-04-02 22:43:52+0300: = 
2026-04-02 22:43:52+0300: Controller: play w O14
2026-04-02 22:43:52+0300: = 
2026-04-02 22:43:52+0300: Controller: play b Q12
2026-04-02 22:43:52+0300: = 
2026-04-02 22:43:52+0300: Controller: play w O10
2026-04-02 22:43:52+0300: = 
2026-04-02 22:43:52+0300: Controller: play b J12
2026-04-02 22:43:52+0300: = 
2026-04-02 22:43:52+0300: Controller: play w J13
2026-04-02 22:43:52+0300: = 
2026-04-02 22:43:52+0300: Controller: play b H15
2026-04-02 22:43:52+0300: = 
2026-04-02 22:43:52+0300: Controller: play w E12
2026-04-02 22:43:52+0300: = 
2026-04-02 22:43:54+0300: Controller: clear_board
2026-04-02 22:43:54+0300: = 
2026-04-02 22:43:54+0300: Controller: play b Q16
2026-04-02 22:43:54+0300: = 
2026-04-02 22:43:54+0300: Controller: play w O14
2026-04-02 22:43:54+0300: = 
2026-04-02 22:43:54+0300: Controller: play b Q12
2026-04-02 22:43:54+0300: = 
2026-04-02 22:43:54+0300: Controller: play w O10
2026-04-02 22:43:54+0300: = 
2026-04-02 22:43:54+0300: Controller: play b J12
2026-04-02 22:43:54+0300: = 
2026-04-02 22:43:54+0300: Controller: play w J13
2026-04-02 22:43:54+0300: = 
2026-04-02 22:43:54+0300: Controller: play b H15
2026-04-02 22:43:54+0300: = 
2026-04-02 22:43:54+0300: Controller: play w E12
2026-04-02 22:43:54+0300: = 
2026-04-02 22:43:54+0300: Controller: play b M7
2026-04-02 22:43:54+0300: = 
2026-04-02 22:43:54+0300: Controller: clear_board
2026-04-02 22:43:54+0300: = 
2026-04-02 22:43:54+0300: Controller: play b Q16
2026-04-02 22:43:54+0300: = 
2026-04-02 22:43:54+0300: Controller: play w O14
2026-04-02 22:43:54+0300: = 
2026-04-02 22:43:54+0300: Controller: play b Q12
2026-04-02 22:43:54+0300: = 
2026-04-02 22:43:54+0300: Controller: play w O10
2026-04-02 22:43:54+0300: = 
2026-04-02 22:43:54+0300: Controller: play b J12
2026-04-02 22:43:54+0300: = 
2026-04-02 22:43:54+0300: Controller: play w J13
2026-04-02 22:43:54+0300: = 
2026-04-02 22:43:54+0300: Controller: play b H15
2026-04-02 22:43:54+0300: = 
2026-04-02 22:43:54+0300: Controller: play w E12
2026-04-02 22:43:54+0300: = 
2026-04-02 22:43:54+0300: Controller: play b M7
2026-04-02 22:43:54+0300: = 
2026-04-02 22:43:54+0300: Controller: play w J6
2026-04-02 22:43:54+0300: = 
2026-04-02 22:43:54+0300: Controller: clear_board
2026-04-02 22:43:54+0300: = 
2026-04-02 22:43:54+0300: Controller: play b Q16
2026-04-02 22:43:54+0300: = 
2026-04-02 22:43:54+0300: Controller: play w O14
2026-04-02 22:43:54+0300: = 
2026-04-02 22:43:54+0300: Controller: play b Q12
2026-04-02 22:43:54+0300: = 
2026-04-02 22:43:54+0300: Controller: play w O10
2026-04-02 22:43:54+0300: = 
2026-04-02 22:43:54+0300: Controller: play b J12
2026-04-02 22:43:54+0300: = 
2026-04-02 22:43:54+0300: Controller: play w J13
2026-04-02 22:43:54+0300: = 
2026-04-02 22:43:54+0300: Controller: play b H15
2026-04-02 22:43:54+0300: = 
2026-04-02 22:43:54+0300: Controller: play w E12
2026-04-02 22:43:54+0300: = 
2026-04-02 22:43:54+0300: Controller: play b M7
2026-04-02 22:43:54+0300: = 
2026-04-02 22:43:54+0300: Controller: play w J6
2026-04-02 22:43:54+0300: = 
2026-04-02 22:43:54+0300: Controller: play b G8
2026-04-02 22:43:54+0300: = 
2026-04-02 22:43:55+0300: Controller: clear_board
2026-04-02 22:43:55+0300: = 
2026-04-02 22:43:55+0300: Controller: play b Q16
2026-04-02 22:43:55+0300: = 
2026-04-02 22:43:55+0300: Controller: play w O14
2026-04-02 22:43:55+0300: = 
2026-04-02 22:43:55+0300: Controller: play b Q12
2026-04-02 22:43:55+0300: = 
2026-04-02 22:43:55+0300: Controller: play w O10
2026-04-02 22:43:55+0300: = 
2026-04-02 22:43:55+0300: Controller: play b J12
2026-04-02 22:43:55+0300: = 
2026-04-02 22:43:55+0300: Controller: play w J13
2026-04-02 22:43:55+0300: = 
2026-04-02 22:43:55+0300: Controller: play b H15
2026-04-02 22:43:55+0300: = 
2026-04-02 22:43:55+0300: Controller: play w E12
2026-04-02 22:43:55+0300: = 
2026-04-02 22:43:55+0300: Controller: play b M7
2026-04-02 22:43:55+0300: = 
2026-04-02 22:43:55+0300: Controller: play w J6
2026-04-02 22:43:55+0300: = 
2026-04-02 22:43:55+0300: Controller: play b G8
2026-04-02 22:43:55+0300: = 
2026-04-02 22:43:55+0300: Controller: play w L10
2026-04-02 22:43:55+0300: = 
2026-04-02 22:43:55+0300: Controller: clear_board
2026-04-02 22:43:55+0300: = 
2026-04-02 22:43:55+0300: Controller: play b Q16
2026-04-02 22:43:55+0300: = 
2026-04-02 22:43:55+0300: Controller: play w O14
2026-04-02 22:43:55+0300: = 
2026-04-02 22:43:55+0300: Controller: play b Q12
2026-04-02 22:43:55+0300: = 
2026-04-02 22:43:55+0300: Controller: play w O10
2026-04-02 22:43:55+0300: = 
2026-04-02 22:43:55+0300: Controller: play b J12
2026-04-02 22:43:55+0300: = 
2026-04-02 22:43:55+0300: Controller: play w J13
2026-04-02 22:43:55+0300: = 
2026-04-02 22:43:55+0300: Controller: play b H15
2026-04-02 22:43:55+0300: = 
2026-04-02 22:43:55+0300: Controller: play w E12
2026-04-02 22:43:55+0300: = 
2026-04-02 22:43:55+0300: Controller: play b M7
2026-04-02 22:43:55+0300: = 
2026-04-02 22:43:55+0300: Controller: play w J6
2026-04-02 22:43:55+0300: = 
2026-04-02 22:43:55+0300: Controller: play b G8
2026-04-02 22:43:55+0300: = 
2026-04-02 22:43:55+0300: Controller: play w L10
2026-04-02 22:43:55+0300: = 
2026-04-02 22:43:55+0300: Controller: play b G12
2026-04-02 22:43:55+0300: = 
2026-04-02 22:43:55+0300: Controller: play w J5
2026-04-02 22:43:55+0300: = 
2026-04-02 22:43:56+0300: Controller: clear_board
2026-04-02 22:43:56+0300: = 
2026-04-02 22:43:56+0300: Controller: play b Q16
2026-04-02 22:43:56+0300: = 
2026-04-02 22:43:56+0300: Controller: play w O14
2026-04-02 22:43:56+0300: = 
2026-04-02 22:43:56+0300: Controller: play b Q12
2026-04-02 22:43:56+0300: = 
2026-04-02 22:43:56+0300: Controller: play w O10
2026-04-02 22:43:56+0300: = 
2026-04-02 22:43:56+0300: Controller: play b J12
2026-04-02 22:43:56+0300: = 
2026-04-02 22:43:56+0300: Controller: play w N4
2026-04-02 22:43:56+0300: = 
2026-04-02 22:43:56+0300: Controller: play b K5
2026-04-02 22:43:56+0300: = 
2026-04-02 22:43:56+0300: Controller: play w K7
2026-04-02 22:43:56+0300: = 
2026-04-02 22:43:56+0300: Controller: play b M11
2026-04-02 22:43:56+0300: = 
2026-04-02 22:43:56+0300: Controller: play w K14
2026-04-02 22:43:56+0300: = 
2026-04-02 22:43:56+0300: Controller: play b N16
2026-04-02 22:43:56+0300: = 
2026-04-02 22:43:56+0300: Controller: play w S10
2026-04-02 22:43:56+0300: = 
2026-04-02 22:43:56+0300: Controller: play b R7
2026-04-02 22:43:56+0300: = 
2026-04-02 22:43:57+0300: Controller: clear_board
2026-04-02 22:43:57+0300: = 
2026-04-02 22:43:57+0300: Controller: play b Q16
2026-04-02 22:43:57+0300: = 
2026-04-02 22:43:57+0300: Controller: play w O14
2026-04-02 22:43:57+0300: = 
2026-04-02 22:43:57+0300: Controller: play b Q12
2026-04-02 22:43:57+0300: = 
2026-04-02 22:43:57+0300: Controller: play w O10
2026-04-02 22:43:57+0300: = 
2026-04-02 22:43:57+0300: Controller: play b J12
2026-04-02 22:43:57+0300: = 
2026-04-02 22:43:57+0300: Controller: play w N4
2026-04-02 22:43:57+0300: = 
2026-04-02 22:43:57+0300: Controller: play b K5
2026-04-02 22:43:57+0300: = 
2026-04-02 22:43:57+0300: Controller: play w K7
2026-04-02 22:43:57+0300: = 
2026-04-02 22:43:57+0300: Controller: play b M11
2026-04-02 22:43:57+0300: = 
2026-04-02 22:43:57+0300: Controller: play w K14
2026-04-02 22:43:57+0300: = 
2026-04-02 22:43:57+0300: Controller: play b N16
2026-04-02 22:43:57+0300: = 
2026-04-02 22:43:58+0300: Controller: clear_board
2026-04-02 22:43:58+0300: = 
2026-04-02 22:43:58+0300: Controller: play b Q16
2026-04-02 22:43:58+0300: = 
2026-04-02 22:43:58+0300: Controller: play w O14
2026-04-02 22:43:58+0300: = 
2026-04-02 22:43:58+0300: Controller: play b Q12
2026-04-02 22:43:58+0300: = 
2026-04-02 22:43:58+0300: Controller: play w O10
2026-04-02 22:43:58+0300: = 
2026-04-02 22:43:58+0300: Controller: play b J12
2026-04-02 22:43:58+0300: = 
2026-04-02 22:43:58+0300: Controller: play w N4
2026-04-02 22:43:58+0300: = 
2026-04-02 22:43:58+0300: Controller: play b K5
2026-04-02 22:43:58+0300: = 
2026-04-02 22:43:58+0300: Controller: play w K7
2026-04-02 22:43:58+0300: = 
2026-04-02 22:43:58+0300: Controller: play b M11
2026-04-02 22:43:58+0300: = 
2026-04-02 22:43:58+0300: Controller: clear_board
2026-04-02 22:43:58+0300: = 
2026-04-02 22:43:58+0300: Controller: play b Q16
2026-04-02 22:43:58+0300: = 
2026-04-02 22:43:58+0300: Controller: play w O14
2026-04-02 22:43:58+0300: = 
2026-04-02 22:43:58+0300: Controller: play b Q12
2026-04-02 22:43:58+0300: = 
2026-04-02 22:43:58+0300: Controller: play w O10
2026-04-02 22:43:58+0300: = 
2026-04-02 22:43:58+0300: Controller: play b J12
2026-04-02 22:43:58+0300: = 
2026-04-02 22:43:58+0300: Controller: play w N4
2026-04-02 22:43:58+0300: = 
2026-04-02 22:43:58+0300: Controller: play b K5
2026-04-02 22:43:58+0300: = 
2026-04-02 22:43:59+0300: Controller: clear_board
2026-04-02 22:43:59+0300: = 
2026-04-02 22:43:59+0300: Controller: play b Q16
2026-04-02 22:43:59+0300: = 
2026-04-02 22:43:59+0300: Controller: play w O14
2026-04-02 22:43:59+0300: = 
2026-04-02 22:43:59+0300: Controller: play b Q12
2026-04-02 22:43:59+0300: = 
2026-04-02 22:43:59+0300: Controller: play w O10
2026-04-02 22:43:59+0300: = 
2026-04-02 22:43:59+0300: Controller: play b J12
2026-04-02 22:43:59+0300: = 
2026-04-02 22:43:59+0300: Controller: play w N4
2026-04-02 22:43:59+0300: = 
2026-04-02 22:43:59+0300: Controller: play b K5
2026-04-02 22:43:59+0300: = 
2026-04-02 22:43:59+0300: Controller: play w K7
2026-04-02 22:43:59+0300: = 
2026-04-02 22:44:00+0300: Controller: clear_board
2026-04-02 22:44:00+0300: = 
2026-04-02 22:44:00+0300: Controller: play b Q16
2026-04-02 22:44:00+0300: = 
2026-04-02 22:44:00+0300: Controller: play w O14
2026-04-02 22:44:00+0300: = 
2026-04-02 22:44:00+0300: Controller: play b Q12
2026-04-02 22:44:00+0300: = 
2026-04-02 22:44:00+0300: Controller: play w O10
2026-04-02 22:44:00+0300: = 
2026-04-02 22:44:00+0300: Controller: play b J12
2026-04-02 22:44:00+0300: = 
2026-04-02 22:44:00+0300: Controller: play w N4
2026-04-02 22:44:00+0300: = 
2026-04-02 22:44:00+0300: Controller: play b K5
2026-04-02 22:44:00+0300: = 
2026-04-02 22:44:00+0300: Controller: play w K7
2026-04-02 22:44:00+0300: = 
2026-04-02 22:44:00+0300: Controller: play b M11
2026-04-02 22:44:00+0300: = 
2026-04-02 22:44:00+0300: Controller: clear_board
2026-04-02 22:44:00+0300: = 
2026-04-02 22:44:00+0300: Controller: play b Q16
2026-04-02 22:44:00+0300: = 
2026-04-02 22:44:00+0300: Controller: play w O14
2026-04-02 22:44:00+0300: = 
2026-04-02 22:44:00+0300: Controller: play b Q12
2026-04-02 22:44:00+0300: = 
2026-04-02 22:44:00+0300: Controller: play w O10
2026-04-02 22:44:00+0300: = 
2026-04-02 22:44:00+0300: Controller: play b J12
2026-04-02 22:44:00+0300: = 
2026-04-02 22:44:00+0300: Controller: play w N4
2026-04-02 22:44:00+0300: = 
2026-04-02 22:44:00+0300: Controller: play b K5
2026-04-02 22:44:00+0300: = 
2026-04-02 22:44:00+0300: Controller: play w K7
2026-04-02 22:44:00+0300: = 
2026-04-02 22:44:00+0300: Controller: play b M11
2026-04-02 22:44:00+0300: = 
2026-04-02 22:44:00+0300: Controller: play w K14
2026-04-02 22:44:00+0300: = 
2026-04-02 22:44:01+0300: Controller: clear_board
2026-04-02 22:44:01+0300: = 
2026-04-02 22:44:01+0300: Controller: play b Q16
2026-04-02 22:44:01+0300: = 
2026-04-02 22:44:01+0300: Controller: play w O14
2026-04-02 22:44:01+0300: = 
2026-04-02 22:44:01+0300: Controller: play b Q12
2026-04-02 22:44:01+0300: = 
2026-04-02 22:44:01+0300: Controller: play w O10
2026-04-02 22:44:01+0300: = 
2026-04-02 22:44:01+0300: Controller: play b J12
2026-04-02 22:44:01+0300: = 
2026-04-02 22:44:01+0300: Controller: play w N4
2026-04-02 22:44:01+0300: = 
2026-04-02 22:44:01+0300: Controller: play b K5
2026-04-02 22:44:01+0300: = 
2026-04-02 22:44:01+0300: Controller: play w K7
2026-04-02 22:44:01+0300: = 
2026-04-02 22:44:01+0300: Controller: play b M11
2026-04-02 22:44:01+0300: = 
2026-04-02 22:44:01+0300: Controller: play w K14
2026-04-02 22:44:01+0300: = 
2026-04-02 22:44:01+0300: Controller: play b N16
2026-04-02 22:44:01+0300: = 
2026-04-02 22:44:08+0300: Controller: clear_board
2026-04-02 22:44:08+0300: = 
2026-04-02 22:44:08+0300: Controller: play b Q16
2026-04-02 22:44:08+0300: = 
2026-04-02 22:44:08+0300: Controller: play w O14
2026-04-02 22:44:08+0300: = 
2026-04-02 22:44:08+0300: Controller: play b Q12
2026-04-02 22:44:08+0300: = 
2026-04-02 22:44:08+0300: Controller: play w O10
2026-04-02 22:44:08+0300: = 
2026-04-02 22:44:08+0300: Controller: play b J12
2026-04-02 22:44:08+0300: = 
2026-04-02 22:44:08+0300: Controller: play w N4
2026-04-02 22:44:08+0300: = 
2026-04-02 22:44:08+0300: Controller: play b K5
2026-04-02 22:44:08+0300: = 
2026-04-02 22:44:08+0300: Controller: play w K7
2026-04-02 22:44:08+0300: = 
2026-04-02 22:44:08+0300: Controller: play b M11
2026-04-02 22:44:08+0300: = 
2026-04-02 22:44:19+0300: Controller: play w P7
2026-04-02 22:44:19+0300: = 
2026-04-02 22:44:19+0300: Controller: clear_board
2026-04-02 22:44:19+0300: = 
2026-04-02 22:44:19+0300: Controller: play b Q16
2026-04-02 22:44:19+0300: = 
2026-04-02 22:44:19+0300: Controller: play w O14
2026-04-02 22:44:19+0300: = 
2026-04-02 22:44:19+0300: Controller: play b Q12
2026-04-02 22:44:19+0300: = 
2026-04-02 22:44:19+0300: Controller: play w O10
2026-04-02 22:44:19+0300: = 
2026-04-02 22:44:19+0300: Controller: play b J12
2026-04-02 22:44:19+0300: = 
2026-04-02 22:44:19+0300: Controller: play w N4
2026-04-02 22:44:19+0300: = 
2026-04-02 22:44:19+0300: Controller: play b K5
2026-04-02 22:44:19+0300: = 
2026-04-02 22:44:19+0300: Controller: play w K7
2026-04-02 22:44:19+0300: = 
2026-04-02 22:44:19+0300: Controller: play b M11
2026-04-02 22:44:19+0300: = 
2026-04-02 22:44:19+0300: Controller: play w P7
2026-04-02 22:44:19+0300: = 
2026-04-02 22:44:19+0300: Controller: play b P8
2026-04-02 22:44:19+0300: = 
2026-04-02 22:44:19+0300: Controller: clear_board
2026-04-02 22:44:19+0300: = 
2026-04-02 22:44:19+0300: Controller: play b Q16
2026-04-02 22:44:19+0300: = 
2026-04-02 22:44:19+0300: Controller: play w O14
2026-04-02 22:44:19+0300: = 
2026-04-02 22:44:19+0300: Controller: play b Q12
2026-04-02 22:44:19+0300: = 
2026-04-02 22:44:19+0300: Controller: play w O10
2026-04-02 22:44:19+0300: = 
2026-04-02 22:44:19+0300: Controller: play b J12
2026-04-02 22:44:19+0300: = 
2026-04-02 22:44:19+0300: Controller: play w N4
2026-04-02 22:44:19+0300: = 
2026-04-02 22:44:19+0300: Controller: play b K5
2026-04-02 22:44:19+0300: = 
2026-04-02 22:44:19+0300: Controller: play w K7
2026-04-02 22:44:19+0300: = 
2026-04-02 22:44:19+0300: Controller: play b M11
2026-04-02 22:44:19+0300: = 
2026-04-02 22:44:19+0300: Controller: play w P7
2026-04-02 22:44:19+0300: = 
2026-04-02 22:44:19+0300: Controller: play b P8
2026-04-02 22:44:19+0300: = 
2026-04-02 22:44:19+0300: Controller: play w P9
2026-04-02 22:44:19+0300: = 
2026-04-02 22:44:19+0300: Controller: clear_board
2026-04-02 22:44:19+0300: = 
2026-04-02 22:44:19+0300: Controller: play b Q16
2026-04-02 22:44:19+0300: = 
2026-04-02 22:44:19+0300: Controller: play w O14
2026-04-02 22:44:19+0300: = 
2026-04-02 22:44:19+0300: Controller: play b Q12
2026-04-02 22:44:19+0300: = 
2026-04-02 22:44:19+0300: Controller: play w O10
2026-04-02 22:44:19+0300: = 
2026-04-02 22:44:19+0300: Controller: play b J12
2026-04-02 22:44:19+0300: = 
2026-04-02 22:44:19+0300: Controller: play w N4
2026-04-02 22:44:19+0300: = 
2026-04-02 22:44:19+0300: Controller: play b K5
2026-04-02 22:44:19+0300: = 
2026-04-02 22:44:19+0300: Controller: play w K7
2026-04-02 22:44:19+0300: = 
2026-04-02 22:44:19+0300: Controller: play b M11
2026-04-02 22:44:19+0300: = 
2026-04-02 22:44:19+0300: Controller: play w P7
2026-04-02 22:44:19+0300: = 
2026-04-02 22:44:19+0300: Controller: play b P8
2026-04-02 22:44:19+0300: = 
2026-04-02 22:44:19+0300: Controller: play w P9
2026-04-02 22:44:19+0300: = 
2026-04-02 22:44:20+0300: Controller: play b M9
2026-04-02 22:44:20+0300: = 
2026-04-02 22:44:20+0300: Controller: clear_board
2026-04-02 22:44:20+0300: = 
2026-04-02 22:44:20+0300: Controller: play b Q16
2026-04-02 22:44:20+0300: = 
2026-04-02 22:44:20+0300: Controller: play w O14
2026-04-02 22:44:20+0300: = 
2026-04-02 22:44:20+0300: Controller: play b Q12
2026-04-02 22:44:20+0300: = 
2026-04-02 22:44:20+0300: Controller: play w O10
2026-04-02 22:44:20+0300: = 
2026-04-02 22:44:20+0300: Controller: play b J12
2026-04-02 22:44:20+0300: = 
2026-04-02 22:44:20+0300: Controller: play w N4
2026-04-02 22:44:20+0300: = 
2026-04-02 22:44:20+0300: Controller: play b K5
2026-04-02 22:44:20+0300: = 
2026-04-02 22:44:20+0300: Controller: play w K7
2026-04-02 22:44:20+0300: = 
2026-04-02 22:44:20+0300: Controller: play b M11
2026-04-02 22:44:20+0300: = 
2026-04-02 22:44:20+0300: Controller: play w P7
2026-04-02 22:44:20+0300: = 
2026-04-02 22:44:20+0300: Controller: play b P8
2026-04-02 22:44:20+0300: = 
2026-04-02 22:44:20+0300: Controller: play w P9
2026-04-02 22:44:20+0300: = 
2026-04-02 22:44:20+0300: Controller: play b M9
2026-04-02 22:44:20+0300: = 
2026-04-02 22:44:20+0300: Controller: play w M8
2026-04-02 22:44:20+0300: = 
2026-04-02 22:44:20+0300: Controller: clear_board
2026-04-02 22:44:20+0300: = 
2026-04-02 22:44:20+0300: Controller: play b Q16
2026-04-02 22:44:20+0300: = 
2026-04-02 22:44:20+0300: Controller: play w O14
2026-04-02 22:44:20+0300: = 
2026-04-02 22:44:20+0300: Controller: play b Q12
2026-04-02 22:44:20+0300: = 
2026-04-02 22:44:20+0300: Controller: play w O10
2026-04-02 22:44:20+0300: = 
2026-04-02 22:44:20+0300: Controller: play b J12
2026-04-02 22:44:20+0300: = 
2026-04-02 22:44:20+0300: Controller: play w N4
2026-04-02 22:44:20+0300: = 
2026-04-02 22:44:20+0300: Controller: play b K5
2026-04-02 22:44:20+0300: = 
2026-04-02 22:44:20+0300: Controller: play w K7
2026-04-02 22:44:20+0300: = 
2026-04-02 22:44:20+0300: Controller: play b M11
2026-04-02 22:44:20+0300: = 
2026-04-02 22:44:20+0300: Controller: play w P7
2026-04-02 22:44:20+0300: = 
2026-04-02 22:44:20+0300: Controller: play b P8
2026-04-02 22:44:20+0300: = 
2026-04-02 22:44:20+0300: Controller: play w P9
2026-04-02 22:44:20+0300: = 
2026-04-02 22:44:20+0300: Controller: play b M9
2026-04-02 22:44:20+0300: = 
2026-04-02 22:44:20+0300: Controller: play w M8
2026-04-02 22:44:20+0300: = 
2026-04-02 22:44:20+0300: Controller: play b N7
2026-04-02 22:44:20+0300: = 
2026-04-02 22:44:20+0300: Controller: clear_board
2026-04-02 22:44:20+0300: = 
2026-04-02 22:44:20+0300: Controller: play b Q16
2026-04-02 22:44:20+0300: = 
2026-04-02 22:44:20+0300: Controller: play w O14
2026-04-02 22:44:20+0300: = 
2026-04-02 22:44:20+0300: Controller: play b Q12
2026-04-02 22:44:20+0300: = 
2026-04-02 22:44:20+0300: Controller: play w O10
2026-04-02 22:44:20+0300: = 
2026-04-02 22:44:20+0300: Controller: play b J12
2026-04-02 22:44:20+0300: = 
2026-04-02 22:44:20+0300: Controller: play w N4
2026-04-02 22:44:20+0300: = 
2026-04-02 22:44:20+0300: Controller: play b K5
2026-04-02 22:44:20+0300: = 
2026-04-02 22:44:20+0300: Controller: play w K7
2026-04-02 22:44:20+0300: = 
2026-04-02 22:44:20+0300: Controller: play b M11
2026-04-02 22:44:20+0300: = 
2026-04-02 22:44:20+0300: Controller: play w P7
2026-04-02 22:44:20+0300: = 
2026-04-02 22:44:20+0300: Controller: play b P8
2026-04-02 22:44:20+0300: = 
2026-04-02 22:44:20+0300: Controller: play w P9
2026-04-02 22:44:20+0300: = 
2026-04-02 22:44:20+0300: Controller: play b M9
2026-04-02 22:44:20+0300: = 
2026-04-02 22:44:20+0300: Controller: play w M8
2026-04-02 22:44:20+0300: = 
2026-04-02 22:44:20+0300: Controller: play b N7
2026-04-02 22:44:20+0300: = 
2026-04-02 22:44:20+0300: Controller: play w O7
2026-04-02 22:44:20+0300: = 
2026-04-02 22:44:20+0300: Controller: clear_board
2026-04-02 22:44:20+0300: = 
2026-04-02 22:44:20+0300: Controller: play b Q16
2026-04-02 22:44:20+0300: = 
2026-04-02 22:44:20+0300: Controller: play w O14
2026-04-02 22:44:20+0300: = 
2026-04-02 22:44:20+0300: Controller: play b Q12
2026-04-02 22:44:20+0300: = 
2026-04-02 22:44:20+0300: Controller: play w O10
2026-04-02 22:44:20+0300: = 
2026-04-02 22:44:20+0300: Controller: play b J12
2026-04-02 22:44:20+0300: = 
2026-04-02 22:44:20+0300: Controller: play w N4
2026-04-02 22:44:20+0300: = 
2026-04-02 22:44:20+0300: Controller: play b K5
2026-04-02 22:44:20+0300: = 
2026-04-02 22:44:20+0300: Controller: play w K7
2026-04-02 22:44:20+0300: = 
2026-04-02 22:44:20+0300: Controller: play b M11
2026-04-02 22:44:20+0300: = 
2026-04-02 22:44:20+0300: Controller: play w P7
2026-04-02 22:44:20+0300: = 
2026-04-02 22:44:20+0300: Controller: play b P8
2026-04-02 22:44:20+0300: = 
2026-04-02 22:44:20+0300: Controller: play w P9
2026-04-02 22:44:20+0300: = 
2026-04-02 22:44:20+0300: Controller: play b M9
2026-04-02 22:44:20+0300: = 
2026-04-02 22:44:20+0300: Controller: play w M8
2026-04-02 22:44:20+0300: = 
2026-04-02 22:44:20+0300: Controller: play b N7
2026-04-02 22:44:20+0300: = 
2026-04-02 22:44:20+0300: Controller: play w O7
2026-04-02 22:44:20+0300: = 
2026-04-02 22:44:20+0300: Controller: play b Q7
2026-04-02 22:44:20+0300: = 
2026-04-02 22:44:20+0300: Controller: clear_board
2026-04-02 22:44:20+0300: = 
2026-04-02 22:44:20+0300: Controller: play b Q16
2026-04-02 22:44:20+0300: = 
2026-04-02 22:44:20+0300: Controller: play w O14
2026-04-02 22:44:20+0300: = 
2026-04-02 22:44:20+0300: Controller: play b Q12
2026-04-02 22:44:20+0300: = 
2026-04-02 22:44:20+0300: Controller: play w O10
2026-04-02 22:44:20+0300: = 
2026-04-02 22:44:20+0300: Controller: play b J12
2026-04-02 22:44:20+0300: = 
2026-04-02 22:44:20+0300: Controller: play w N4
2026-04-02 22:44:20+0300: = 
2026-04-02 22:44:20+0300: Controller: play b K5
2026-04-02 22:44:20+0300: = 
2026-04-02 22:44:20+0300: Controller: play w K7
2026-04-02 22:44:20+0300: = 
2026-04-02 22:44:20+0300: Controller: play b M11
2026-04-02 22:44:20+0300: = 
2026-04-02 22:44:20+0300: Controller: play w P7
2026-04-02 22:44:20+0300: = 
2026-04-02 22:44:20+0300: Controller: play b P8
2026-04-02 22:44:20+0300: = 
2026-04-02 22:44:20+0300: Controller: play w P9
2026-04-02 22:44:20+0300: = 
2026-04-02 22:44:20+0300: Controller: play b M9
2026-04-02 22:44:20+0300: = 
2026-04-02 22:44:20+0300: Controller: play w M8
2026-04-02 22:44:20+0300: = 
2026-04-02 22:44:20+0300: Controller: play b N7
2026-04-02 22:44:20+0300: = 
2026-04-02 22:44:20+0300: Controller: play w O7
2026-04-02 22:44:20+0300: = 
2026-04-02 22:44:20+0300: Controller: play b Q7
2026-04-02 22:44:20+0300: = 
2026-04-02 22:44:23+0300: Controller: clear_board
2026-04-02 22:44:23+0300: = 
2026-04-02 22:44:23+0300: Controller: play b Q16
2026-04-02 22:44:23+0300: = 
2026-04-02 22:44:23+0300: Controller: play w O14
2026-04-02 22:44:23+0300: = 
2026-04-02 22:44:23+0300: Controller: play b Q12
2026-04-02 22:44:23+0300: = 
2026-04-02 22:44:23+0300: Controller: play w O10
2026-04-02 22:44:23+0300: = 
2026-04-02 22:44:23+0300: Controller: play b J12
2026-04-02 22:44:23+0300: = 
2026-04-02 22:44:23+0300: Controller: play w N4
2026-04-02 22:44:23+0300: = 
2026-04-02 22:44:23+0300: Controller: play b K5
2026-04-02 22:44:23+0300: = 
2026-04-02 22:44:23+0300: Controller: play w K7
2026-04-02 22:44:23+0300: = 
2026-04-02 22:44:23+0300: Controller: play b M11
2026-04-02 22:44:23+0300: = 
2026-04-02 22:44:23+0300: Controller: play w P7
2026-04-02 22:44:23+0300: = 
2026-04-02 22:44:23+0300: Controller: play b P8
2026-04-02 22:44:23+0300: = 
2026-04-02 22:44:23+0300: Controller: play w S5
2026-04-02 22:44:23+0300: = 
2026-04-02 22:44:23+0300: Controller: clear_board
2026-04-02 22:44:23+0300: = 
2026-04-02 22:44:23+0300: Controller: play b Q16
2026-04-02 22:44:23+0300: = 
2026-04-02 22:44:23+0300: Controller: play w O14
2026-04-02 22:44:23+0300: = 
2026-04-02 22:44:23+0300: Controller: play b Q12
2026-04-02 22:44:23+0300: = 
2026-04-02 22:44:23+0300: Controller: play w O10
2026-04-02 22:44:23+0300: = 
2026-04-02 22:44:23+0300: Controller: play b J12
2026-04-02 22:44:23+0300: = 
2026-04-02 22:44:23+0300: Controller: play w N4
2026-04-02 22:44:23+0300: = 
2026-04-02 22:44:23+0300: Controller: play b K5
2026-04-02 22:44:23+0300: = 
2026-04-02 22:44:23+0300: Controller: play w K7
2026-04-02 22:44:23+0300: = 
2026-04-02 22:44:23+0300: Controller: play b M11
2026-04-02 22:44:23+0300: = 
2026-04-02 22:44:23+0300: Controller: play w P7
2026-04-02 22:44:23+0300: = 
2026-04-02 22:44:23+0300: Controller: play b P8
2026-04-02 22:44:23+0300: = 
2026-04-02 22:44:23+0300: Controller: play w S5
2026-04-02 22:44:23+0300: = 
2026-04-02 22:44:23+0300: Controller: play b Q5
2026-04-02 22:44:23+0300: = 
2026-04-02 22:44:23+0300: Controller: clear_board
2026-04-02 22:44:23+0300: = 
2026-04-02 22:44:23+0300: Controller: play b Q16
2026-04-02 22:44:23+0300: = 
2026-04-02 22:44:23+0300: Controller: play w O14
2026-04-02 22:44:23+0300: = 
2026-04-02 22:44:23+0300: Controller: play b Q12
2026-04-02 22:44:23+0300: = 
2026-04-02 22:44:23+0300: Controller: play w O10
2026-04-02 22:44:23+0300: = 
2026-04-02 22:44:23+0300: Controller: play b J12
2026-04-02 22:44:23+0300: = 
2026-04-02 22:44:23+0300: Controller: play w N4
2026-04-02 22:44:23+0300: = 
2026-04-02 22:44:23+0300: Controller: play b K5
2026-04-02 22:44:23+0300: = 
2026-04-02 22:44:23+0300: Controller: play w K7
2026-04-02 22:44:23+0300: = 
2026-04-02 22:44:23+0300: Controller: play b M11
2026-04-02 22:44:23+0300: = 
2026-04-02 22:44:23+0300: Controller: play w P7
2026-04-02 22:44:23+0300: = 
2026-04-02 22:44:23+0300: Controller: play b P8
2026-04-02 22:44:23+0300: = 
2026-04-02 22:44:23+0300: Controller: play w S5
2026-04-02 22:44:23+0300: = 
2026-04-02 22:44:23+0300: Controller: play b Q5
2026-04-02 22:44:23+0300: = 
2026-04-02 22:44:24+0300: Controller: play w O6
2026-04-02 22:44:24+0300: = 
2026-04-02 22:44:24+0300: Controller: clear_board
2026-04-02 22:44:24+0300: = 
2026-04-02 22:44:24+0300: Controller: play b Q16
2026-04-02 22:44:24+0300: = 
2026-04-02 22:44:24+0300: Controller: play w O14
2026-04-02 22:44:24+0300: = 
2026-04-02 22:44:24+0300: Controller: play b Q12
2026-04-02 22:44:24+0300: = 
2026-04-02 22:44:24+0300: Controller: play w O10
2026-04-02 22:44:24+0300: = 
2026-04-02 22:44:24+0300: Controller: play b J12
2026-04-02 22:44:24+0300: = 
2026-04-02 22:44:24+0300: Controller: play w N4
2026-04-02 22:44:24+0300: = 
2026-04-02 22:44:24+0300: Controller: play b K5
2026-04-02 22:44:24+0300: = 
2026-04-02 22:44:24+0300: Controller: play w K7
2026-04-02 22:44:24+0300: = 
2026-04-02 22:44:24+0300: Controller: play b M11
2026-04-02 22:44:24+0300: = 
2026-04-02 22:44:24+0300: Controller: play w P7
2026-04-02 22:44:24+0300: = 
2026-04-02 22:44:24+0300: Controller: play b P8
2026-04-02 22:44:24+0300: = 
2026-04-02 22:44:24+0300: Controller: play w S5
2026-04-02 22:44:24+0300: = 
2026-04-02 22:44:24+0300: Controller: play b Q5
2026-04-02 22:44:24+0300: = 
2026-04-02 22:44:24+0300: Controller: play w O6
2026-04-02 22:44:24+0300: = 
2026-04-02 22:44:39+0300: Controller: clear_board
2026-04-02 22:44:39+0300: = 
2026-04-02 22:44:39+0300: Controller: play b Q16
2026-04-02 22:44:39+0300: = 
2026-04-02 22:44:41+0300: Controller: clear_board
2026-04-02 22:44:41+0300: = 
2026-04-02 23:03:28+0300: Controller: play b P16
2026-04-02 23:03:28+0300: = 
2026-04-02 23:03:28+0300: Controller: clear_board
2026-04-02 23:03:28+0300: = 
2026-04-02 23:03:28+0300: Controller: play b P16
2026-04-02 23:03:28+0300: = 
2026-04-02 23:03:29+0300: Controller: play w N15
2026-04-02 23:03:29+0300: = 
2026-04-02 23:03:29+0300: Controller: clear_board
2026-04-02 23:03:29+0300: = 
2026-04-02 23:03:29+0300: Controller: play b P16
2026-04-02 23:03:29+0300: = 
2026-04-02 23:03:29+0300: Controller: play w N15
2026-04-02 23:03:29+0300: = 
2026-04-02 23:03:29+0300: Controller: play b M16
2026-04-02 23:03:29+0300: = 
2026-04-02 23:03:29+0300: Controller: clear_board
2026-04-02 23:03:29+0300: = 
2026-04-02 23:03:29+0300: Controller: play b P16
2026-04-02 23:03:29+0300: = 
2026-04-02 23:03:29+0300: Controller: play w N15
2026-04-02 23:03:29+0300: = 
2026-04-02 23:03:29+0300: Controller: play b M16
2026-04-02 23:03:29+0300: = 
2026-04-02 23:03:30+0300: Controller: play w L15
2026-04-02 23:03:30+0300: = 
2026-04-02 23:03:30+0300: Controller: clear_board
2026-04-02 23:03:30+0300: = 
2026-04-02 23:03:30+0300: Controller: play b P16
2026-04-02 23:03:30+0300: = 
2026-04-02 23:03:30+0300: Controller: play w N15
2026-04-02 23:03:30+0300: = 
2026-04-02 23:03:30+0300: Controller: play b M16
2026-04-02 23:03:30+0300: = 
2026-04-02 23:03:30+0300: Controller: play w L15
2026-04-02 23:03:30+0300: = 
2026-04-02 23:03:30+0300: Controller: play b L13
2026-04-02 23:03:30+0300: = 
2026-04-02 23:03:30+0300: Controller: clear_board
2026-04-02 23:03:30+0300: = 
2026-04-02 23:03:30+0300: Controller: play b P16
2026-04-02 23:03:30+0300: = 
2026-04-02 23:03:30+0300: Controller: play w N15
2026-04-02 23:03:30+0300: = 
2026-04-02 23:03:30+0300: Controller: play b M16
2026-04-02 23:03:30+0300: = 
2026-04-02 23:03:30+0300: Controller: play w L15
2026-04-02 23:03:30+0300: = 
2026-04-02 23:03:30+0300: Controller: play b L13
2026-04-02 23:03:30+0300: = 
2026-04-02 23:03:49+0300: Controller: clear_board
2026-04-02 23:03:49+0300: = 
2026-04-02 23:03:49+0300: Controller: play b P16
2026-04-02 23:03:49+0300: = 
2026-04-02 23:03:49+0300: Controller: play w N15
2026-04-02 23:03:49+0300: = 
2026-04-02 23:03:49+0300: Controller: play b M16
2026-04-02 23:03:49+0300: = 
2026-04-02 23:03:49+0300: Controller: play w L15
2026-04-02 23:03:49+0300: = 
2026-04-02 23:03:50+0300: Controller: clear_board
2026-04-02 23:03:50+0300: = 
2026-04-02 23:03:50+0300: Controller: play b P16
2026-04-02 23:03:50+0300: = 
2026-04-02 23:03:50+0300: Controller: play w N15
2026-04-02 23:03:50+0300: = 
2026-04-02 23:03:50+0300: Controller: play b M16
2026-04-02 23:03:50+0300: = 
